
****** Vitis HLS - High-Level Synthesis from C, C++ and OpenCL v2023.1 (64-bit)
  **** SW Build 3854077 on May  4 2023
  **** IP Build 3864474 on Sun May  7 20:36:21 MDT 2023
  **** SharedData Build 3865790 on Sun May 07 13:33:03 MDT 2023
    ** Copyright 1986-2022 Xilinx, Inc. All Rights Reserved.
    ** Copyright 2022-2023 Advanced Micro Devices, Inc. All Rights Reserved.

source /home/denis/UBUNTU_TEST/Xilinx/Vitis_HLS/2023.1/scripts/vitis_hls/hls.tcl -notrace
INFO: [HLS 200-10] Running '/home/denis/UBUNTU_TEST/Xilinx/Vitis_HLS/2023.1/bin/unwrapped/lnx64.o/vitis_hls'
INFO: [HLS 200-10] For user 'denis' on host 'denis-pc' (Linux_x86_64 version 5.19.0-45-generic) on Thu Jun 22 09:37:27 EDT 2023
INFO: [HLS 200-10] On os Ubuntu 22.04.1 LTS
INFO: [HLS 200-10] In directory '/oshome/denis/jlab_datascience_tracking/model_NN/node_network'
Sourcing Tcl script 'build_prj.tcl'
INFO: [HLS 200-1510] Running: open_project myproject_prj 
INFO: [HLS 200-10] Creating and opening project '/oshome/denis/jlab_datascience_tracking/model_NN/node_network/myproject_prj'.
INFO: [HLS 200-1510] Running: set_top myproject 
INFO: [HLS 200-1510] Running: add_files firmware/myproject.cpp -cflags -std=c++0x 
INFO: [HLS 200-10] Adding design file 'firmware/myproject.cpp' to the project
INFO: [HLS 200-1510] Running: add_files -tb myproject_test.cpp -cflags -std=c++0x 
INFO: [HLS 200-10] Adding test bench file 'myproject_test.cpp' to the project
INFO: [HLS 200-1510] Running: add_files -tb firmware/weights 
INFO: [HLS 200-10] Adding test bench file 'firmware/weights' to the project
INFO: [HLS 200-1510] Running: add_files -tb tb_data 
INFO: [HLS 200-10] Adding test bench file 'tb_data' to the project
INFO: [HLS 200-1510] Running: open_solution solution1 
INFO: [HLS 200-10] Creating and opening solution '/oshome/denis/jlab_datascience_tracking/model_NN/node_network/myproject_prj/solution1'.
INFO: [HLS 200-1505] Using default flow_target 'vivado'
Resolution: For help on HLS 200-1505 see www.xilinx.com/cgi-bin/docs/rdoc?v=2023.1;t=hls+guidance;d=200-1505.html
INFO: [HLS 200-1510] Running: config_array_partition -maximum_size 4096 
INFO: [XFORM 203-101] Allowed max sub elements number after partition is 4096.
ERROR: [HLS 200-642] The 'config_array_partition -maximum_size' command is not supported.
INFO: [HLS 200-1510] Running: config_compile -name_max_length 80 
INFO: [XFORM 203-1161] The maximum of name length is set to 80.
INFO: [HLS 200-1510] Running: set_part xcu250-figd2104-2L-e 
INFO: [HLS 200-1611] Setting target device to 'xcu250-figd2104-2L-e'
INFO: [XFORM 203-1161] The maximum of name length is set to 80.
INFO: [HLS 200-1510] Running: config_schedule -enable_dsp_full_reg=false 
INFO: [HLS 200-1510] Running: create_clock -period 5 -name default 
INFO: [SYN 201-201] Setting up clock 'default' with a period of 5ns.
INFO: [HLS 200-1510] Running: set_clock_uncertainty 12.5% default 
INFO: [SYN 201-201] Setting up clock 'default' with an uncertainty of 0.625ns.
INFO: [HLS 200-112] Total CPU user time: 2.59 seconds. Total CPU system time: 0.44 seconds. Total elapsed time: 2.93 seconds; peak allocated memory: 1.064 GB.
INFO: [Common 17-206] Exiting vitis_hls at Thu Jun 22 09:37:30 2023...
