

================================================================
== Vitis HLS Report for 'dense_latency_ap_fixed_16_6_5_3_0_ap_fixed_16_6_5_3_0_config8_s'
================================================================
* Date:           Thu Jun 22 09:34:22 2023

* Version:        2023.1 (Build 3854077 on May  4 2023)
* Project:        myproject_prj
* Solution:       solution1 (Vivado IP Flow Target)
* Product family: virtexuplus
* Target device:  xcu250-figd2104-2L-e


================================================================
== Performance Estimates
================================================================
+ Timing: 
    * Summary: 
    +--------+---------+----------+------------+
    |  Clock |  Target | Estimated| Uncertainty|
    +--------+---------+----------+------------+
    |ap_clk  |  5.00 ns|  3.400 ns|     0.62 ns|
    +--------+---------+----------+------------+

+ Latency: 
    * Summary: 
    +---------+---------+----------+----------+-----+-----+---------+
    |  Latency (cycles) |  Latency (absolute) |  Interval | Pipeline|
    |   min   |   max   |    min   |    max   | min | max |   Type  |
    +---------+---------+----------+----------+-----+-----+---------+
    |        0|        0|      0 ns|      0 ns|    1|    1|      yes|
    +---------+---------+----------+----------+-----+-----+---------+

    + Detail: 
        * Instance: 
        N/A

        * Loop: 
        N/A



================================================================
== Utilization Estimates
================================================================
* Summary: 
+---------------------+---------+-------+---------+---------+------+
|         Name        | BRAM_18K|  DSP  |    FF   |   LUT   | URAM |
+---------------------+---------+-------+---------+---------+------+
|DSP                  |        -|      -|        -|        -|     -|
|Expression           |        -|      -|        0|      275|     -|
|FIFO                 |        -|      -|        -|        -|     -|
|Instance             |        -|     16|        0|       80|     -|
|Memory               |        -|      -|        -|        -|     -|
|Multiplexer          |        -|      -|        -|        -|     -|
|Register             |        -|      -|        -|        -|     -|
+---------------------+---------+-------+---------+---------+------+
|Total                |        0|     16|        0|      355|     0|
+---------------------+---------+-------+---------+---------+------+
|Available SLR        |     1344|   3072|   864000|   432000|   320|
+---------------------+---------+-------+---------+---------+------+
|Utilization SLR (%)  |        0|     ~0|        0|       ~0|     0|
+---------------------+---------+-------+---------+---------+------+
|Available            |     5376|  12288|  3456000|  1728000|  1280|
+---------------------+---------+-------+---------+---------+------+
|Utilization (%)      |        0|     ~0|        0|       ~0|     0|
+---------------------+---------+-------+---------+---------+------+

+ Detail: 
    * Instance: 
    +-------------------------+---------------------+---------+----+---+----+-----+
    |         Instance        |        Module       | BRAM_18K| DSP| FF| LUT| URAM|
    +-------------------------+---------------------+---------+----+---+----+-----+
    |mul_16s_10ns_26_1_1_U62  |mul_16s_10ns_26_1_1  |        0|   1|  0|   5|    0|
    |mul_16s_10s_26_1_1_U48   |mul_16s_10s_26_1_1   |        0|   1|  0|   5|    0|
    |mul_16s_10s_26_1_1_U53   |mul_16s_10s_26_1_1   |        0|   1|  0|   5|    0|
    |mul_16s_10s_26_1_1_U57   |mul_16s_10s_26_1_1   |        0|   1|  0|   5|    0|
    |mul_16s_11ns_26_1_1_U51  |mul_16s_11ns_26_1_1  |        0|   1|  0|   5|    0|
    |mul_16s_11ns_26_1_1_U52  |mul_16s_11ns_26_1_1  |        0|   1|  0|   5|    0|
    |mul_16s_11ns_26_1_1_U54  |mul_16s_11ns_26_1_1  |        0|   1|  0|   5|    0|
    |mul_16s_11ns_26_1_1_U55  |mul_16s_11ns_26_1_1  |        0|   1|  0|   5|    0|
    |mul_16s_11ns_26_1_1_U56  |mul_16s_11ns_26_1_1  |        0|   1|  0|   5|    0|
    |mul_16s_11ns_26_1_1_U61  |mul_16s_11ns_26_1_1  |        0|   1|  0|   5|    0|
    |mul_16s_11s_26_1_1_U47   |mul_16s_11s_26_1_1   |        0|   1|  0|   5|    0|
    |mul_16s_11s_26_1_1_U49   |mul_16s_11s_26_1_1   |        0|   1|  0|   5|    0|
    |mul_16s_11s_26_1_1_U50   |mul_16s_11s_26_1_1   |        0|   1|  0|   5|    0|
    |mul_16s_11s_26_1_1_U58   |mul_16s_11s_26_1_1   |        0|   1|  0|   5|    0|
    |mul_16s_11s_26_1_1_U59   |mul_16s_11s_26_1_1   |        0|   1|  0|   5|    0|
    |mul_16s_11s_26_1_1_U60   |mul_16s_11s_26_1_1   |        0|   1|  0|   5|    0|
    +-------------------------+---------------------+---------+----+---+----+-----+
    |Total                    |                     |        0|  16|  0|  80|    0|
    +-------------------------+---------------------+---------+----+---+----+-----+

    * DSP: 
    N/A

    * Memory: 
    N/A

    * FIFO: 
    N/A

    * Expression: 
    +------------------------+----------+----+---+----+------------+------------+
    |      Variable Name     | Operation| DSP| FF| LUT| Bitwidth P0| Bitwidth P1|
    +------------------------+----------+----+---+----+------------+------------+
    |add_ln58_10_fu_1529_p2  |         +|   0|  0|  16|          16|          16|
    |add_ln58_11_fu_1535_p2  |         +|   0|  0|  23|          16|           2|
    |add_ln58_12_fu_1541_p2  |         +|   0|  0|  16|          16|          16|
    |add_ln58_13_fu_1547_p2  |         +|   0|  0|  16|          16|           4|
    |add_ln58_14_fu_1553_p2  |         +|   0|  0|  16|          16|          16|
    |add_ln58_1_fu_1475_p2   |         +|   0|  0|  23|          16|           5|
    |add_ln58_2_fu_1481_p2   |         +|   0|  0|  16|          16|          16|
    |add_ln58_3_fu_1487_p2   |         +|   0|  0|  23|          16|          16|
    |add_ln58_4_fu_1493_p2   |         +|   0|  0|  16|          16|          16|
    |add_ln58_5_fu_1499_p2   |         +|   0|  0|  16|          16|           3|
    |add_ln58_6_fu_1505_p2   |         +|   0|  0|  16|          16|          16|
    |add_ln58_7_fu_1511_p2   |         +|   0|  0|  16|          16|          16|
    |add_ln58_8_fu_1517_p2   |         +|   0|  0|  23|          16|           5|
    |add_ln58_9_fu_1523_p2   |         +|   0|  0|  16|          16|          16|
    |add_ln58_fu_1469_p2     |         +|   0|  0|  23|          16|           1|
    +------------------------+----------+----+---+----+------------+------------+
    |Total                   |          |   0|  0| 275|         240|         164|
    +------------------------+----------+----+---+----+------------+------------+

    * Multiplexer: 
    N/A

    * Register: 
    N/A



================================================================
== Interface
================================================================
* Summary: 
+-------------+-----+-----+------------+----------------------------------------------------------------------------+--------------+
|  RTL Ports  | Dir | Bits|  Protocol  |                                Source Object                               |    C Type    |
+-------------+-----+-----+------------+----------------------------------------------------------------------------+--------------+
|ap_ready     |  out|    1|  ap_ctrl_hs|  dense_latency<ap_fixed<16, 6, 5, 3, 0>, ap_fixed<16, 6, 5, 3, 0>, config8>|  return value|
|ap_return_0  |  out|   16|  ap_ctrl_hs|  dense_latency<ap_fixed<16, 6, 5, 3, 0>, ap_fixed<16, 6, 5, 3, 0>, config8>|  return value|
|ap_return_1  |  out|   16|  ap_ctrl_hs|  dense_latency<ap_fixed<16, 6, 5, 3, 0>, ap_fixed<16, 6, 5, 3, 0>, config8>|  return value|
|ap_return_2  |  out|   16|  ap_ctrl_hs|  dense_latency<ap_fixed<16, 6, 5, 3, 0>, ap_fixed<16, 6, 5, 3, 0>, config8>|  return value|
|ap_return_3  |  out|   16|  ap_ctrl_hs|  dense_latency<ap_fixed<16, 6, 5, 3, 0>, ap_fixed<16, 6, 5, 3, 0>, config8>|  return value|
|ap_return_4  |  out|   16|  ap_ctrl_hs|  dense_latency<ap_fixed<16, 6, 5, 3, 0>, ap_fixed<16, 6, 5, 3, 0>, config8>|  return value|
|ap_return_5  |  out|   16|  ap_ctrl_hs|  dense_latency<ap_fixed<16, 6, 5, 3, 0>, ap_fixed<16, 6, 5, 3, 0>, config8>|  return value|
|ap_return_6  |  out|   16|  ap_ctrl_hs|  dense_latency<ap_fixed<16, 6, 5, 3, 0>, ap_fixed<16, 6, 5, 3, 0>, config8>|  return value|
|data_0_val   |   in|   16|     ap_none|                                                                  data_0_val|        scalar|
|data_1_val   |   in|   16|     ap_none|                                                                  data_1_val|        scalar|
|data_2_val   |   in|   16|     ap_none|                                                                  data_2_val|        scalar|
|data_3_val   |   in|   16|     ap_none|                                                                  data_3_val|        scalar|
|data_4_val   |   in|   16|     ap_none|                                                                  data_4_val|        scalar|
|data_5_val   |   in|   16|     ap_none|                                                                  data_5_val|        scalar|
+-------------+-----+-----+------------+----------------------------------------------------------------------------+--------------+

============================================================
+ Verbose Summary: Synthesis Manager
============================================================
InlineROM: 1
ExposeGlobal: 0
============================================================
+ Verbose Summary: CDFG Model
============================================================
IsTopModel: 0
ResetActiveHigh: 1
IsCombinational: 1
IsDatapathOnly: 2
HasWiredReturn: 1
HasMFsm: 2
HasVarLatency: 0
IsPipeline: 1
IsRtlPipelined: 0
IsInstanceOverlapped: 0
IsDontTouch: 0
HasImplIP: 0
IsGatedGlobalClock: 0

+ Individual pipeline summary: 
  * Pipeline-0: initiation interval (II) = 1, depth = 1


============================================================
+ Verbose Summary: Schedule
============================================================
* Number of FSM states : 1
* Pipeline : 1
  Pipeline-0 : II = 1, D = 1, States = { 1 }
* Dataflow Pipeline: 0

* FSM state transitions: 
1 --> 

* FSM state operations: 

State 1 <SV = 0> <Delay = 3.40>
ST_1 : Operation 2 [1/1] (0.00ns)   --->   "%specpipeline_ln33 = specpipeline void @_ssdm_op_SpecPipeline, i32 1, i32 0, i32 0, i32 0, void @empty_0" [firmware/nnet_utils/nnet_dense_latency.h:33]   --->   Operation 2 'specpipeline' 'specpipeline_ln33' <Predicate = true> <Delay = 0.00>
ST_1 : Operation 3 [1/1] (0.00ns)   --->   "%specresourcelimit_ln33 = specresourcelimit void @_ssdm_op_SpecResourceLimit, i64 16, void @empty_1, void @empty_0, void @empty_0, void @empty_0" [firmware/nnet_utils/nnet_dense_latency.h:33]   --->   Operation 3 'specresourcelimit' 'specresourcelimit_ln33' <Predicate = true> <Delay = 0.00>
ST_1 : Operation 4 [1/1] (0.00ns)   --->   "%data_5_val_read = read i16 @_ssdm_op_Read.ap_auto.i16, i16 %data_5_val" [firmware/nnet_utils/nnet_dense_latency.h:42]   --->   Operation 4 'read' 'data_5_val_read' <Predicate = true> <Delay = 0.00>
ST_1 : Operation 5 [1/1] (0.00ns)   --->   "%data_4_val_read = read i16 @_ssdm_op_Read.ap_auto.i16, i16 %data_4_val" [firmware/nnet_utils/nnet_dense_latency.h:42]   --->   Operation 5 'read' 'data_4_val_read' <Predicate = true> <Delay = 0.00>
ST_1 : Operation 6 [1/1] (0.00ns)   --->   "%data_3_val_read = read i16 @_ssdm_op_Read.ap_auto.i16, i16 %data_3_val" [firmware/nnet_utils/nnet_dense_latency.h:42]   --->   Operation 6 'read' 'data_3_val_read' <Predicate = true> <Delay = 0.00>
ST_1 : Operation 7 [1/1] (0.00ns)   --->   "%data_2_val_read = read i16 @_ssdm_op_Read.ap_auto.i16, i16 %data_2_val" [firmware/nnet_utils/nnet_dense_latency.h:42]   --->   Operation 7 'read' 'data_2_val_read' <Predicate = true> <Delay = 0.00>
ST_1 : Operation 8 [1/1] (0.00ns)   --->   "%data_1_val_read = read i16 @_ssdm_op_Read.ap_auto.i16, i16 %data_1_val" [firmware/nnet_utils/nnet_dense_latency.h:42]   --->   Operation 8 'read' 'data_1_val_read' <Predicate = true> <Delay = 0.00>
ST_1 : Operation 9 [1/1] (0.00ns)   --->   "%data_0_val_read = read i16 @_ssdm_op_Read.ap_auto.i16, i16 %data_0_val" [firmware/nnet_utils/nnet_dense_latency.h:42]   --->   Operation 9 'read' 'data_0_val_read' <Predicate = true> <Delay = 0.00>
ST_1 : Operation 10 [1/1] (0.00ns)   --->   "%sext_ln42 = sext i16 %data_0_val_read" [firmware/nnet_utils/nnet_dense_latency.h:42]   --->   Operation 10 'sext' 'sext_ln42' <Predicate = true> <Delay = 0.00>
ST_1 : Operation 11 [1/1] (1.94ns)   --->   "%mul_ln73 = mul i26 %sext_ln42, i26 67108427" [firmware/nnet_utils/nnet_mult.h:73->firmware/nnet_utils/nnet_dense_latency.h:42]   --->   Operation 11 'mul' 'mul_ln73' <Predicate = true> <Delay = 1.94> <CoreInst = "Multiplier">   --->   Core 3 'Multiplier' <Latency = 0> <II = 1> <Delay = 1.94> <FuncUnit> <Opcode : 'mul'> <InPorts = 2> <OutPorts = 1>
ST_1 : Operation 12 [1/1] (0.00ns)   --->   "%trunc_ln = partselect i16 @_ssdm_op_PartSelect.i16.i26.i32.i32, i26 %mul_ln73, i32 10, i32 25" [firmware/nnet_utils/nnet_dense_latency.h:42]   --->   Operation 12 'partselect' 'trunc_ln' <Predicate = true> <Delay = 0.00>
ST_1 : Operation 13 [1/1] (1.94ns)   --->   "%mul_ln42 = mul i26 %sext_ln42, i26 569" [firmware/nnet_utils/nnet_dense_latency.h:42]   --->   Operation 13 'mul' 'mul_ln42' <Predicate = true> <Delay = 1.94> <CoreInst = "Multiplier">   --->   Core 3 'Multiplier' <Latency = 0> <II = 1> <Delay = 1.94> <FuncUnit> <Opcode : 'mul'> <InPorts = 2> <OutPorts = 1>
ST_1 : Operation 14 [1/1] (0.00ns)   --->   "%trunc_ln42_1 = partselect i16 @_ssdm_op_PartSelect.i16.i26.i32.i32, i26 %mul_ln42, i32 10, i32 25" [firmware/nnet_utils/nnet_dense_latency.h:42]   --->   Operation 14 'partselect' 'trunc_ln42_1' <Predicate = true> <Delay = 0.00>
ST_1 : Operation 15 [1/1] (0.00ns)   --->   "%sext_ln70 = sext i16 %data_1_val_read" [firmware/nnet_utils/nnet_mult.h:70->firmware/nnet_utils/nnet_dense_latency.h:42]   --->   Operation 15 'sext' 'sext_ln70' <Predicate = true> <Delay = 0.00>
ST_1 : Operation 16 [1/1] (1.94ns)   --->   "%mul_ln73_1 = mul i26 %sext_ln70, i26 456" [firmware/nnet_utils/nnet_mult.h:73->firmware/nnet_utils/nnet_dense_latency.h:42]   --->   Operation 16 'mul' 'mul_ln73_1' <Predicate = true> <Delay = 1.94> <CoreInst = "Multiplier">   --->   Core 3 'Multiplier' <Latency = 0> <II = 1> <Delay = 1.94> <FuncUnit> <Opcode : 'mul'> <InPorts = 2> <OutPorts = 1>
ST_1 : Operation 17 [1/1] (0.00ns)   --->   "%trunc_ln42_2 = partselect i16 @_ssdm_op_PartSelect.i16.i26.i32.i32, i26 %mul_ln73_1, i32 10, i32 25" [firmware/nnet_utils/nnet_dense_latency.h:42]   --->   Operation 17 'partselect' 'trunc_ln42_2' <Predicate = true> <Delay = 0.00>
ST_1 : Operation 18 [1/1] (1.94ns)   --->   "%mul_ln42_1 = mul i26 %sext_ln70, i26 600" [firmware/nnet_utils/nnet_dense_latency.h:42]   --->   Operation 18 'mul' 'mul_ln42_1' <Predicate = true> <Delay = 1.94> <CoreInst = "Multiplier">   --->   Core 3 'Multiplier' <Latency = 0> <II = 1> <Delay = 1.94> <FuncUnit> <Opcode : 'mul'> <InPorts = 2> <OutPorts = 1>
ST_1 : Operation 19 [1/1] (0.00ns)   --->   "%trunc_ln42_3 = partselect i16 @_ssdm_op_PartSelect.i16.i26.i32.i32, i26 %mul_ln42_1, i32 10, i32 25" [firmware/nnet_utils/nnet_dense_latency.h:42]   --->   Operation 19 'partselect' 'trunc_ln42_3' <Predicate = true> <Delay = 0.00>
ST_1 : Operation 20 [1/1] (1.94ns)   --->   "%mul_ln42_2 = mul i26 %sext_ln70, i26 67108338" [firmware/nnet_utils/nnet_dense_latency.h:42]   --->   Operation 20 'mul' 'mul_ln42_2' <Predicate = true> <Delay = 1.94> <CoreInst = "Multiplier">   --->   Core 3 'Multiplier' <Latency = 0> <II = 1> <Delay = 1.94> <FuncUnit> <Opcode : 'mul'> <InPorts = 2> <OutPorts = 1>
ST_1 : Operation 21 [1/1] (0.00ns)   --->   "%trunc_ln42_4 = partselect i16 @_ssdm_op_PartSelect.i16.i26.i32.i32, i26 %mul_ln42_2, i32 10, i32 25" [firmware/nnet_utils/nnet_dense_latency.h:42]   --->   Operation 21 'partselect' 'trunc_ln42_4' <Predicate = true> <Delay = 0.00>
ST_1 : Operation 22 [1/1] (1.94ns)   --->   "%mul_ln42_3 = mul i26 %sext_ln70, i26 570" [firmware/nnet_utils/nnet_dense_latency.h:42]   --->   Operation 22 'mul' 'mul_ln42_3' <Predicate = true> <Delay = 1.94> <CoreInst = "Multiplier">   --->   Core 3 'Multiplier' <Latency = 0> <II = 1> <Delay = 1.94> <FuncUnit> <Opcode : 'mul'> <InPorts = 2> <OutPorts = 1>
ST_1 : Operation 23 [1/1] (0.00ns)   --->   "%trunc_ln42_5 = partselect i16 @_ssdm_op_PartSelect.i16.i26.i32.i32, i26 %mul_ln42_3, i32 10, i32 25" [firmware/nnet_utils/nnet_dense_latency.h:42]   --->   Operation 23 'partselect' 'trunc_ln42_5' <Predicate = true> <Delay = 0.00>
ST_1 : Operation 24 [1/1] (0.00ns)   --->   "%sext_ln42_1 = sext i16 %data_2_val_read" [firmware/nnet_utils/nnet_dense_latency.h:42]   --->   Operation 24 'sext' 'sext_ln42_1' <Predicate = true> <Delay = 0.00>
ST_1 : Operation 25 [1/1] (1.94ns)   --->   "%mul_ln73_2 = mul i26 %sext_ln42_1, i26 67108405" [firmware/nnet_utils/nnet_mult.h:73->firmware/nnet_utils/nnet_dense_latency.h:42]   --->   Operation 25 'mul' 'mul_ln73_2' <Predicate = true> <Delay = 1.94> <CoreInst = "Multiplier">   --->   Core 3 'Multiplier' <Latency = 0> <II = 1> <Delay = 1.94> <FuncUnit> <Opcode : 'mul'> <InPorts = 2> <OutPorts = 1>
ST_1 : Operation 26 [1/1] (0.00ns)   --->   "%trunc_ln42_6 = partselect i16 @_ssdm_op_PartSelect.i16.i26.i32.i32, i26 %mul_ln73_2, i32 10, i32 25" [firmware/nnet_utils/nnet_dense_latency.h:42]   --->   Operation 26 'partselect' 'trunc_ln42_6' <Predicate = true> <Delay = 0.00>
ST_1 : Operation 27 [1/1] (1.94ns)   --->   "%mul_ln42_4 = mul i26 %sext_ln42_1, i26 67108241" [firmware/nnet_utils/nnet_dense_latency.h:42]   --->   Operation 27 'mul' 'mul_ln42_4' <Predicate = true> <Delay = 1.94> <CoreInst = "Multiplier">   --->   Core 3 'Multiplier' <Latency = 0> <II = 1> <Delay = 1.94> <FuncUnit> <Opcode : 'mul'> <InPorts = 2> <OutPorts = 1>
ST_1 : Operation 28 [1/1] (0.00ns)   --->   "%trunc_ln42_7 = partselect i16 @_ssdm_op_PartSelect.i16.i26.i32.i32, i26 %mul_ln42_4, i32 10, i32 25" [firmware/nnet_utils/nnet_dense_latency.h:42]   --->   Operation 28 'partselect' 'trunc_ln42_7' <Predicate = true> <Delay = 0.00>
ST_1 : Operation 29 [1/1] (0.00ns)   --->   "%sext_ln73 = sext i16 %data_3_val_read" [firmware/nnet_utils/nnet_mult.h:73->firmware/nnet_utils/nnet_dense_latency.h:42]   --->   Operation 29 'sext' 'sext_ln73' <Predicate = true> <Delay = 0.00>
ST_1 : Operation 30 [1/1] (1.94ns)   --->   "%mul_ln42_5 = mul i26 %sext_ln73, i26 565" [firmware/nnet_utils/nnet_dense_latency.h:42]   --->   Operation 30 'mul' 'mul_ln42_5' <Predicate = true> <Delay = 1.94> <CoreInst = "Multiplier">   --->   Core 3 'Multiplier' <Latency = 0> <II = 1> <Delay = 1.94> <FuncUnit> <Opcode : 'mul'> <InPorts = 2> <OutPorts = 1>
ST_1 : Operation 31 [1/1] (0.00ns)   --->   "%trunc_ln42_8 = partselect i16 @_ssdm_op_PartSelect.i16.i26.i32.i32, i26 %mul_ln42_5, i32 10, i32 25" [firmware/nnet_utils/nnet_dense_latency.h:42]   --->   Operation 31 'partselect' 'trunc_ln42_8' <Predicate = true> <Delay = 0.00>
ST_1 : Operation 32 [1/1] (1.94ns)   --->   "%mul_ln42_6 = mul i26 %sext_ln73, i26 67108324" [firmware/nnet_utils/nnet_dense_latency.h:42]   --->   Operation 32 'mul' 'mul_ln42_6' <Predicate = true> <Delay = 1.94> <CoreInst = "Multiplier">   --->   Core 3 'Multiplier' <Latency = 0> <II = 1> <Delay = 1.94> <FuncUnit> <Opcode : 'mul'> <InPorts = 2> <OutPorts = 1>
ST_1 : Operation 33 [1/1] (0.00ns)   --->   "%trunc_ln42_9 = partselect i16 @_ssdm_op_PartSelect.i16.i26.i32.i32, i26 %mul_ln42_6, i32 10, i32 25" [firmware/nnet_utils/nnet_dense_latency.h:42]   --->   Operation 33 'partselect' 'trunc_ln42_9' <Predicate = true> <Delay = 0.00>
ST_1 : Operation 34 [1/1] (0.00ns)   --->   "%sext_ln70_1 = sext i16 %data_4_val_read" [firmware/nnet_utils/nnet_mult.h:70->firmware/nnet_utils/nnet_dense_latency.h:42]   --->   Operation 34 'sext' 'sext_ln70_1' <Predicate = true> <Delay = 0.00>
ST_1 : Operation 35 [1/1] (1.94ns)   --->   "%mul_ln73_3 = mul i26 %sext_ln70_1, i26 67108406" [firmware/nnet_utils/nnet_mult.h:73->firmware/nnet_utils/nnet_dense_latency.h:42]   --->   Operation 35 'mul' 'mul_ln73_3' <Predicate = true> <Delay = 1.94> <CoreInst = "Multiplier">   --->   Core 3 'Multiplier' <Latency = 0> <II = 1> <Delay = 1.94> <FuncUnit> <Opcode : 'mul'> <InPorts = 2> <OutPorts = 1>
ST_1 : Operation 36 [1/1] (0.00ns)   --->   "%trunc_ln42_s = partselect i16 @_ssdm_op_PartSelect.i16.i26.i32.i32, i26 %mul_ln73_3, i32 10, i32 25" [firmware/nnet_utils/nnet_dense_latency.h:42]   --->   Operation 36 'partselect' 'trunc_ln42_s' <Predicate = true> <Delay = 0.00>
ST_1 : Operation 37 [1/1] (1.94ns)   --->   "%mul_ln42_7 = mul i26 %sext_ln70_1, i26 610" [firmware/nnet_utils/nnet_dense_latency.h:42]   --->   Operation 37 'mul' 'mul_ln42_7' <Predicate = true> <Delay = 1.94> <CoreInst = "Multiplier">   --->   Core 3 'Multiplier' <Latency = 0> <II = 1> <Delay = 1.94> <FuncUnit> <Opcode : 'mul'> <InPorts = 2> <OutPorts = 1>
ST_1 : Operation 38 [1/1] (0.00ns)   --->   "%trunc_ln42_10 = partselect i16 @_ssdm_op_PartSelect.i16.i26.i32.i32, i26 %mul_ln42_7, i32 10, i32 25" [firmware/nnet_utils/nnet_dense_latency.h:42]   --->   Operation 38 'partselect' 'trunc_ln42_10' <Predicate = true> <Delay = 0.00>
ST_1 : Operation 39 [1/1] (1.94ns)   --->   "%mul_ln42_8 = mul i26 %sext_ln70_1, i26 67108331" [firmware/nnet_utils/nnet_dense_latency.h:42]   --->   Operation 39 'mul' 'mul_ln42_8' <Predicate = true> <Delay = 1.94> <CoreInst = "Multiplier">   --->   Core 3 'Multiplier' <Latency = 0> <II = 1> <Delay = 1.94> <FuncUnit> <Opcode : 'mul'> <InPorts = 2> <OutPorts = 1>
ST_1 : Operation 40 [1/1] (0.00ns)   --->   "%trunc_ln42_11 = partselect i16 @_ssdm_op_PartSelect.i16.i26.i32.i32, i26 %mul_ln42_8, i32 10, i32 25" [firmware/nnet_utils/nnet_dense_latency.h:42]   --->   Operation 40 'partselect' 'trunc_ln42_11' <Predicate = true> <Delay = 0.00>
ST_1 : Operation 41 [1/1] (1.94ns)   --->   "%mul_ln42_9 = mul i26 %sext_ln70_1, i26 67108268" [firmware/nnet_utils/nnet_dense_latency.h:42]   --->   Operation 41 'mul' 'mul_ln42_9' <Predicate = true> <Delay = 1.94> <CoreInst = "Multiplier">   --->   Core 3 'Multiplier' <Latency = 0> <II = 1> <Delay = 1.94> <FuncUnit> <Opcode : 'mul'> <InPorts = 2> <OutPorts = 1>
ST_1 : Operation 42 [1/1] (0.00ns)   --->   "%trunc_ln42_12 = partselect i16 @_ssdm_op_PartSelect.i16.i26.i32.i32, i26 %mul_ln42_9, i32 10, i32 25" [firmware/nnet_utils/nnet_dense_latency.h:42]   --->   Operation 42 'partselect' 'trunc_ln42_12' <Predicate = true> <Delay = 0.00>
ST_1 : Operation 43 [1/1] (0.00ns)   --->   "%sext_ln73_1 = sext i16 %data_5_val_read" [firmware/nnet_utils/nnet_mult.h:73->firmware/nnet_utils/nnet_dense_latency.h:42]   --->   Operation 43 'sext' 'sext_ln73_1' <Predicate = true> <Delay = 0.00>
ST_1 : Operation 44 [1/1] (1.94ns)   --->   "%mul_ln42_10 = mul i26 %sext_ln73_1, i26 523" [firmware/nnet_utils/nnet_dense_latency.h:42]   --->   Operation 44 'mul' 'mul_ln42_10' <Predicate = true> <Delay = 1.94> <CoreInst = "Multiplier">   --->   Core 3 'Multiplier' <Latency = 0> <II = 1> <Delay = 1.94> <FuncUnit> <Opcode : 'mul'> <InPorts = 2> <OutPorts = 1>
ST_1 : Operation 45 [1/1] (0.00ns)   --->   "%trunc_ln42_13 = partselect i16 @_ssdm_op_PartSelect.i16.i26.i32.i32, i26 %mul_ln42_10, i32 10, i32 25" [firmware/nnet_utils/nnet_dense_latency.h:42]   --->   Operation 45 'partselect' 'trunc_ln42_13' <Predicate = true> <Delay = 0.00>
ST_1 : Operation 46 [1/1] (1.94ns)   --->   "%mul_ln42_11 = mul i26 %sext_ln73_1, i26 67108326" [firmware/nnet_utils/nnet_dense_latency.h:42]   --->   Operation 46 'mul' 'mul_ln42_11' <Predicate = true> <Delay = 1.94> <CoreInst = "Multiplier">   --->   Core 3 'Multiplier' <Latency = 0> <II = 1> <Delay = 1.94> <FuncUnit> <Opcode : 'mul'> <InPorts = 2> <OutPorts = 1>
ST_1 : Operation 47 [1/1] (0.00ns)   --->   "%trunc_ln42_14 = partselect i16 @_ssdm_op_PartSelect.i16.i26.i32.i32, i26 %mul_ln42_11, i32 10, i32 25" [firmware/nnet_utils/nnet_dense_latency.h:42]   --->   Operation 47 'partselect' 'trunc_ln42_14' <Predicate = true> <Delay = 0.00>
ST_1 : Operation 48 [1/1] (0.78ns)   --->   "%add_ln58 = add i16 %trunc_ln42_8, i16 1" [firmware/nnet_utils/nnet_dense_latency.h:58]   --->   Operation 48 'add' 'add_ln58' <Predicate = true> <Delay = 0.78> <CoreInst = "Adder">   --->   Core 1 'Adder' <Latency = 0> <II = 1> <Delay = 0.78> <FuncUnit> <Opcode : 'add' 'sub'> <InPorts = 2> <OutPorts = 1>
ST_1 : Operation 49 [1/1] (0.78ns)   --->   "%add_ln58_1 = add i16 %trunc_ln42_s, i16 65524" [firmware/nnet_utils/nnet_dense_latency.h:58]   --->   Operation 49 'add' 'add_ln58_1' <Predicate = true> <Delay = 0.78> <CoreInst = "Adder">   --->   Core 1 'Adder' <Latency = 0> <II = 1> <Delay = 0.78> <FuncUnit> <Opcode : 'add' 'sub'> <InPorts = 2> <OutPorts = 1>
ST_1 : Operation 50 [1/1] (0.00ns) (grouped into TernaryAdder)   --->   "%add_ln58_2 = add i16 %trunc_ln42_2, i16 %trunc_ln" [firmware/nnet_utils/nnet_dense_latency.h:58]   --->   Operation 50 'add' 'add_ln58_2' <Predicate = true> <Delay = 0.00> <CoreInst = "TAddSub">   --->   Core 10 'TAddSub' <Latency = 0> <II = 1> <Delay = 0.33> <IPBlock> <Opcode : '<invalid operator> ' 'add' 'sub'> <InPorts = 3> <OutPorts = 1> <Sync> <CReg>
ST_1 : Operation 51 [1/1] (0.78ns)   --->   "%add_ln58_3 = add i16 %trunc_ln42_6, i16 %trunc_ln42_10" [firmware/nnet_utils/nnet_dense_latency.h:58]   --->   Operation 51 'add' 'add_ln58_3' <Predicate = true> <Delay = 0.78> <CoreInst = "Adder">   --->   Core 1 'Adder' <Latency = 0> <II = 1> <Delay = 0.78> <FuncUnit> <Opcode : 'add' 'sub'> <InPorts = 2> <OutPorts = 1>
ST_1 : Operation 52 [1/1] (0.67ns) (root node of TernaryAdder)   --->   "%add_ln58_4 = add i16 %add_ln58_3, i16 %add_ln58_2" [firmware/nnet_utils/nnet_dense_latency.h:58]   --->   Operation 52 'add' 'add_ln58_4' <Predicate = true> <Delay = 0.67> <CoreInst = "TAddSub">   --->   Core 10 'TAddSub' <Latency = 0> <II = 1> <Delay = 0.33> <IPBlock> <Opcode : '<invalid operator> ' 'add' 'sub'> <InPorts = 3> <OutPorts = 1> <Sync> <CReg>
ST_1 : Operation 53 [1/1] (0.00ns) (grouped into TernaryAdder)   --->   "%add_ln58_5 = add i16 %trunc_ln42_11, i16 4" [firmware/nnet_utils/nnet_dense_latency.h:58]   --->   Operation 53 'add' 'add_ln58_5' <Predicate = true> <Delay = 0.00> <CoreInst = "TAddSub">   --->   Core 10 'TAddSub' <Latency = 0> <II = 1> <Delay = 0.33> <IPBlock> <Opcode : '<invalid operator> ' 'add' 'sub'> <InPorts = 3> <OutPorts = 1> <Sync> <CReg>
ST_1 : Operation 54 [1/1] (0.67ns) (root node of TernaryAdder)   --->   "%add_ln58_6 = add i16 %add_ln58_5, i16 %trunc_ln42_1" [firmware/nnet_utils/nnet_dense_latency.h:58]   --->   Operation 54 'add' 'add_ln58_6' <Predicate = true> <Delay = 0.67> <CoreInst = "TAddSub">   --->   Core 10 'TAddSub' <Latency = 0> <II = 1> <Delay = 0.33> <IPBlock> <Opcode : '<invalid operator> ' 'add' 'sub'> <InPorts = 3> <OutPorts = 1> <Sync> <CReg>
ST_1 : Operation 55 [1/1] (0.00ns) (grouped into TernaryAdder)   --->   "%add_ln58_7 = add i16 %trunc_ln42_4, i16 %trunc_ln42_7" [firmware/nnet_utils/nnet_dense_latency.h:58]   --->   Operation 55 'add' 'add_ln58_7' <Predicate = true> <Delay = 0.00> <CoreInst = "TAddSub">   --->   Core 10 'TAddSub' <Latency = 0> <II = 1> <Delay = 0.33> <IPBlock> <Opcode : '<invalid operator> ' 'add' 'sub'> <InPorts = 3> <OutPorts = 1> <Sync> <CReg>
ST_1 : Operation 56 [1/1] (0.78ns)   --->   "%add_ln58_8 = add i16 %trunc_ln42_12, i16 19" [firmware/nnet_utils/nnet_dense_latency.h:58]   --->   Operation 56 'add' 'add_ln58_8' <Predicate = true> <Delay = 0.78> <CoreInst = "Adder">   --->   Core 1 'Adder' <Latency = 0> <II = 1> <Delay = 0.78> <FuncUnit> <Opcode : 'add' 'sub'> <InPorts = 2> <OutPorts = 1>
ST_1 : Operation 57 [1/1] (0.67ns) (root node of TernaryAdder)   --->   "%add_ln58_9 = add i16 %add_ln58_8, i16 %add_ln58_7" [firmware/nnet_utils/nnet_dense_latency.h:58]   --->   Operation 57 'add' 'add_ln58_9' <Predicate = true> <Delay = 0.67> <CoreInst = "TAddSub">   --->   Core 10 'TAddSub' <Latency = 0> <II = 1> <Delay = 0.33> <IPBlock> <Opcode : '<invalid operator> ' 'add' 'sub'> <InPorts = 3> <OutPorts = 1> <Sync> <CReg>
ST_1 : Operation 58 [1/1] (0.00ns) (grouped into TernaryAdder)   --->   "%add_ln58_10 = add i16 %trunc_ln42_3, i16 %trunc_ln42_9" [firmware/nnet_utils/nnet_dense_latency.h:58]   --->   Operation 58 'add' 'add_ln58_10' <Predicate = true> <Delay = 0.00> <CoreInst = "TAddSub">   --->   Core 10 'TAddSub' <Latency = 0> <II = 1> <Delay = 0.33> <IPBlock> <Opcode : '<invalid operator> ' 'add' 'sub'> <InPorts = 3> <OutPorts = 1> <Sync> <CReg>
ST_1 : Operation 59 [1/1] (0.78ns)   --->   "%add_ln58_11 = add i16 %trunc_ln42_13, i16 2" [firmware/nnet_utils/nnet_dense_latency.h:58]   --->   Operation 59 'add' 'add_ln58_11' <Predicate = true> <Delay = 0.78> <CoreInst = "Adder">   --->   Core 1 'Adder' <Latency = 0> <II = 1> <Delay = 0.78> <FuncUnit> <Opcode : 'add' 'sub'> <InPorts = 2> <OutPorts = 1>
ST_1 : Operation 60 [1/1] (0.67ns) (root node of TernaryAdder)   --->   "%add_ln58_12 = add i16 %add_ln58_11, i16 %add_ln58_10" [firmware/nnet_utils/nnet_dense_latency.h:58]   --->   Operation 60 'add' 'add_ln58_12' <Predicate = true> <Delay = 0.67> <CoreInst = "TAddSub">   --->   Core 10 'TAddSub' <Latency = 0> <II = 1> <Delay = 0.33> <IPBlock> <Opcode : '<invalid operator> ' 'add' 'sub'> <InPorts = 3> <OutPorts = 1> <Sync> <CReg>
ST_1 : Operation 61 [1/1] (0.00ns) (grouped into TernaryAdder)   --->   "%add_ln58_13 = add i16 %trunc_ln42_14, i16 65529" [firmware/nnet_utils/nnet_dense_latency.h:58]   --->   Operation 61 'add' 'add_ln58_13' <Predicate = true> <Delay = 0.00> <CoreInst = "TAddSub">   --->   Core 10 'TAddSub' <Latency = 0> <II = 1> <Delay = 0.33> <IPBlock> <Opcode : '<invalid operator> ' 'add' 'sub'> <InPorts = 3> <OutPorts = 1> <Sync> <CReg>
ST_1 : Operation 62 [1/1] (0.67ns) (root node of TernaryAdder)   --->   "%add_ln58_14 = add i16 %add_ln58_13, i16 %trunc_ln42_5" [firmware/nnet_utils/nnet_dense_latency.h:58]   --->   Operation 62 'add' 'add_ln58_14' <Predicate = true> <Delay = 0.67> <CoreInst = "TAddSub">   --->   Core 10 'TAddSub' <Latency = 0> <II = 1> <Delay = 0.33> <IPBlock> <Opcode : '<invalid operator> ' 'add' 'sub'> <InPorts = 3> <OutPorts = 1> <Sync> <CReg>
ST_1 : Operation 63 [1/1] (0.00ns)   --->   "%newret = insertvalue i112 <undef>, i16 %add_ln58_1" [firmware/nnet_utils/nnet_dense_latency.h:58]   --->   Operation 63 'insertvalue' 'newret' <Predicate = true> <Delay = 0.00>
ST_1 : Operation 64 [1/1] (0.00ns)   --->   "%newret2 = insertvalue i112 %newret, i16 %add_ln58_4" [firmware/nnet_utils/nnet_dense_latency.h:58]   --->   Operation 64 'insertvalue' 'newret2' <Predicate = true> <Delay = 0.00>
ST_1 : Operation 65 [1/1] (0.00ns)   --->   "%newret4 = insertvalue i112 %newret2, i16 %add_ln58_6" [firmware/nnet_utils/nnet_dense_latency.h:58]   --->   Operation 65 'insertvalue' 'newret4' <Predicate = true> <Delay = 0.00>
ST_1 : Operation 66 [1/1] (0.00ns)   --->   "%newret6 = insertvalue i112 %newret4, i16 %add_ln58" [firmware/nnet_utils/nnet_dense_latency.h:58]   --->   Operation 66 'insertvalue' 'newret6' <Predicate = true> <Delay = 0.00>
ST_1 : Operation 67 [1/1] (0.00ns)   --->   "%newret8 = insertvalue i112 %newret6, i16 %add_ln58_12" [firmware/nnet_utils/nnet_dense_latency.h:58]   --->   Operation 67 'insertvalue' 'newret8' <Predicate = true> <Delay = 0.00>
ST_1 : Operation 68 [1/1] (0.00ns)   --->   "%newret1 = insertvalue i112 %newret8, i16 %add_ln58_9" [firmware/nnet_utils/nnet_dense_latency.h:58]   --->   Operation 68 'insertvalue' 'newret1' <Predicate = true> <Delay = 0.00>
ST_1 : Operation 69 [1/1] (0.00ns)   --->   "%newret3 = insertvalue i112 %newret1, i16 %add_ln58_14" [firmware/nnet_utils/nnet_dense_latency.h:58]   --->   Operation 69 'insertvalue' 'newret3' <Predicate = true> <Delay = 0.00>
ST_1 : Operation 70 [1/1] (0.00ns)   --->   "%ret_ln58 = ret i112 %newret3" [firmware/nnet_utils/nnet_dense_latency.h:58]   --->   Operation 70 'ret' 'ret_ln58' <Predicate = true> <Delay = 0.00>


============================================================
+ Verbose Summary: Binding
============================================================
STG Binding: 
---------------- STG Properties BEGIN ----------------
- Is combinational: 1
- Is one-state seq: 0
- Is datapath-only: 0
- Is pipelined: 1
- Is top level: 0
Port [ Return ] is wired: 1; IO mode=ap_ctrl_hs:ce=0
Port [ data_0_val]:  wired=1; compound=0; hidden=0; nouse=0; global=0; static=0; extern=0; dir=0; type=0; pingpong=0; private_global=0; IO mode=ap_none:ce=0
Port [ data_1_val]:  wired=1; compound=0; hidden=0; nouse=0; global=0; static=0; extern=0; dir=0; type=0; pingpong=0; private_global=0; IO mode=ap_none:ce=0
Port [ data_2_val]:  wired=1; compound=0; hidden=0; nouse=0; global=0; static=0; extern=0; dir=0; type=0; pingpong=0; private_global=0; IO mode=ap_none:ce=0
Port [ data_3_val]:  wired=1; compound=0; hidden=0; nouse=0; global=0; static=0; extern=0; dir=0; type=0; pingpong=0; private_global=0; IO mode=ap_none:ce=0
Port [ data_4_val]:  wired=1; compound=0; hidden=0; nouse=0; global=0; static=0; extern=0; dir=0; type=0; pingpong=0; private_global=0; IO mode=ap_none:ce=0
Port [ data_5_val]:  wired=1; compound=0; hidden=0; nouse=0; global=0; static=0; extern=0; dir=0; type=0; pingpong=0; private_global=0; IO mode=ap_none:ce=0
---------------- STG Properties END ------------------

---------------- Datapath Model BEGIN ----------------

<LifeTime>
<method=bitvector/>
specpipeline_ln33      (specpipeline     ) [ 00]
specresourcelimit_ln33 (specresourcelimit) [ 00]
data_5_val_read        (read             ) [ 00]
data_4_val_read        (read             ) [ 00]
data_3_val_read        (read             ) [ 00]
data_2_val_read        (read             ) [ 00]
data_1_val_read        (read             ) [ 00]
data_0_val_read        (read             ) [ 00]
sext_ln42              (sext             ) [ 00]
mul_ln73               (mul              ) [ 00]
trunc_ln               (partselect       ) [ 00]
mul_ln42               (mul              ) [ 00]
trunc_ln42_1           (partselect       ) [ 00]
sext_ln70              (sext             ) [ 00]
mul_ln73_1             (mul              ) [ 00]
trunc_ln42_2           (partselect       ) [ 00]
mul_ln42_1             (mul              ) [ 00]
trunc_ln42_3           (partselect       ) [ 00]
mul_ln42_2             (mul              ) [ 00]
trunc_ln42_4           (partselect       ) [ 00]
mul_ln42_3             (mul              ) [ 00]
trunc_ln42_5           (partselect       ) [ 00]
sext_ln42_1            (sext             ) [ 00]
mul_ln73_2             (mul              ) [ 00]
trunc_ln42_6           (partselect       ) [ 00]
mul_ln42_4             (mul              ) [ 00]
trunc_ln42_7           (partselect       ) [ 00]
sext_ln73              (sext             ) [ 00]
mul_ln42_5             (mul              ) [ 00]
trunc_ln42_8           (partselect       ) [ 00]
mul_ln42_6             (mul              ) [ 00]
trunc_ln42_9           (partselect       ) [ 00]
sext_ln70_1            (sext             ) [ 00]
mul_ln73_3             (mul              ) [ 00]
trunc_ln42_s           (partselect       ) [ 00]
mul_ln42_7             (mul              ) [ 00]
trunc_ln42_10          (partselect       ) [ 00]
mul_ln42_8             (mul              ) [ 00]
trunc_ln42_11          (partselect       ) [ 00]
mul_ln42_9             (mul              ) [ 00]
trunc_ln42_12          (partselect       ) [ 00]
sext_ln73_1            (sext             ) [ 00]
mul_ln42_10            (mul              ) [ 00]
trunc_ln42_13          (partselect       ) [ 00]
mul_ln42_11            (mul              ) [ 00]
trunc_ln42_14          (partselect       ) [ 00]
add_ln58               (add              ) [ 00]
add_ln58_1             (add              ) [ 00]
add_ln58_2             (add              ) [ 00]
add_ln58_3             (add              ) [ 00]
add_ln58_4             (add              ) [ 00]
add_ln58_5             (add              ) [ 00]
add_ln58_6             (add              ) [ 00]
add_ln58_7             (add              ) [ 00]
add_ln58_8             (add              ) [ 00]
add_ln58_9             (add              ) [ 00]
add_ln58_10            (add              ) [ 00]
add_ln58_11            (add              ) [ 00]
add_ln58_12            (add              ) [ 00]
add_ln58_13            (add              ) [ 00]
add_ln58_14            (add              ) [ 00]
newret                 (insertvalue      ) [ 00]
newret2                (insertvalue      ) [ 00]
newret4                (insertvalue      ) [ 00]
newret6                (insertvalue      ) [ 00]
newret8                (insertvalue      ) [ 00]
newret1                (insertvalue      ) [ 00]
newret3                (insertvalue      ) [ 00]
ret_ln58               (ret              ) [ 00]
</LifeTime>

<model>

<comp_list>
<comp id="0" class="1000" name="data_0_val">
<pin_list>
<pin id="1" dir="1" index="0" bw="1" slack="0"/>
</pin_list>
<bind>
<StgValue><ssdm name="data_0_val"/></StgValue>
</bind>
</comp>

<comp id="2" class="1000" name="data_1_val">
<pin_list>
<pin id="3" dir="1" index="0" bw="1" slack="0"/>
</pin_list>
<bind>
<StgValue><ssdm name="data_1_val"/></StgValue>
</bind>
</comp>

<comp id="4" class="1000" name="data_2_val">
<pin_list>
<pin id="5" dir="1" index="0" bw="1" slack="0"/>
</pin_list>
<bind>
<StgValue><ssdm name="data_2_val"/></StgValue>
</bind>
</comp>

<comp id="6" class="1000" name="data_3_val">
<pin_list>
<pin id="7" dir="1" index="0" bw="1" slack="0"/>
</pin_list>
<bind>
<StgValue><ssdm name="data_3_val"/></StgValue>
</bind>
</comp>

<comp id="8" class="1000" name="data_4_val">
<pin_list>
<pin id="9" dir="1" index="0" bw="1" slack="0"/>
</pin_list>
<bind>
<StgValue><ssdm name="data_4_val"/></StgValue>
</bind>
</comp>

<comp id="10" class="1000" name="data_5_val">
<pin_list>
<pin id="11" dir="1" index="0" bw="1" slack="0"/>
</pin_list>
<bind>
<StgValue><ssdm name="data_5_val"/></StgValue>
</bind>
</comp>

<comp id="12" class="1001" name="const_12">
<pin_list>
<pin id="13" dir="1" index="0" bw="1" slack="2147483647"/>
</pin_list>
<bind>
<StgValue><ssdm name="_ssdm_op_SpecPipeline"/></StgValue>
</bind>
</comp>

<comp id="14" class="1001" name="const_14">
<pin_list>
<pin id="15" dir="1" index="0" bw="1" slack="2147483647"/>
</pin_list>
<bind>
<StgValue><ssdm name=""/></StgValue>
</bind>
</comp>

<comp id="16" class="1001" name="const_16">
<pin_list>
<pin id="17" dir="1" index="0" bw="1" slack="2147483647"/>
</pin_list>
<bind>
<StgValue><ssdm name=""/></StgValue>
</bind>
</comp>

<comp id="18" class="1001" name="const_18">
<pin_list>
<pin id="19" dir="1" index="0" bw="1" slack="2147483647"/>
</pin_list>
<bind>
<StgValue><ssdm name="empty_0"/></StgValue>
</bind>
</comp>

<comp id="20" class="1001" name="const_20">
<pin_list>
<pin id="21" dir="1" index="0" bw="1" slack="2147483647"/>
</pin_list>
<bind>
<StgValue><ssdm name="_ssdm_op_SpecResourceLimit"/></StgValue>
</bind>
</comp>

<comp id="22" class="1001" name="const_22">
<pin_list>
<pin id="23" dir="1" index="0" bw="1" slack="2147483647"/>
</pin_list>
<bind>
<StgValue><ssdm name=""/></StgValue>
</bind>
</comp>

<comp id="24" class="1001" name="const_24">
<pin_list>
<pin id="25" dir="1" index="0" bw="1" slack="2147483647"/>
</pin_list>
<bind>
<StgValue><ssdm name="empty_1"/></StgValue>
</bind>
</comp>

<comp id="26" class="1001" name="const_26">
<pin_list>
<pin id="27" dir="1" index="0" bw="1" slack="0"/>
</pin_list>
<bind>
<StgValue><ssdm name="_ssdm_op_Read.ap_auto.i16"/></StgValue>
</bind>
</comp>

<comp id="28" class="1001" name="const_28">
<pin_list>
<pin id="29" dir="1" index="0" bw="1" slack="0"/>
</pin_list>
<bind>
<StgValue><ssdm name=""/></StgValue>
</bind>
</comp>

<comp id="30" class="1001" name="const_30">
<pin_list>
<pin id="31" dir="1" index="0" bw="1" slack="0"/>
</pin_list>
<bind>
<StgValue><ssdm name="_ssdm_op_PartSelect.i16.i26.i32.i32"/></StgValue>
</bind>
</comp>

<comp id="32" class="1001" name="const_32">
<pin_list>
<pin id="33" dir="1" index="0" bw="1" slack="0"/>
</pin_list>
<bind>
<StgValue><ssdm name=""/></StgValue>
</bind>
</comp>

<comp id="34" class="1001" name="const_34">
<pin_list>
<pin id="35" dir="1" index="0" bw="1" slack="0"/>
</pin_list>
<bind>
<StgValue><ssdm name=""/></StgValue>
</bind>
</comp>

<comp id="36" class="1001" name="const_36">
<pin_list>
<pin id="37" dir="1" index="0" bw="1" slack="0"/>
</pin_list>
<bind>
<StgValue><ssdm name=""/></StgValue>
</bind>
</comp>

<comp id="38" class="1001" name="const_38">
<pin_list>
<pin id="39" dir="1" index="0" bw="1" slack="0"/>
</pin_list>
<bind>
<StgValue><ssdm name=""/></StgValue>
</bind>
</comp>

<comp id="40" class="1001" name="const_40">
<pin_list>
<pin id="41" dir="1" index="0" bw="1" slack="0"/>
</pin_list>
<bind>
<StgValue><ssdm name=""/></StgValue>
</bind>
</comp>

<comp id="42" class="1001" name="const_42">
<pin_list>
<pin id="43" dir="1" index="0" bw="1" slack="0"/>
</pin_list>
<bind>
<StgValue><ssdm name=""/></StgValue>
</bind>
</comp>

<comp id="44" class="1001" name="const_44">
<pin_list>
<pin id="45" dir="1" index="0" bw="1" slack="0"/>
</pin_list>
<bind>
<StgValue><ssdm name=""/></StgValue>
</bind>
</comp>

<comp id="46" class="1001" name="const_46">
<pin_list>
<pin id="47" dir="1" index="0" bw="1" slack="0"/>
</pin_list>
<bind>
<StgValue><ssdm name=""/></StgValue>
</bind>
</comp>

<comp id="48" class="1001" name="const_48">
<pin_list>
<pin id="49" dir="1" index="0" bw="1" slack="0"/>
</pin_list>
<bind>
<StgValue><ssdm name=""/></StgValue>
</bind>
</comp>

<comp id="50" class="1001" name="const_50">
<pin_list>
<pin id="51" dir="1" index="0" bw="1" slack="0"/>
</pin_list>
<bind>
<StgValue><ssdm name=""/></StgValue>
</bind>
</comp>

<comp id="52" class="1001" name="const_52">
<pin_list>
<pin id="53" dir="1" index="0" bw="1" slack="0"/>
</pin_list>
<bind>
<StgValue><ssdm name=""/></StgValue>
</bind>
</comp>

<comp id="54" class="1001" name="const_54">
<pin_list>
<pin id="55" dir="1" index="0" bw="1" slack="0"/>
</pin_list>
<bind>
<StgValue><ssdm name=""/></StgValue>
</bind>
</comp>

<comp id="56" class="1001" name="const_56">
<pin_list>
<pin id="57" dir="1" index="0" bw="1" slack="0"/>
</pin_list>
<bind>
<StgValue><ssdm name=""/></StgValue>
</bind>
</comp>

<comp id="58" class="1001" name="const_58">
<pin_list>
<pin id="59" dir="1" index="0" bw="1" slack="0"/>
</pin_list>
<bind>
<StgValue><ssdm name=""/></StgValue>
</bind>
</comp>

<comp id="60" class="1001" name="const_60">
<pin_list>
<pin id="61" dir="1" index="0" bw="1" slack="0"/>
</pin_list>
<bind>
<StgValue><ssdm name=""/></StgValue>
</bind>
</comp>

<comp id="62" class="1001" name="const_62">
<pin_list>
<pin id="63" dir="1" index="0" bw="1" slack="0"/>
</pin_list>
<bind>
<StgValue><ssdm name=""/></StgValue>
</bind>
</comp>

<comp id="64" class="1001" name="const_64">
<pin_list>
<pin id="65" dir="1" index="0" bw="1" slack="0"/>
</pin_list>
<bind>
<StgValue><ssdm name=""/></StgValue>
</bind>
</comp>

<comp id="66" class="1001" name="const_66">
<pin_list>
<pin id="67" dir="1" index="0" bw="1" slack="0"/>
</pin_list>
<bind>
<StgValue><ssdm name=""/></StgValue>
</bind>
</comp>

<comp id="68" class="1001" name="const_68">
<pin_list>
<pin id="69" dir="1" index="0" bw="1" slack="0"/>
</pin_list>
<bind>
<StgValue><ssdm name=""/></StgValue>
</bind>
</comp>

<comp id="70" class="1001" name="const_70">
<pin_list>
<pin id="71" dir="1" index="0" bw="1" slack="0"/>
</pin_list>
<bind>
<StgValue><ssdm name=""/></StgValue>
</bind>
</comp>

<comp id="72" class="1001" name="const_72">
<pin_list>
<pin id="73" dir="1" index="0" bw="1" slack="0"/>
</pin_list>
<bind>
<StgValue><ssdm name=""/></StgValue>
</bind>
</comp>

<comp id="74" class="1001" name="const_74">
<pin_list>
<pin id="75" dir="1" index="0" bw="1" slack="0"/>
</pin_list>
<bind>
<StgValue><ssdm name=""/></StgValue>
</bind>
</comp>

<comp id="76" class="1001" name="const_76">
<pin_list>
<pin id="77" dir="1" index="0" bw="1" slack="0"/>
</pin_list>
<bind>
<StgValue><ssdm name=""/></StgValue>
</bind>
</comp>

<comp id="78" class="1001" name="const_78">
<pin_list>
<pin id="79" dir="1" index="0" bw="1" slack="0"/>
</pin_list>
<bind>
<StgValue><ssdm name=""/></StgValue>
</bind>
</comp>

<comp id="80" class="1004" name="data_5_val_read_read_fu_80">
<pin_list>
<pin id="81" dir="0" index="0" bw="16" slack="0"/>
<pin id="82" dir="0" index="1" bw="16" slack="0"/>
<pin id="83" dir="1" index="2" bw="16" slack="0"/>
</pin_list>
<bind>
<opcode="read(1150) " fcode="read"/>
<opset="data_5_val_read/1 "/>
</bind>
</comp>

<comp id="86" class="1004" name="data_4_val_read_read_fu_86">
<pin_list>
<pin id="87" dir="0" index="0" bw="16" slack="0"/>
<pin id="88" dir="0" index="1" bw="16" slack="0"/>
<pin id="89" dir="1" index="2" bw="16" slack="0"/>
</pin_list>
<bind>
<opcode="read(1150) " fcode="read"/>
<opset="data_4_val_read/1 "/>
</bind>
</comp>

<comp id="92" class="1004" name="data_3_val_read_read_fu_92">
<pin_list>
<pin id="93" dir="0" index="0" bw="16" slack="0"/>
<pin id="94" dir="0" index="1" bw="16" slack="0"/>
<pin id="95" dir="1" index="2" bw="16" slack="0"/>
</pin_list>
<bind>
<opcode="read(1150) " fcode="read"/>
<opset="data_3_val_read/1 "/>
</bind>
</comp>

<comp id="98" class="1004" name="data_2_val_read_read_fu_98">
<pin_list>
<pin id="99" dir="0" index="0" bw="16" slack="0"/>
<pin id="100" dir="0" index="1" bw="16" slack="0"/>
<pin id="101" dir="1" index="2" bw="16" slack="0"/>
</pin_list>
<bind>
<opcode="read(1150) " fcode="read"/>
<opset="data_2_val_read/1 "/>
</bind>
</comp>

<comp id="104" class="1004" name="data_1_val_read_read_fu_104">
<pin_list>
<pin id="105" dir="0" index="0" bw="16" slack="0"/>
<pin id="106" dir="0" index="1" bw="16" slack="0"/>
<pin id="107" dir="1" index="2" bw="16" slack="0"/>
</pin_list>
<bind>
<opcode="read(1150) " fcode="read"/>
<opset="data_1_val_read/1 "/>
</bind>
</comp>

<comp id="110" class="1004" name="data_0_val_read_read_fu_110">
<pin_list>
<pin id="111" dir="0" index="0" bw="16" slack="0"/>
<pin id="112" dir="0" index="1" bw="16" slack="0"/>
<pin id="113" dir="1" index="2" bw="16" slack="0"/>
</pin_list>
<bind>
<opcode="read(1150) " fcode="read"/>
<opset="data_0_val_read/1 "/>
</bind>
</comp>

<comp id="116" class="1004" name="mul_ln42_11_fu_116">
<pin_list>
<pin id="1216" dir="0" index="0" bw="16" slack="0"/>
<pin id="1217" dir="0" index="1" bw="11" slack="0"/>
<pin id="1218" dir="1" index="2" bw="26" slack="0"/>
</pin_list>
<bind>
<opcode="mul(12) " fcode="mul"/>
<opset="mul_ln42_11/1 "/>
</bind>
</comp>

<comp id="117" class="1004" name="mul_ln73_fu_117">
<pin_list>
<pin id="1156" dir="0" index="0" bw="16" slack="0"/>
<pin id="1157" dir="0" index="1" bw="10" slack="0"/>
<pin id="1158" dir="1" index="2" bw="26" slack="0"/>
</pin_list>
<bind>
<opcode="mul(12) " fcode="mul"/>
<opset="mul_ln73/1 "/>
</bind>
</comp>

<comp id="118" class="1004" name="mul_ln42_6_fu_118">
<pin_list>
<pin id="1192" dir="0" index="0" bw="16" slack="0"/>
<pin id="1193" dir="0" index="1" bw="11" slack="0"/>
<pin id="1194" dir="1" index="2" bw="26" slack="0"/>
</pin_list>
<bind>
<opcode="mul(12) " fcode="mul"/>
<opset="mul_ln42_6/1 "/>
</bind>
</comp>

<comp id="119" class="1004" name="mul_ln42_2_fu_119">
<pin_list>
<pin id="1172" dir="0" index="0" bw="16" slack="0"/>
<pin id="1173" dir="0" index="1" bw="11" slack="0"/>
<pin id="1174" dir="1" index="2" bw="26" slack="0"/>
</pin_list>
<bind>
<opcode="mul(12) " fcode="mul"/>
<opset="mul_ln42_2/1 "/>
</bind>
</comp>

<comp id="120" class="1004" name="mul_ln42_3_fu_120">
<pin_list>
<pin id="1176" dir="0" index="0" bw="16" slack="0"/>
<pin id="1177" dir="0" index="1" bw="11" slack="0"/>
<pin id="1178" dir="1" index="2" bw="26" slack="0"/>
</pin_list>
<bind>
<opcode="mul(12) " fcode="mul"/>
<opset="mul_ln42_3/1 "/>
</bind>
</comp>

<comp id="121" class="1004" name="mul_ln42_fu_121">
<pin_list>
<pin id="1160" dir="0" index="0" bw="16" slack="0"/>
<pin id="1161" dir="0" index="1" bw="11" slack="0"/>
<pin id="1162" dir="1" index="2" bw="26" slack="0"/>
</pin_list>
<bind>
<opcode="mul(12) " fcode="mul"/>
<opset="mul_ln42/1 "/>
</bind>
</comp>

<comp id="122" class="1004" name="mul_ln73_2_fu_122">
<pin_list>
<pin id="1180" dir="0" index="0" bw="16" slack="0"/>
<pin id="1181" dir="0" index="1" bw="10" slack="0"/>
<pin id="1182" dir="1" index="2" bw="26" slack="0"/>
</pin_list>
<bind>
<opcode="mul(12) " fcode="mul"/>
<opset="mul_ln73_2/1 "/>
</bind>
</comp>

<comp id="123" class="1004" name="mul_ln42_7_fu_123">
<pin_list>
<pin id="1200" dir="0" index="0" bw="16" slack="0"/>
<pin id="1201" dir="0" index="1" bw="11" slack="0"/>
<pin id="1202" dir="1" index="2" bw="26" slack="0"/>
</pin_list>
<bind>
<opcode="mul(12) " fcode="mul"/>
<opset="mul_ln42_7/1 "/>
</bind>
</comp>

<comp id="124" class="1004" name="mul_ln42_1_fu_124">
<pin_list>
<pin id="1168" dir="0" index="0" bw="16" slack="0"/>
<pin id="1169" dir="0" index="1" bw="11" slack="0"/>
<pin id="1170" dir="1" index="2" bw="26" slack="0"/>
</pin_list>
<bind>
<opcode="mul(12) " fcode="mul"/>
<opset="mul_ln42_1/1 "/>
</bind>
</comp>

<comp id="125" class="1004" name="mul_ln42_5_fu_125">
<pin_list>
<pin id="1188" dir="0" index="0" bw="16" slack="0"/>
<pin id="1189" dir="0" index="1" bw="11" slack="0"/>
<pin id="1190" dir="1" index="2" bw="26" slack="0"/>
</pin_list>
<bind>
<opcode="mul(12) " fcode="mul"/>
<opset="mul_ln42_5/1 "/>
</bind>
</comp>

<comp id="126" class="1004" name="mul_ln73_3_fu_126">
<pin_list>
<pin id="1196" dir="0" index="0" bw="16" slack="0"/>
<pin id="1197" dir="0" index="1" bw="10" slack="0"/>
<pin id="1198" dir="1" index="2" bw="26" slack="0"/>
</pin_list>
<bind>
<opcode="mul(12) " fcode="mul"/>
<opset="mul_ln73_3/1 "/>
</bind>
</comp>

<comp id="127" class="1004" name="mul_ln42_8_fu_127">
<pin_list>
<pin id="1204" dir="0" index="0" bw="16" slack="0"/>
<pin id="1205" dir="0" index="1" bw="11" slack="0"/>
<pin id="1206" dir="1" index="2" bw="26" slack="0"/>
</pin_list>
<bind>
<opcode="mul(12) " fcode="mul"/>
<opset="mul_ln42_8/1 "/>
</bind>
</comp>

<comp id="128" class="1004" name="mul_ln42_4_fu_128">
<pin_list>
<pin id="1184" dir="0" index="0" bw="16" slack="0"/>
<pin id="1185" dir="0" index="1" bw="11" slack="0"/>
<pin id="1186" dir="1" index="2" bw="26" slack="0"/>
</pin_list>
<bind>
<opcode="mul(12) " fcode="mul"/>
<opset="mul_ln42_4/1 "/>
</bind>
</comp>

<comp id="129" class="1004" name="mul_ln42_9_fu_129">
<pin_list>
<pin id="1208" dir="0" index="0" bw="16" slack="0"/>
<pin id="1209" dir="0" index="1" bw="11" slack="0"/>
<pin id="1210" dir="1" index="2" bw="26" slack="0"/>
</pin_list>
<bind>
<opcode="mul(12) " fcode="mul"/>
<opset="mul_ln42_9/1 "/>
</bind>
</comp>

<comp id="130" class="1004" name="mul_ln42_10_fu_130">
<pin_list>
<pin id="1212" dir="0" index="0" bw="16" slack="0"/>
<pin id="1213" dir="0" index="1" bw="11" slack="0"/>
<pin id="1214" dir="1" index="2" bw="26" slack="0"/>
</pin_list>
<bind>
<opcode="mul(12) " fcode="mul"/>
<opset="mul_ln42_10/1 "/>
</bind>
</comp>

<comp id="131" class="1004" name="mul_ln73_1_fu_131">
<pin_list>
<pin id="1164" dir="0" index="0" bw="16" slack="0"/>
<pin id="1165" dir="0" index="1" bw="10" slack="0"/>
<pin id="1166" dir="1" index="2" bw="26" slack="0"/>
</pin_list>
<bind>
<opcode="mul(12) " fcode="mul"/>
<opset="mul_ln73_1/1 "/>
</bind>
</comp>

<comp id="1269" class="1004" name="sext_ln42_fu_1269">
<pin_list>
<pin id="1270" dir="0" index="0" bw="16" slack="0"/>
<pin id="1271" dir="1" index="1" bw="26" slack="0"/>
</pin_list>
<bind>
<opcode="sext(35) " fcode="sext"/>
<opset="sext_ln42/1 "/>
</bind>
</comp>

<comp id="1275" class="1004" name="trunc_ln_fu_1275">
<pin_list>
<pin id="1276" dir="0" index="0" bw="16" slack="0"/>
<pin id="1277" dir="0" index="1" bw="26" slack="0"/>
<pin id="1278" dir="0" index="2" bw="5" slack="0"/>
<pin id="1279" dir="0" index="3" bw="6" slack="0"/>
<pin id="1280" dir="1" index="4" bw="16" slack="0"/>
</pin_list>
<bind>
<opcode="partselect(1002) " fcode="partselect"/>
<opset="trunc_ln/1 "/>
</bind>
</comp>

<comp id="1285" class="1004" name="trunc_ln42_1_fu_1285">
<pin_list>
<pin id="1286" dir="0" index="0" bw="16" slack="0"/>
<pin id="1287" dir="0" index="1" bw="26" slack="0"/>
<pin id="1288" dir="0" index="2" bw="5" slack="0"/>
<pin id="1289" dir="0" index="3" bw="6" slack="0"/>
<pin id="1290" dir="1" index="4" bw="16" slack="0"/>
</pin_list>
<bind>
<opcode="partselect(1002) " fcode="partselect"/>
<opset="trunc_ln42_1/1 "/>
</bind>
</comp>

<comp id="1295" class="1004" name="sext_ln70_fu_1295">
<pin_list>
<pin id="1296" dir="0" index="0" bw="16" slack="0"/>
<pin id="1297" dir="1" index="1" bw="26" slack="0"/>
</pin_list>
<bind>
<opcode="sext(35) " fcode="sext"/>
<opset="sext_ln70/1 "/>
</bind>
</comp>

<comp id="1303" class="1004" name="trunc_ln42_2_fu_1303">
<pin_list>
<pin id="1304" dir="0" index="0" bw="16" slack="0"/>
<pin id="1305" dir="0" index="1" bw="26" slack="0"/>
<pin id="1306" dir="0" index="2" bw="5" slack="0"/>
<pin id="1307" dir="0" index="3" bw="6" slack="0"/>
<pin id="1308" dir="1" index="4" bw="16" slack="0"/>
</pin_list>
<bind>
<opcode="partselect(1002) " fcode="partselect"/>
<opset="trunc_ln42_2/1 "/>
</bind>
</comp>

<comp id="1313" class="1004" name="trunc_ln42_3_fu_1313">
<pin_list>
<pin id="1314" dir="0" index="0" bw="16" slack="0"/>
<pin id="1315" dir="0" index="1" bw="26" slack="0"/>
<pin id="1316" dir="0" index="2" bw="5" slack="0"/>
<pin id="1317" dir="0" index="3" bw="6" slack="0"/>
<pin id="1318" dir="1" index="4" bw="16" slack="0"/>
</pin_list>
<bind>
<opcode="partselect(1002) " fcode="partselect"/>
<opset="trunc_ln42_3/1 "/>
</bind>
</comp>

<comp id="1323" class="1004" name="trunc_ln42_4_fu_1323">
<pin_list>
<pin id="1324" dir="0" index="0" bw="16" slack="0"/>
<pin id="1325" dir="0" index="1" bw="26" slack="0"/>
<pin id="1326" dir="0" index="2" bw="5" slack="0"/>
<pin id="1327" dir="0" index="3" bw="6" slack="0"/>
<pin id="1328" dir="1" index="4" bw="16" slack="0"/>
</pin_list>
<bind>
<opcode="partselect(1002) " fcode="partselect"/>
<opset="trunc_ln42_4/1 "/>
</bind>
</comp>

<comp id="1333" class="1004" name="trunc_ln42_5_fu_1333">
<pin_list>
<pin id="1334" dir="0" index="0" bw="16" slack="0"/>
<pin id="1335" dir="0" index="1" bw="26" slack="0"/>
<pin id="1336" dir="0" index="2" bw="5" slack="0"/>
<pin id="1337" dir="0" index="3" bw="6" slack="0"/>
<pin id="1338" dir="1" index="4" bw="16" slack="0"/>
</pin_list>
<bind>
<opcode="partselect(1002) " fcode="partselect"/>
<opset="trunc_ln42_5/1 "/>
</bind>
</comp>

<comp id="1343" class="1004" name="sext_ln42_1_fu_1343">
<pin_list>
<pin id="1344" dir="0" index="0" bw="16" slack="0"/>
<pin id="1345" dir="1" index="1" bw="26" slack="0"/>
</pin_list>
<bind>
<opcode="sext(35) " fcode="sext"/>
<opset="sext_ln42_1/1 "/>
</bind>
</comp>

<comp id="1349" class="1004" name="trunc_ln42_6_fu_1349">
<pin_list>
<pin id="1350" dir="0" index="0" bw="16" slack="0"/>
<pin id="1351" dir="0" index="1" bw="26" slack="0"/>
<pin id="1352" dir="0" index="2" bw="5" slack="0"/>
<pin id="1353" dir="0" index="3" bw="6" slack="0"/>
<pin id="1354" dir="1" index="4" bw="16" slack="0"/>
</pin_list>
<bind>
<opcode="partselect(1002) " fcode="partselect"/>
<opset="trunc_ln42_6/1 "/>
</bind>
</comp>

<comp id="1359" class="1004" name="trunc_ln42_7_fu_1359">
<pin_list>
<pin id="1360" dir="0" index="0" bw="16" slack="0"/>
<pin id="1361" dir="0" index="1" bw="26" slack="0"/>
<pin id="1362" dir="0" index="2" bw="5" slack="0"/>
<pin id="1363" dir="0" index="3" bw="6" slack="0"/>
<pin id="1364" dir="1" index="4" bw="16" slack="0"/>
</pin_list>
<bind>
<opcode="partselect(1002) " fcode="partselect"/>
<opset="trunc_ln42_7/1 "/>
</bind>
</comp>

<comp id="1369" class="1004" name="sext_ln73_fu_1369">
<pin_list>
<pin id="1370" dir="0" index="0" bw="16" slack="0"/>
<pin id="1371" dir="1" index="1" bw="26" slack="0"/>
</pin_list>
<bind>
<opcode="sext(35) " fcode="sext"/>
<opset="sext_ln73/1 "/>
</bind>
</comp>

<comp id="1375" class="1004" name="trunc_ln42_8_fu_1375">
<pin_list>
<pin id="1376" dir="0" index="0" bw="16" slack="0"/>
<pin id="1377" dir="0" index="1" bw="26" slack="0"/>
<pin id="1378" dir="0" index="2" bw="5" slack="0"/>
<pin id="1379" dir="0" index="3" bw="6" slack="0"/>
<pin id="1380" dir="1" index="4" bw="16" slack="0"/>
</pin_list>
<bind>
<opcode="partselect(1002) " fcode="partselect"/>
<opset="trunc_ln42_8/1 "/>
</bind>
</comp>

<comp id="1385" class="1004" name="trunc_ln42_9_fu_1385">
<pin_list>
<pin id="1386" dir="0" index="0" bw="16" slack="0"/>
<pin id="1387" dir="0" index="1" bw="26" slack="0"/>
<pin id="1388" dir="0" index="2" bw="5" slack="0"/>
<pin id="1389" dir="0" index="3" bw="6" slack="0"/>
<pin id="1390" dir="1" index="4" bw="16" slack="0"/>
</pin_list>
<bind>
<opcode="partselect(1002) " fcode="partselect"/>
<opset="trunc_ln42_9/1 "/>
</bind>
</comp>

<comp id="1395" class="1004" name="sext_ln70_1_fu_1395">
<pin_list>
<pin id="1396" dir="0" index="0" bw="16" slack="0"/>
<pin id="1397" dir="1" index="1" bw="26" slack="0"/>
</pin_list>
<bind>
<opcode="sext(35) " fcode="sext"/>
<opset="sext_ln70_1/1 "/>
</bind>
</comp>

<comp id="1403" class="1004" name="trunc_ln42_s_fu_1403">
<pin_list>
<pin id="1404" dir="0" index="0" bw="16" slack="0"/>
<pin id="1405" dir="0" index="1" bw="26" slack="0"/>
<pin id="1406" dir="0" index="2" bw="5" slack="0"/>
<pin id="1407" dir="0" index="3" bw="6" slack="0"/>
<pin id="1408" dir="1" index="4" bw="16" slack="0"/>
</pin_list>
<bind>
<opcode="partselect(1002) " fcode="partselect"/>
<opset="trunc_ln42_s/1 "/>
</bind>
</comp>

<comp id="1413" class="1004" name="trunc_ln42_10_fu_1413">
<pin_list>
<pin id="1414" dir="0" index="0" bw="16" slack="0"/>
<pin id="1415" dir="0" index="1" bw="26" slack="0"/>
<pin id="1416" dir="0" index="2" bw="5" slack="0"/>
<pin id="1417" dir="0" index="3" bw="6" slack="0"/>
<pin id="1418" dir="1" index="4" bw="16" slack="0"/>
</pin_list>
<bind>
<opcode="partselect(1002) " fcode="partselect"/>
<opset="trunc_ln42_10/1 "/>
</bind>
</comp>

<comp id="1423" class="1004" name="trunc_ln42_11_fu_1423">
<pin_list>
<pin id="1424" dir="0" index="0" bw="16" slack="0"/>
<pin id="1425" dir="0" index="1" bw="26" slack="0"/>
<pin id="1426" dir="0" index="2" bw="5" slack="0"/>
<pin id="1427" dir="0" index="3" bw="6" slack="0"/>
<pin id="1428" dir="1" index="4" bw="16" slack="0"/>
</pin_list>
<bind>
<opcode="partselect(1002) " fcode="partselect"/>
<opset="trunc_ln42_11/1 "/>
</bind>
</comp>

<comp id="1433" class="1004" name="trunc_ln42_12_fu_1433">
<pin_list>
<pin id="1434" dir="0" index="0" bw="16" slack="0"/>
<pin id="1435" dir="0" index="1" bw="26" slack="0"/>
<pin id="1436" dir="0" index="2" bw="5" slack="0"/>
<pin id="1437" dir="0" index="3" bw="6" slack="0"/>
<pin id="1438" dir="1" index="4" bw="16" slack="0"/>
</pin_list>
<bind>
<opcode="partselect(1002) " fcode="partselect"/>
<opset="trunc_ln42_12/1 "/>
</bind>
</comp>

<comp id="1443" class="1004" name="sext_ln73_1_fu_1443">
<pin_list>
<pin id="1444" dir="0" index="0" bw="16" slack="0"/>
<pin id="1445" dir="1" index="1" bw="26" slack="0"/>
</pin_list>
<bind>
<opcode="sext(35) " fcode="sext"/>
<opset="sext_ln73_1/1 "/>
</bind>
</comp>

<comp id="1449" class="1004" name="trunc_ln42_13_fu_1449">
<pin_list>
<pin id="1450" dir="0" index="0" bw="16" slack="0"/>
<pin id="1451" dir="0" index="1" bw="26" slack="0"/>
<pin id="1452" dir="0" index="2" bw="5" slack="0"/>
<pin id="1453" dir="0" index="3" bw="6" slack="0"/>
<pin id="1454" dir="1" index="4" bw="16" slack="0"/>
</pin_list>
<bind>
<opcode="partselect(1002) " fcode="partselect"/>
<opset="trunc_ln42_13/1 "/>
</bind>
</comp>

<comp id="1459" class="1004" name="trunc_ln42_14_fu_1459">
<pin_list>
<pin id="1460" dir="0" index="0" bw="16" slack="0"/>
<pin id="1461" dir="0" index="1" bw="26" slack="0"/>
<pin id="1462" dir="0" index="2" bw="5" slack="0"/>
<pin id="1463" dir="0" index="3" bw="6" slack="0"/>
<pin id="1464" dir="1" index="4" bw="16" slack="0"/>
</pin_list>
<bind>
<opcode="partselect(1002) " fcode="partselect"/>
<opset="trunc_ln42_14/1 "/>
</bind>
</comp>

<comp id="1469" class="1004" name="add_ln58_fu_1469">
<pin_list>
<pin id="1470" dir="0" index="0" bw="16" slack="0"/>
<pin id="1471" dir="0" index="1" bw="1" slack="0"/>
<pin id="1472" dir="1" index="2" bw="16" slack="0"/>
</pin_list>
<bind>
<opcode="add(8) " fcode="add"/>
<opset="add_ln58/1 "/>
</bind>
</comp>

<comp id="1475" class="1004" name="add_ln58_1_fu_1475">
<pin_list>
<pin id="1476" dir="0" index="0" bw="16" slack="0"/>
<pin id="1477" dir="0" index="1" bw="5" slack="0"/>
<pin id="1478" dir="1" index="2" bw="16" slack="0"/>
</pin_list>
<bind>
<opcode="add(8) " fcode="add"/>
<opset="add_ln58_1/1 "/>
</bind>
</comp>

<comp id="1481" class="1004" name="add_ln58_2_fu_1481">
<pin_list>
<pin id="1482" dir="0" index="0" bw="16" slack="0"/>
<pin id="1483" dir="0" index="1" bw="16" slack="0"/>
<pin id="1484" dir="1" index="2" bw="16" slack="0"/>
</pin_list>
<bind>
<opcode="add(8) " fcode="add"/>
<opset="add_ln58_2/1 "/>
</bind>
</comp>

<comp id="1487" class="1004" name="add_ln58_3_fu_1487">
<pin_list>
<pin id="1488" dir="0" index="0" bw="16" slack="0"/>
<pin id="1489" dir="0" index="1" bw="16" slack="0"/>
<pin id="1490" dir="1" index="2" bw="16" slack="0"/>
</pin_list>
<bind>
<opcode="add(8) " fcode="add"/>
<opset="add_ln58_3/1 "/>
</bind>
</comp>

<comp id="1493" class="1004" name="add_ln58_4_fu_1493">
<pin_list>
<pin id="1494" dir="0" index="0" bw="16" slack="0"/>
<pin id="1495" dir="0" index="1" bw="16" slack="0"/>
<pin id="1496" dir="1" index="2" bw="16" slack="0"/>
</pin_list>
<bind>
<opcode="add(8) " fcode="add"/>
<opset="add_ln58_4/1 "/>
</bind>
</comp>

<comp id="1499" class="1004" name="add_ln58_5_fu_1499">
<pin_list>
<pin id="1500" dir="0" index="0" bw="16" slack="0"/>
<pin id="1501" dir="0" index="1" bw="4" slack="0"/>
<pin id="1502" dir="1" index="2" bw="16" slack="0"/>
</pin_list>
<bind>
<opcode="add(8) " fcode="add"/>
<opset="add_ln58_5/1 "/>
</bind>
</comp>

<comp id="1505" class="1004" name="add_ln58_6_fu_1505">
<pin_list>
<pin id="1506" dir="0" index="0" bw="16" slack="0"/>
<pin id="1507" dir="0" index="1" bw="16" slack="0"/>
<pin id="1508" dir="1" index="2" bw="16" slack="0"/>
</pin_list>
<bind>
<opcode="add(8) " fcode="add"/>
<opset="add_ln58_6/1 "/>
</bind>
</comp>

<comp id="1511" class="1004" name="add_ln58_7_fu_1511">
<pin_list>
<pin id="1512" dir="0" index="0" bw="16" slack="0"/>
<pin id="1513" dir="0" index="1" bw="16" slack="0"/>
<pin id="1514" dir="1" index="2" bw="16" slack="0"/>
</pin_list>
<bind>
<opcode="add(8) " fcode="add"/>
<opset="add_ln58_7/1 "/>
</bind>
</comp>

<comp id="1517" class="1004" name="add_ln58_8_fu_1517">
<pin_list>
<pin id="1518" dir="0" index="0" bw="16" slack="0"/>
<pin id="1519" dir="0" index="1" bw="6" slack="0"/>
<pin id="1520" dir="1" index="2" bw="16" slack="0"/>
</pin_list>
<bind>
<opcode="add(8) " fcode="add"/>
<opset="add_ln58_8/1 "/>
</bind>
</comp>

<comp id="1523" class="1004" name="add_ln58_9_fu_1523">
<pin_list>
<pin id="1524" dir="0" index="0" bw="16" slack="0"/>
<pin id="1525" dir="0" index="1" bw="16" slack="0"/>
<pin id="1526" dir="1" index="2" bw="16" slack="0"/>
</pin_list>
<bind>
<opcode="add(8) " fcode="add"/>
<opset="add_ln58_9/1 "/>
</bind>
</comp>

<comp id="1529" class="1004" name="add_ln58_10_fu_1529">
<pin_list>
<pin id="1530" dir="0" index="0" bw="16" slack="0"/>
<pin id="1531" dir="0" index="1" bw="16" slack="0"/>
<pin id="1532" dir="1" index="2" bw="16" slack="0"/>
</pin_list>
<bind>
<opcode="add(8) " fcode="add"/>
<opset="add_ln58_10/1 "/>
</bind>
</comp>

<comp id="1535" class="1004" name="add_ln58_11_fu_1535">
<pin_list>
<pin id="1536" dir="0" index="0" bw="16" slack="0"/>
<pin id="1537" dir="0" index="1" bw="3" slack="0"/>
<pin id="1538" dir="1" index="2" bw="16" slack="0"/>
</pin_list>
<bind>
<opcode="add(8) " fcode="add"/>
<opset="add_ln58_11/1 "/>
</bind>
</comp>

<comp id="1541" class="1004" name="add_ln58_12_fu_1541">
<pin_list>
<pin id="1542" dir="0" index="0" bw="16" slack="0"/>
<pin id="1543" dir="0" index="1" bw="16" slack="0"/>
<pin id="1544" dir="1" index="2" bw="16" slack="0"/>
</pin_list>
<bind>
<opcode="add(8) " fcode="add"/>
<opset="add_ln58_12/1 "/>
</bind>
</comp>

<comp id="1547" class="1004" name="add_ln58_13_fu_1547">
<pin_list>
<pin id="1548" dir="0" index="0" bw="16" slack="0"/>
<pin id="1549" dir="0" index="1" bw="4" slack="0"/>
<pin id="1550" dir="1" index="2" bw="16" slack="0"/>
</pin_list>
<bind>
<opcode="add(8) " fcode="add"/>
<opset="add_ln58_13/1 "/>
</bind>
</comp>

<comp id="1553" class="1004" name="add_ln58_14_fu_1553">
<pin_list>
<pin id="1554" dir="0" index="0" bw="16" slack="0"/>
<pin id="1555" dir="0" index="1" bw="16" slack="0"/>
<pin id="1556" dir="1" index="2" bw="16" slack="0"/>
</pin_list>
<bind>
<opcode="add(8) " fcode="add"/>
<opset="add_ln58_14/1 "/>
</bind>
</comp>

<comp id="1559" class="1004" name="newret_fu_1559">
<pin_list>
<pin id="1560" dir="0" index="0" bw="112" slack="0"/>
<pin id="1561" dir="0" index="1" bw="16" slack="0"/>
<pin id="1562" dir="1" index="2" bw="112" slack="0"/>
</pin_list>
<bind>
<opcode="insertvalue(57) " fcode="insertvalue"/>
<opset="newret/1 "/>
</bind>
</comp>

<comp id="1565" class="1004" name="newret2_fu_1565">
<pin_list>
<pin id="1566" dir="0" index="0" bw="112" slack="0"/>
<pin id="1567" dir="0" index="1" bw="16" slack="0"/>
<pin id="1568" dir="1" index="2" bw="112" slack="0"/>
</pin_list>
<bind>
<opcode="insertvalue(57) " fcode="insertvalue"/>
<opset="newret2/1 "/>
</bind>
</comp>

<comp id="1571" class="1004" name="newret4_fu_1571">
<pin_list>
<pin id="1572" dir="0" index="0" bw="112" slack="0"/>
<pin id="1573" dir="0" index="1" bw="16" slack="0"/>
<pin id="1574" dir="1" index="2" bw="112" slack="0"/>
</pin_list>
<bind>
<opcode="insertvalue(57) " fcode="insertvalue"/>
<opset="newret4/1 "/>
</bind>
</comp>

<comp id="1577" class="1004" name="newret6_fu_1577">
<pin_list>
<pin id="1578" dir="0" index="0" bw="112" slack="0"/>
<pin id="1579" dir="0" index="1" bw="16" slack="0"/>
<pin id="1580" dir="1" index="2" bw="112" slack="0"/>
</pin_list>
<bind>
<opcode="insertvalue(57) " fcode="insertvalue"/>
<opset="newret6/1 "/>
</bind>
</comp>

<comp id="1583" class="1004" name="newret8_fu_1583">
<pin_list>
<pin id="1584" dir="0" index="0" bw="112" slack="0"/>
<pin id="1585" dir="0" index="1" bw="16" slack="0"/>
<pin id="1586" dir="1" index="2" bw="112" slack="0"/>
</pin_list>
<bind>
<opcode="insertvalue(57) " fcode="insertvalue"/>
<opset="newret8/1 "/>
</bind>
</comp>

<comp id="1589" class="1004" name="newret1_fu_1589">
<pin_list>
<pin id="1590" dir="0" index="0" bw="112" slack="0"/>
<pin id="1591" dir="0" index="1" bw="16" slack="0"/>
<pin id="1592" dir="1" index="2" bw="112" slack="0"/>
</pin_list>
<bind>
<opcode="insertvalue(57) " fcode="insertvalue"/>
<opset="newret1/1 "/>
</bind>
</comp>

<comp id="1595" class="1004" name="newret3_fu_1595">
<pin_list>
<pin id="1596" dir="0" index="0" bw="112" slack="0"/>
<pin id="1597" dir="0" index="1" bw="16" slack="0"/>
<pin id="1598" dir="1" index="2" bw="112" slack="2147483647"/>
</pin_list>
<bind>
<opcode="insertvalue(57) " fcode="insertvalue"/>
<opset="newret3/1 "/>
</bind>
</comp>

</comp_list>

<net_list>
<net id="84"><net_src comp="26" pin="0"/><net_sink comp="80" pin=0"/></net>

<net id="85"><net_src comp="10" pin="0"/><net_sink comp="80" pin=1"/></net>

<net id="90"><net_src comp="26" pin="0"/><net_sink comp="86" pin=0"/></net>

<net id="91"><net_src comp="8" pin="0"/><net_sink comp="86" pin=1"/></net>

<net id="96"><net_src comp="26" pin="0"/><net_sink comp="92" pin=0"/></net>

<net id="97"><net_src comp="6" pin="0"/><net_sink comp="92" pin=1"/></net>

<net id="102"><net_src comp="26" pin="0"/><net_sink comp="98" pin=0"/></net>

<net id="103"><net_src comp="4" pin="0"/><net_sink comp="98" pin=1"/></net>

<net id="108"><net_src comp="26" pin="0"/><net_sink comp="104" pin=0"/></net>

<net id="109"><net_src comp="2" pin="0"/><net_sink comp="104" pin=1"/></net>

<net id="114"><net_src comp="26" pin="0"/><net_sink comp="110" pin=0"/></net>

<net id="115"><net_src comp="0" pin="0"/><net_sink comp="110" pin=1"/></net>

<net id="1159"><net_src comp="28" pin="0"/><net_sink comp="117" pin=1"/></net>

<net id="1163"><net_src comp="36" pin="0"/><net_sink comp="121" pin=1"/></net>

<net id="1167"><net_src comp="38" pin="0"/><net_sink comp="131" pin=1"/></net>

<net id="1171"><net_src comp="40" pin="0"/><net_sink comp="124" pin=1"/></net>

<net id="1175"><net_src comp="42" pin="0"/><net_sink comp="119" pin=1"/></net>

<net id="1179"><net_src comp="44" pin="0"/><net_sink comp="120" pin=1"/></net>

<net id="1183"><net_src comp="46" pin="0"/><net_sink comp="122" pin=1"/></net>

<net id="1187"><net_src comp="48" pin="0"/><net_sink comp="128" pin=1"/></net>

<net id="1191"><net_src comp="50" pin="0"/><net_sink comp="125" pin=1"/></net>

<net id="1195"><net_src comp="52" pin="0"/><net_sink comp="118" pin=1"/></net>

<net id="1199"><net_src comp="54" pin="0"/><net_sink comp="126" pin=1"/></net>

<net id="1203"><net_src comp="56" pin="0"/><net_sink comp="123" pin=1"/></net>

<net id="1207"><net_src comp="58" pin="0"/><net_sink comp="127" pin=1"/></net>

<net id="1211"><net_src comp="60" pin="0"/><net_sink comp="129" pin=1"/></net>

<net id="1215"><net_src comp="62" pin="0"/><net_sink comp="130" pin=1"/></net>

<net id="1219"><net_src comp="64" pin="0"/><net_sink comp="116" pin=1"/></net>

<net id="1272"><net_src comp="110" pin="2"/><net_sink comp="1269" pin=0"/></net>

<net id="1273"><net_src comp="1269" pin="1"/><net_sink comp="117" pin=0"/></net>

<net id="1274"><net_src comp="1269" pin="1"/><net_sink comp="121" pin=0"/></net>

<net id="1281"><net_src comp="30" pin="0"/><net_sink comp="1275" pin=0"/></net>

<net id="1282"><net_src comp="117" pin="2"/><net_sink comp="1275" pin=1"/></net>

<net id="1283"><net_src comp="32" pin="0"/><net_sink comp="1275" pin=2"/></net>

<net id="1284"><net_src comp="34" pin="0"/><net_sink comp="1275" pin=3"/></net>

<net id="1291"><net_src comp="30" pin="0"/><net_sink comp="1285" pin=0"/></net>

<net id="1292"><net_src comp="121" pin="2"/><net_sink comp="1285" pin=1"/></net>

<net id="1293"><net_src comp="32" pin="0"/><net_sink comp="1285" pin=2"/></net>

<net id="1294"><net_src comp="34" pin="0"/><net_sink comp="1285" pin=3"/></net>

<net id="1298"><net_src comp="104" pin="2"/><net_sink comp="1295" pin=0"/></net>

<net id="1299"><net_src comp="1295" pin="1"/><net_sink comp="131" pin=0"/></net>

<net id="1300"><net_src comp="1295" pin="1"/><net_sink comp="124" pin=0"/></net>

<net id="1301"><net_src comp="1295" pin="1"/><net_sink comp="119" pin=0"/></net>

<net id="1302"><net_src comp="1295" pin="1"/><net_sink comp="120" pin=0"/></net>

<net id="1309"><net_src comp="30" pin="0"/><net_sink comp="1303" pin=0"/></net>

<net id="1310"><net_src comp="131" pin="2"/><net_sink comp="1303" pin=1"/></net>

<net id="1311"><net_src comp="32" pin="0"/><net_sink comp="1303" pin=2"/></net>

<net id="1312"><net_src comp="34" pin="0"/><net_sink comp="1303" pin=3"/></net>

<net id="1319"><net_src comp="30" pin="0"/><net_sink comp="1313" pin=0"/></net>

<net id="1320"><net_src comp="124" pin="2"/><net_sink comp="1313" pin=1"/></net>

<net id="1321"><net_src comp="32" pin="0"/><net_sink comp="1313" pin=2"/></net>

<net id="1322"><net_src comp="34" pin="0"/><net_sink comp="1313" pin=3"/></net>

<net id="1329"><net_src comp="30" pin="0"/><net_sink comp="1323" pin=0"/></net>

<net id="1330"><net_src comp="119" pin="2"/><net_sink comp="1323" pin=1"/></net>

<net id="1331"><net_src comp="32" pin="0"/><net_sink comp="1323" pin=2"/></net>

<net id="1332"><net_src comp="34" pin="0"/><net_sink comp="1323" pin=3"/></net>

<net id="1339"><net_src comp="30" pin="0"/><net_sink comp="1333" pin=0"/></net>

<net id="1340"><net_src comp="120" pin="2"/><net_sink comp="1333" pin=1"/></net>

<net id="1341"><net_src comp="32" pin="0"/><net_sink comp="1333" pin=2"/></net>

<net id="1342"><net_src comp="34" pin="0"/><net_sink comp="1333" pin=3"/></net>

<net id="1346"><net_src comp="98" pin="2"/><net_sink comp="1343" pin=0"/></net>

<net id="1347"><net_src comp="1343" pin="1"/><net_sink comp="122" pin=0"/></net>

<net id="1348"><net_src comp="1343" pin="1"/><net_sink comp="128" pin=0"/></net>

<net id="1355"><net_src comp="30" pin="0"/><net_sink comp="1349" pin=0"/></net>

<net id="1356"><net_src comp="122" pin="2"/><net_sink comp="1349" pin=1"/></net>

<net id="1357"><net_src comp="32" pin="0"/><net_sink comp="1349" pin=2"/></net>

<net id="1358"><net_src comp="34" pin="0"/><net_sink comp="1349" pin=3"/></net>

<net id="1365"><net_src comp="30" pin="0"/><net_sink comp="1359" pin=0"/></net>

<net id="1366"><net_src comp="128" pin="2"/><net_sink comp="1359" pin=1"/></net>

<net id="1367"><net_src comp="32" pin="0"/><net_sink comp="1359" pin=2"/></net>

<net id="1368"><net_src comp="34" pin="0"/><net_sink comp="1359" pin=3"/></net>

<net id="1372"><net_src comp="92" pin="2"/><net_sink comp="1369" pin=0"/></net>

<net id="1373"><net_src comp="1369" pin="1"/><net_sink comp="125" pin=0"/></net>

<net id="1374"><net_src comp="1369" pin="1"/><net_sink comp="118" pin=0"/></net>

<net id="1381"><net_src comp="30" pin="0"/><net_sink comp="1375" pin=0"/></net>

<net id="1382"><net_src comp="125" pin="2"/><net_sink comp="1375" pin=1"/></net>

<net id="1383"><net_src comp="32" pin="0"/><net_sink comp="1375" pin=2"/></net>

<net id="1384"><net_src comp="34" pin="0"/><net_sink comp="1375" pin=3"/></net>

<net id="1391"><net_src comp="30" pin="0"/><net_sink comp="1385" pin=0"/></net>

<net id="1392"><net_src comp="118" pin="2"/><net_sink comp="1385" pin=1"/></net>

<net id="1393"><net_src comp="32" pin="0"/><net_sink comp="1385" pin=2"/></net>

<net id="1394"><net_src comp="34" pin="0"/><net_sink comp="1385" pin=3"/></net>

<net id="1398"><net_src comp="86" pin="2"/><net_sink comp="1395" pin=0"/></net>

<net id="1399"><net_src comp="1395" pin="1"/><net_sink comp="126" pin=0"/></net>

<net id="1400"><net_src comp="1395" pin="1"/><net_sink comp="123" pin=0"/></net>

<net id="1401"><net_src comp="1395" pin="1"/><net_sink comp="127" pin=0"/></net>

<net id="1402"><net_src comp="1395" pin="1"/><net_sink comp="129" pin=0"/></net>

<net id="1409"><net_src comp="30" pin="0"/><net_sink comp="1403" pin=0"/></net>

<net id="1410"><net_src comp="126" pin="2"/><net_sink comp="1403" pin=1"/></net>

<net id="1411"><net_src comp="32" pin="0"/><net_sink comp="1403" pin=2"/></net>

<net id="1412"><net_src comp="34" pin="0"/><net_sink comp="1403" pin=3"/></net>

<net id="1419"><net_src comp="30" pin="0"/><net_sink comp="1413" pin=0"/></net>

<net id="1420"><net_src comp="123" pin="2"/><net_sink comp="1413" pin=1"/></net>

<net id="1421"><net_src comp="32" pin="0"/><net_sink comp="1413" pin=2"/></net>

<net id="1422"><net_src comp="34" pin="0"/><net_sink comp="1413" pin=3"/></net>

<net id="1429"><net_src comp="30" pin="0"/><net_sink comp="1423" pin=0"/></net>

<net id="1430"><net_src comp="127" pin="2"/><net_sink comp="1423" pin=1"/></net>

<net id="1431"><net_src comp="32" pin="0"/><net_sink comp="1423" pin=2"/></net>

<net id="1432"><net_src comp="34" pin="0"/><net_sink comp="1423" pin=3"/></net>

<net id="1439"><net_src comp="30" pin="0"/><net_sink comp="1433" pin=0"/></net>

<net id="1440"><net_src comp="129" pin="2"/><net_sink comp="1433" pin=1"/></net>

<net id="1441"><net_src comp="32" pin="0"/><net_sink comp="1433" pin=2"/></net>

<net id="1442"><net_src comp="34" pin="0"/><net_sink comp="1433" pin=3"/></net>

<net id="1446"><net_src comp="80" pin="2"/><net_sink comp="1443" pin=0"/></net>

<net id="1447"><net_src comp="1443" pin="1"/><net_sink comp="130" pin=0"/></net>

<net id="1448"><net_src comp="1443" pin="1"/><net_sink comp="116" pin=0"/></net>

<net id="1455"><net_src comp="30" pin="0"/><net_sink comp="1449" pin=0"/></net>

<net id="1456"><net_src comp="130" pin="2"/><net_sink comp="1449" pin=1"/></net>

<net id="1457"><net_src comp="32" pin="0"/><net_sink comp="1449" pin=2"/></net>

<net id="1458"><net_src comp="34" pin="0"/><net_sink comp="1449" pin=3"/></net>

<net id="1465"><net_src comp="30" pin="0"/><net_sink comp="1459" pin=0"/></net>

<net id="1466"><net_src comp="116" pin="2"/><net_sink comp="1459" pin=1"/></net>

<net id="1467"><net_src comp="32" pin="0"/><net_sink comp="1459" pin=2"/></net>

<net id="1468"><net_src comp="34" pin="0"/><net_sink comp="1459" pin=3"/></net>

<net id="1473"><net_src comp="1375" pin="4"/><net_sink comp="1469" pin=0"/></net>

<net id="1474"><net_src comp="66" pin="0"/><net_sink comp="1469" pin=1"/></net>

<net id="1479"><net_src comp="1403" pin="4"/><net_sink comp="1475" pin=0"/></net>

<net id="1480"><net_src comp="68" pin="0"/><net_sink comp="1475" pin=1"/></net>

<net id="1485"><net_src comp="1303" pin="4"/><net_sink comp="1481" pin=0"/></net>

<net id="1486"><net_src comp="1275" pin="4"/><net_sink comp="1481" pin=1"/></net>

<net id="1491"><net_src comp="1349" pin="4"/><net_sink comp="1487" pin=0"/></net>

<net id="1492"><net_src comp="1413" pin="4"/><net_sink comp="1487" pin=1"/></net>

<net id="1497"><net_src comp="1487" pin="2"/><net_sink comp="1493" pin=0"/></net>

<net id="1498"><net_src comp="1481" pin="2"/><net_sink comp="1493" pin=1"/></net>

<net id="1503"><net_src comp="1423" pin="4"/><net_sink comp="1499" pin=0"/></net>

<net id="1504"><net_src comp="70" pin="0"/><net_sink comp="1499" pin=1"/></net>

<net id="1509"><net_src comp="1499" pin="2"/><net_sink comp="1505" pin=0"/></net>

<net id="1510"><net_src comp="1285" pin="4"/><net_sink comp="1505" pin=1"/></net>

<net id="1515"><net_src comp="1323" pin="4"/><net_sink comp="1511" pin=0"/></net>

<net id="1516"><net_src comp="1359" pin="4"/><net_sink comp="1511" pin=1"/></net>

<net id="1521"><net_src comp="1433" pin="4"/><net_sink comp="1517" pin=0"/></net>

<net id="1522"><net_src comp="72" pin="0"/><net_sink comp="1517" pin=1"/></net>

<net id="1527"><net_src comp="1517" pin="2"/><net_sink comp="1523" pin=0"/></net>

<net id="1528"><net_src comp="1511" pin="2"/><net_sink comp="1523" pin=1"/></net>

<net id="1533"><net_src comp="1313" pin="4"/><net_sink comp="1529" pin=0"/></net>

<net id="1534"><net_src comp="1385" pin="4"/><net_sink comp="1529" pin=1"/></net>

<net id="1539"><net_src comp="1449" pin="4"/><net_sink comp="1535" pin=0"/></net>

<net id="1540"><net_src comp="74" pin="0"/><net_sink comp="1535" pin=1"/></net>

<net id="1545"><net_src comp="1535" pin="2"/><net_sink comp="1541" pin=0"/></net>

<net id="1546"><net_src comp="1529" pin="2"/><net_sink comp="1541" pin=1"/></net>

<net id="1551"><net_src comp="1459" pin="4"/><net_sink comp="1547" pin=0"/></net>

<net id="1552"><net_src comp="76" pin="0"/><net_sink comp="1547" pin=1"/></net>

<net id="1557"><net_src comp="1547" pin="2"/><net_sink comp="1553" pin=0"/></net>

<net id="1558"><net_src comp="1333" pin="4"/><net_sink comp="1553" pin=1"/></net>

<net id="1563"><net_src comp="78" pin="0"/><net_sink comp="1559" pin=0"/></net>

<net id="1564"><net_src comp="1475" pin="2"/><net_sink comp="1559" pin=1"/></net>

<net id="1569"><net_src comp="1559" pin="2"/><net_sink comp="1565" pin=0"/></net>

<net id="1570"><net_src comp="1493" pin="2"/><net_sink comp="1565" pin=1"/></net>

<net id="1575"><net_src comp="1565" pin="2"/><net_sink comp="1571" pin=0"/></net>

<net id="1576"><net_src comp="1505" pin="2"/><net_sink comp="1571" pin=1"/></net>

<net id="1581"><net_src comp="1571" pin="2"/><net_sink comp="1577" pin=0"/></net>

<net id="1582"><net_src comp="1469" pin="2"/><net_sink comp="1577" pin=1"/></net>

<net id="1587"><net_src comp="1577" pin="2"/><net_sink comp="1583" pin=0"/></net>

<net id="1588"><net_src comp="1541" pin="2"/><net_sink comp="1583" pin=1"/></net>

<net id="1593"><net_src comp="1583" pin="2"/><net_sink comp="1589" pin=0"/></net>

<net id="1594"><net_src comp="1523" pin="2"/><net_sink comp="1589" pin=1"/></net>

<net id="1599"><net_src comp="1589" pin="2"/><net_sink comp="1595" pin=0"/></net>

<net id="1600"><net_src comp="1553" pin="2"/><net_sink comp="1595" pin=1"/></net>

</net_list>

</model> 
---------------- Datapath Model END ------------------

* FSMD analyzer results:
  - Output states:
 - Input state : 
	Port: dense_latency<ap_fixed<16, 6, 5, 3, 0>, ap_fixed<16, 6, 5, 3, 0>, config8> : data_0_val | {1 }
	Port: dense_latency<ap_fixed<16, 6, 5, 3, 0>, ap_fixed<16, 6, 5, 3, 0>, config8> : data_1_val | {1 }
	Port: dense_latency<ap_fixed<16, 6, 5, 3, 0>, ap_fixed<16, 6, 5, 3, 0>, config8> : data_2_val | {1 }
	Port: dense_latency<ap_fixed<16, 6, 5, 3, 0>, ap_fixed<16, 6, 5, 3, 0>, config8> : data_3_val | {1 }
	Port: dense_latency<ap_fixed<16, 6, 5, 3, 0>, ap_fixed<16, 6, 5, 3, 0>, config8> : data_4_val | {1 }
	Port: dense_latency<ap_fixed<16, 6, 5, 3, 0>, ap_fixed<16, 6, 5, 3, 0>, config8> : data_5_val | {1 }
  - Chain level:
	State 1
		mul_ln73 : 1
		trunc_ln : 2
		mul_ln42 : 1
		trunc_ln42_1 : 2
		mul_ln73_1 : 1
		trunc_ln42_2 : 2
		mul_ln42_1 : 1
		trunc_ln42_3 : 2
		mul_ln42_2 : 1
		trunc_ln42_4 : 2
		mul_ln42_3 : 1
		trunc_ln42_5 : 2
		mul_ln73_2 : 1
		trunc_ln42_6 : 2
		mul_ln42_4 : 1
		trunc_ln42_7 : 2
		mul_ln42_5 : 1
		trunc_ln42_8 : 2
		mul_ln42_6 : 1
		trunc_ln42_9 : 2
		mul_ln73_3 : 1
		trunc_ln42_s : 2
		mul_ln42_7 : 1
		trunc_ln42_10 : 2
		mul_ln42_8 : 1
		trunc_ln42_11 : 2
		mul_ln42_9 : 1
		trunc_ln42_12 : 2
		mul_ln42_10 : 1
		trunc_ln42_13 : 2
		mul_ln42_11 : 1
		trunc_ln42_14 : 2
		add_ln58 : 3
		add_ln58_1 : 3
		add_ln58_2 : 3
		add_ln58_3 : 3
		add_ln58_4 : 4
		add_ln58_5 : 3
		add_ln58_6 : 4
		add_ln58_7 : 3
		add_ln58_8 : 3
		add_ln58_9 : 4
		add_ln58_10 : 3
		add_ln58_11 : 3
		add_ln58_12 : 4
		add_ln58_13 : 3
		add_ln58_14 : 4
		newret : 4
		newret2 : 5
		newret4 : 6
		newret6 : 7
		newret8 : 8
		newret1 : 9
		newret3 : 10
		ret_ln58 : 11


============================================================
+ Verbose Summary: Datapath Resource usage 
============================================================

* Functional unit list:
|----------|-----------------------------|---------|---------|---------|
| Operation|       Functional Unit       |   DSP   |    FF   |   LUT   |
|----------|-----------------------------|---------|---------|---------|
|          |       add_ln58_fu_1469      |    0    |    0    |    23   |
|          |      add_ln58_1_fu_1475     |    0    |    0    |    23   |
|          |      add_ln58_2_fu_1481     |    0    |    0    |    16   |
|          |      add_ln58_3_fu_1487     |    0    |    0    |    23   |
|          |      add_ln58_4_fu_1493     |    0    |    0    |    16   |
|          |      add_ln58_5_fu_1499     |    0    |    0    |    16   |
|          |      add_ln58_6_fu_1505     |    0    |    0    |    16   |
|    add   |      add_ln58_7_fu_1511     |    0    |    0    |    16   |
|          |      add_ln58_8_fu_1517     |    0    |    0    |    23   |
|          |      add_ln58_9_fu_1523     |    0    |    0    |    16   |
|          |     add_ln58_10_fu_1529     |    0    |    0    |    16   |
|          |     add_ln58_11_fu_1535     |    0    |    0    |    23   |
|          |     add_ln58_12_fu_1541     |    0    |    0    |    16   |
|          |     add_ln58_13_fu_1547     |    0    |    0    |    16   |
|          |     add_ln58_14_fu_1553     |    0    |    0    |    16   |
|----------|-----------------------------|---------|---------|---------|
|          |      mul_ln42_11_fu_116     |    1    |    0    |    5    |
|          |       mul_ln73_fu_117       |    1    |    0    |    5    |
|          |      mul_ln42_6_fu_118      |    1    |    0    |    5    |
|          |      mul_ln42_2_fu_119      |    1    |    0    |    5    |
|          |      mul_ln42_3_fu_120      |    1    |    0    |    5    |
|          |       mul_ln42_fu_121       |    1    |    0    |    5    |
|          |      mul_ln73_2_fu_122      |    1    |    0    |    5    |
|    mul   |      mul_ln42_7_fu_123      |    1    |    0    |    5    |
|          |      mul_ln42_1_fu_124      |    1    |    0    |    5    |
|          |      mul_ln42_5_fu_125      |    1    |    0    |    5    |
|          |      mul_ln73_3_fu_126      |    1    |    0    |    5    |
|          |      mul_ln42_8_fu_127      |    1    |    0    |    5    |
|          |      mul_ln42_4_fu_128      |    1    |    0    |    5    |
|          |      mul_ln42_9_fu_129      |    1    |    0    |    5    |
|          |      mul_ln42_10_fu_130     |    1    |    0    |    5    |
|          |      mul_ln73_1_fu_131      |    1    |    0    |    5    |
|----------|-----------------------------|---------|---------|---------|
|          |  data_5_val_read_read_fu_80 |    0    |    0    |    0    |
|          |  data_4_val_read_read_fu_86 |    0    |    0    |    0    |
|   read   |  data_3_val_read_read_fu_92 |    0    |    0    |    0    |
|          |  data_2_val_read_read_fu_98 |    0    |    0    |    0    |
|          | data_1_val_read_read_fu_104 |    0    |    0    |    0    |
|          | data_0_val_read_read_fu_110 |    0    |    0    |    0    |
|----------|-----------------------------|---------|---------|---------|
|          |      sext_ln42_fu_1269      |    0    |    0    |    0    |
|          |      sext_ln70_fu_1295      |    0    |    0    |    0    |
|   sext   |     sext_ln42_1_fu_1343     |    0    |    0    |    0    |
|          |      sext_ln73_fu_1369      |    0    |    0    |    0    |
|          |     sext_ln70_1_fu_1395     |    0    |    0    |    0    |
|          |     sext_ln73_1_fu_1443     |    0    |    0    |    0    |
|----------|-----------------------------|---------|---------|---------|
|          |       trunc_ln_fu_1275      |    0    |    0    |    0    |
|          |     trunc_ln42_1_fu_1285    |    0    |    0    |    0    |
|          |     trunc_ln42_2_fu_1303    |    0    |    0    |    0    |
|          |     trunc_ln42_3_fu_1313    |    0    |    0    |    0    |
|          |     trunc_ln42_4_fu_1323    |    0    |    0    |    0    |
|          |     trunc_ln42_5_fu_1333    |    0    |    0    |    0    |
|          |     trunc_ln42_6_fu_1349    |    0    |    0    |    0    |
|partselect|     trunc_ln42_7_fu_1359    |    0    |    0    |    0    |
|          |     trunc_ln42_8_fu_1375    |    0    |    0    |    0    |
|          |     trunc_ln42_9_fu_1385    |    0    |    0    |    0    |
|          |     trunc_ln42_s_fu_1403    |    0    |    0    |    0    |
|          |    trunc_ln42_10_fu_1413    |    0    |    0    |    0    |
|          |    trunc_ln42_11_fu_1423    |    0    |    0    |    0    |
|          |    trunc_ln42_12_fu_1433    |    0    |    0    |    0    |
|          |    trunc_ln42_13_fu_1449    |    0    |    0    |    0    |
|          |    trunc_ln42_14_fu_1459    |    0    |    0    |    0    |
|----------|-----------------------------|---------|---------|---------|
|          |        newret_fu_1559       |    0    |    0    |    0    |
|          |       newret2_fu_1565       |    0    |    0    |    0    |
|          |       newret4_fu_1571       |    0    |    0    |    0    |
|insertvalue|       newret6_fu_1577       |    0    |    0    |    0    |
|          |       newret8_fu_1583       |    0    |    0    |    0    |
|          |       newret1_fu_1589       |    0    |    0    |    0    |
|          |       newret3_fu_1595       |    0    |    0    |    0    |
|----------|-----------------------------|---------|---------|---------|
|   Total  |                             |    16   |    0    |   355   |
|----------|-----------------------------|---------|---------|---------|

Memories:
N/A

* Register list:
N/A

* Multiplexer (MUX) list: 
|--------|------|------|------|--------|
|  Comp  |  Pin | Size |  BW  | S x BW |
|--------|------|------|------|--------|
|  Total |      |      |      |    0   |
|--------|------|------|------|--------|



* Summary:
+-----------+--------+--------+--------+
|           |   DSP  |   FF   |   LUT  |
+-----------+--------+--------+--------+
|  Function |   16   |    0   |   355  |
|   Memory  |    -   |    -   |    -   |
|Multiplexer|    -   |    -   |    -   |
|  Register |    -   |    -   |    -   |
+-----------+--------+--------+--------+
|   Total   |   16   |    0   |   355  |
+-----------+--------+--------+--------+
