

================================================================
== Vitis HLS Report for 'myproject'
================================================================
* Date:           Thu Jun 22 09:34:21 2023

* Version:        2023.1 (Build 3854077 on May  4 2023)
* Project:        myproject_prj
* Solution:       solution1 (Vivado IP Flow Target)
* Product family: virtexuplus
* Target device:  xcu250-figd2104-2L-e


================================================================
== Performance Estimates
================================================================
+ Timing: 
    * Summary: 
    +--------+---------+----------+------------+
    |  Clock |  Target | Estimated| Uncertainty|
    +--------+---------+----------+------------+
    |ap_clk  |  5.00 ns|  3.803 ns|     0.62 ns|
    +--------+---------+----------+------------+

+ Latency: 
    * Summary: 
    +---------+---------+-----------+-----------+-----+-----+---------+
    |  Latency (cycles) |   Latency (absolute)  |  Interval | Pipeline|
    |   min   |   max   |    min    |    max    | min | max |   Type  |
    +---------+---------+-----------+-----------+-----+-----+---------+
    |        4|        4|  20.000 ns|  20.000 ns|    1|    1|      yes|
    +---------+---------+-----------+-----------+-----+-----+---------+

    + Detail: 
        * Instance: 
        +----------------------------------------------------------------------------------+-----------------------------------------------------------------+---------+---------+----------+----------+-----+-----+---------+
        |                                                                                  |                                                                 |  Latency (cycles) |  Latency (absolute) |  Interval | Pipeline|
        |                                     Instance                                     |                              Module                             |   min   |   max   |    min   |    max   | min | max |   Type  |
        +----------------------------------------------------------------------------------+-----------------------------------------------------------------+---------+---------+----------+----------+-----+-----+---------+
        |call_ret1_dense_latency_ap_fixed_16_6_5_3_0_ap_fixed_16_6_5_3_0_config2_s_fu_121  |dense_latency_ap_fixed_16_6_5_3_0_ap_fixed_16_6_5_3_0_config2_s  |        0|        0|      0 ns|      0 ns|    1|    1|      yes|
        |call_ret2_relu_ap_fixed_16_6_5_3_0_ap_fixed_16_6_5_3_0_relu_config3_s_fu_127      |relu_ap_fixed_16_6_5_3_0_ap_fixed_16_6_5_3_0_relu_config3_s      |        0|        0|      0 ns|      0 ns|    1|    1|      yes|
        |call_ret3_dense_latency_ap_fixed_16_6_5_3_0_ap_fixed_16_6_5_3_0_config4_s_fu_134  |dense_latency_ap_fixed_16_6_5_3_0_ap_fixed_16_6_5_3_0_config4_s  |        0|        0|      0 ns|      0 ns|    1|    1|      yes|
        |call_ret4_relu_ap_fixed_16_6_5_3_0_ap_fixed_16_6_5_3_0_relu_config5_s_fu_141      |relu_ap_fixed_16_6_5_3_0_ap_fixed_16_6_5_3_0_relu_config5_s      |        0|        0|      0 ns|      0 ns|    1|    1|      yes|
        |call_ret5_dense_latency_ap_fixed_16_6_5_3_0_ap_fixed_16_6_5_3_0_config6_s_fu_151  |dense_latency_ap_fixed_16_6_5_3_0_ap_fixed_16_6_5_3_0_config6_s  |        0|        0|      0 ns|      0 ns|    1|    1|      yes|
        |call_ret6_relu_ap_fixed_16_6_5_3_0_ap_fixed_16_6_5_3_0_relu_config7_s_fu_161      |relu_ap_fixed_16_6_5_3_0_ap_fixed_16_6_5_3_0_relu_config7_s      |        0|        0|      0 ns|      0 ns|    1|    1|      yes|
        |call_ret7_dense_latency_ap_fixed_16_6_5_3_0_ap_fixed_16_6_5_3_0_config8_s_fu_171  |dense_latency_ap_fixed_16_6_5_3_0_ap_fixed_16_6_5_3_0_config8_s  |        0|        0|      0 ns|      0 ns|    1|    1|      yes|
        |call_ret_relu_ap_fixed_16_6_5_3_0_ap_fixed_16_6_5_3_0_relu_config9_s_fu_181       |relu_ap_fixed_16_6_5_3_0_ap_fixed_16_6_5_3_0_relu_config9_s      |        0|        0|      0 ns|      0 ns|    1|    1|      yes|
        +----------------------------------------------------------------------------------+-----------------------------------------------------------------+---------+---------+----------+----------+-----+-----+---------+

        * Loop: 
        N/A

============================================================
+ Verbose Summary: Synthesis Manager
============================================================
InlineROM: 1
ExposeGlobal: 0
============================================================
+ Verbose Summary: CDFG Model
============================================================
IsTopModel: 1
ResetActiveHigh: 1
IsCombinational: 0
IsDatapathOnly: 0
HasWiredReturn: 1
HasMFsm: 2
HasVarLatency: 0
IsPipeline: 1
IsRtlPipelined: 1
IsInstanceOverlapped: 0
IsDontTouch: 0
HasImplIP: 0
IsGatedGlobalClock: 0

+ Individual pipeline summary: 
  * Pipeline-0: initiation interval (II) = 1, depth = 5


============================================================
+ Verbose Summary: Schedule
============================================================
* Number of FSM states : 5
* Pipeline : 1
  Pipeline-0 : II = 1, D = 5, States = { 1 2 3 4 5 }
* Dataflow Pipeline: 0

* FSM state transitions: 
1 --> 2 
2 --> 3 
3 --> 4 
4 --> 5 
5 --> 

* FSM state operations: 

State 1 <SV = 0> <Delay = 3.80>
ST_1 : Operation 6 [1/1] (0.00ns)   --->   "%dense_in_1_input_read = read i32 @_ssdm_op_Read.ap_vld.i32P0A, i32 %dense_in_1_input"   --->   Operation 6 'read' 'dense_in_1_input_read' <Predicate = true> <Delay = 0.00>
ST_1 : Operation 7 [1/1] (2.72ns)   --->   "%call_ret1 = call i48 @dense_latency<ap_fixed<16, 6, 5, 3, 0>, ap_fixed<16, 6, 5, 3, 0>, config2>, i32 %dense_in_1_input_read" [firmware/nnet_utils/nnet_dense.h:41->firmware/myproject.cpp:41]   --->   Operation 7 'call' 'call_ret1' <Predicate = true> <Delay = 2.72> <CoreType = "Generic">   --->   Core 0 '' <Latency = 0> <II = 1> <Delay = 1.00> <Generic> <Opcode : >
ST_1 : Operation 8 [1/1] (0.00ns)   --->   "%layer2_out = extractvalue i48 %call_ret1" [firmware/nnet_utils/nnet_dense.h:41->firmware/myproject.cpp:41]   --->   Operation 8 'extractvalue' 'layer2_out' <Predicate = true> <Delay = 0.00>
ST_1 : Operation 9 [1/1] (0.00ns)   --->   "%layer2_out_1 = extractvalue i48 %call_ret1" [firmware/nnet_utils/nnet_dense.h:41->firmware/myproject.cpp:41]   --->   Operation 9 'extractvalue' 'layer2_out_1' <Predicate = true> <Delay = 0.00>
ST_1 : Operation 10 [1/1] (0.00ns)   --->   "%layer2_out_2 = extractvalue i48 %call_ret1" [firmware/nnet_utils/nnet_dense.h:41->firmware/myproject.cpp:41]   --->   Operation 10 'extractvalue' 'layer2_out_2' <Predicate = true> <Delay = 0.00>
ST_1 : Operation 11 [1/1] (1.07ns)   --->   "%call_ret2 = call i48 @relu<ap_fixed<16, 6, 5, 3, 0>, ap_fixed<16, 6, 5, 3, 0>, relu_config3>, i16 %layer2_out, i16 %layer2_out_1, i16 %layer2_out_2" [firmware/myproject.cpp:45]   --->   Operation 11 'call' 'call_ret2' <Predicate = true> <Delay = 1.07> <CoreType = "Generic">   --->   Core 0 '' <Latency = 0> <II = 1> <Delay = 1.00> <Generic> <Opcode : >
ST_1 : Operation 12 [1/1] (0.00ns)   --->   "%layer3_out = extractvalue i48 %call_ret2" [firmware/myproject.cpp:45]   --->   Operation 12 'extractvalue' 'layer3_out' <Predicate = true> <Delay = 0.00>
ST_1 : Operation 13 [1/1] (0.00ns)   --->   "%layer3_out_1 = extractvalue i48 %call_ret2" [firmware/myproject.cpp:45]   --->   Operation 13 'extractvalue' 'layer3_out_1' <Predicate = true> <Delay = 0.00>
ST_1 : Operation 14 [1/1] (0.00ns)   --->   "%layer3_out_2 = extractvalue i48 %call_ret2" [firmware/myproject.cpp:45]   --->   Operation 14 'extractvalue' 'layer3_out_2' <Predicate = true> <Delay = 0.00>

State 2 <SV = 1> <Delay = 3.80>
ST_2 : Operation 15 [1/1] (2.72ns)   --->   "%call_ret3 = call i96 @dense_latency<ap_fixed<16, 6, 5, 3, 0>, ap_fixed<16, 6, 5, 3, 0>, config4>, i16 %layer3_out, i16 %layer3_out_1, i16 %layer3_out_2" [firmware/nnet_utils/nnet_dense.h:41->firmware/myproject.cpp:49]   --->   Operation 15 'call' 'call_ret3' <Predicate = true> <Delay = 2.72> <CoreType = "Generic">   --->   Core 0 '' <Latency = 0> <II = 1> <Delay = 1.00> <Generic> <Opcode : >
ST_2 : Operation 16 [1/1] (0.00ns)   --->   "%layer4_out = extractvalue i96 %call_ret3" [firmware/nnet_utils/nnet_dense.h:41->firmware/myproject.cpp:49]   --->   Operation 16 'extractvalue' 'layer4_out' <Predicate = true> <Delay = 0.00>
ST_2 : Operation 17 [1/1] (0.00ns)   --->   "%layer4_out_1 = extractvalue i96 %call_ret3" [firmware/nnet_utils/nnet_dense.h:41->firmware/myproject.cpp:49]   --->   Operation 17 'extractvalue' 'layer4_out_1' <Predicate = true> <Delay = 0.00>
ST_2 : Operation 18 [1/1] (0.00ns)   --->   "%layer4_out_2 = extractvalue i96 %call_ret3" [firmware/nnet_utils/nnet_dense.h:41->firmware/myproject.cpp:49]   --->   Operation 18 'extractvalue' 'layer4_out_2' <Predicate = true> <Delay = 0.00>
ST_2 : Operation 19 [1/1] (0.00ns)   --->   "%layer4_out_3 = extractvalue i96 %call_ret3" [firmware/nnet_utils/nnet_dense.h:41->firmware/myproject.cpp:49]   --->   Operation 19 'extractvalue' 'layer4_out_3' <Predicate = true> <Delay = 0.00>
ST_2 : Operation 20 [1/1] (0.00ns)   --->   "%layer4_out_4 = extractvalue i96 %call_ret3" [firmware/nnet_utils/nnet_dense.h:41->firmware/myproject.cpp:49]   --->   Operation 20 'extractvalue' 'layer4_out_4' <Predicate = true> <Delay = 0.00>
ST_2 : Operation 21 [1/1] (0.00ns)   --->   "%layer4_out_5 = extractvalue i96 %call_ret3" [firmware/nnet_utils/nnet_dense.h:41->firmware/myproject.cpp:49]   --->   Operation 21 'extractvalue' 'layer4_out_5' <Predicate = true> <Delay = 0.00>
ST_2 : Operation 22 [1/1] (1.07ns)   --->   "%call_ret4 = call i96 @relu<ap_fixed<16, 6, 5, 3, 0>, ap_fixed<16, 6, 5, 3, 0>, relu_config5>, i16 %layer4_out, i16 %layer4_out_1, i16 %layer4_out_2, i16 %layer4_out_3, i16 %layer4_out_4, i16 %layer4_out_5" [firmware/myproject.cpp:53]   --->   Operation 22 'call' 'call_ret4' <Predicate = true> <Delay = 1.07> <CoreType = "Generic">   --->   Core 0 '' <Latency = 0> <II = 1> <Delay = 1.00> <Generic> <Opcode : >
ST_2 : Operation 23 [1/1] (0.00ns)   --->   "%layer5_out = extractvalue i96 %call_ret4" [firmware/myproject.cpp:53]   --->   Operation 23 'extractvalue' 'layer5_out' <Predicate = true> <Delay = 0.00>
ST_2 : Operation 24 [1/1] (0.00ns)   --->   "%layer5_out_1 = extractvalue i96 %call_ret4" [firmware/myproject.cpp:53]   --->   Operation 24 'extractvalue' 'layer5_out_1' <Predicate = true> <Delay = 0.00>
ST_2 : Operation 25 [1/1] (0.00ns)   --->   "%layer5_out_2 = extractvalue i96 %call_ret4" [firmware/myproject.cpp:53]   --->   Operation 25 'extractvalue' 'layer5_out_2' <Predicate = true> <Delay = 0.00>
ST_2 : Operation 26 [1/1] (0.00ns)   --->   "%layer5_out_3 = extractvalue i96 %call_ret4" [firmware/myproject.cpp:53]   --->   Operation 26 'extractvalue' 'layer5_out_3' <Predicate = true> <Delay = 0.00>
ST_2 : Operation 27 [1/1] (0.00ns)   --->   "%layer5_out_4 = extractvalue i96 %call_ret4" [firmware/myproject.cpp:53]   --->   Operation 27 'extractvalue' 'layer5_out_4' <Predicate = true> <Delay = 0.00>
ST_2 : Operation 28 [1/1] (0.00ns)   --->   "%layer5_out_5 = extractvalue i96 %call_ret4" [firmware/myproject.cpp:53]   --->   Operation 28 'extractvalue' 'layer5_out_5' <Predicate = true> <Delay = 0.00>

State 3 <SV = 2> <Delay = 3.80>
ST_3 : Operation 29 [1/1] (2.72ns)   --->   "%call_ret5 = call i96 @dense_latency<ap_fixed<16, 6, 5, 3, 0>, ap_fixed<16, 6, 5, 3, 0>, config6>, i16 %layer5_out, i16 %layer5_out_1, i16 %layer5_out_2, i16 %layer5_out_3, i16 %layer5_out_4, i16 %layer5_out_5" [firmware/nnet_utils/nnet_dense.h:41->firmware/myproject.cpp:57]   --->   Operation 29 'call' 'call_ret5' <Predicate = true> <Delay = 2.72> <CoreType = "Generic">   --->   Core 0 '' <Latency = 0> <II = 1> <Delay = 1.00> <Generic> <Opcode : >
ST_3 : Operation 30 [1/1] (0.00ns)   --->   "%layer6_out = extractvalue i96 %call_ret5" [firmware/nnet_utils/nnet_dense.h:41->firmware/myproject.cpp:57]   --->   Operation 30 'extractvalue' 'layer6_out' <Predicate = true> <Delay = 0.00>
ST_3 : Operation 31 [1/1] (0.00ns)   --->   "%layer6_out_1 = extractvalue i96 %call_ret5" [firmware/nnet_utils/nnet_dense.h:41->firmware/myproject.cpp:57]   --->   Operation 31 'extractvalue' 'layer6_out_1' <Predicate = true> <Delay = 0.00>
ST_3 : Operation 32 [1/1] (0.00ns)   --->   "%layer6_out_2 = extractvalue i96 %call_ret5" [firmware/nnet_utils/nnet_dense.h:41->firmware/myproject.cpp:57]   --->   Operation 32 'extractvalue' 'layer6_out_2' <Predicate = true> <Delay = 0.00>
ST_3 : Operation 33 [1/1] (0.00ns)   --->   "%layer6_out_3 = extractvalue i96 %call_ret5" [firmware/nnet_utils/nnet_dense.h:41->firmware/myproject.cpp:57]   --->   Operation 33 'extractvalue' 'layer6_out_3' <Predicate = true> <Delay = 0.00>
ST_3 : Operation 34 [1/1] (0.00ns)   --->   "%layer6_out_4 = extractvalue i96 %call_ret5" [firmware/nnet_utils/nnet_dense.h:41->firmware/myproject.cpp:57]   --->   Operation 34 'extractvalue' 'layer6_out_4' <Predicate = true> <Delay = 0.00>
ST_3 : Operation 35 [1/1] (0.00ns)   --->   "%layer6_out_5 = extractvalue i96 %call_ret5" [firmware/nnet_utils/nnet_dense.h:41->firmware/myproject.cpp:57]   --->   Operation 35 'extractvalue' 'layer6_out_5' <Predicate = true> <Delay = 0.00>
ST_3 : Operation 36 [1/1] (1.07ns)   --->   "%call_ret6 = call i96 @relu<ap_fixed<16, 6, 5, 3, 0>, ap_fixed<16, 6, 5, 3, 0>, relu_config7>, i16 %layer6_out, i16 %layer6_out_1, i16 %layer6_out_2, i16 %layer6_out_3, i16 %layer6_out_4, i16 %layer6_out_5" [firmware/myproject.cpp:61]   --->   Operation 36 'call' 'call_ret6' <Predicate = true> <Delay = 1.07> <CoreType = "Generic">   --->   Core 0 '' <Latency = 0> <II = 1> <Delay = 1.00> <Generic> <Opcode : >
ST_3 : Operation 37 [1/1] (0.00ns)   --->   "%layer7_out = extractvalue i96 %call_ret6" [firmware/myproject.cpp:61]   --->   Operation 37 'extractvalue' 'layer7_out' <Predicate = true> <Delay = 0.00>
ST_3 : Operation 38 [1/1] (0.00ns)   --->   "%layer7_out_1 = extractvalue i96 %call_ret6" [firmware/myproject.cpp:61]   --->   Operation 38 'extractvalue' 'layer7_out_1' <Predicate = true> <Delay = 0.00>
ST_3 : Operation 39 [1/1] (0.00ns)   --->   "%layer7_out_2 = extractvalue i96 %call_ret6" [firmware/myproject.cpp:61]   --->   Operation 39 'extractvalue' 'layer7_out_2' <Predicate = true> <Delay = 0.00>
ST_3 : Operation 40 [1/1] (0.00ns)   --->   "%layer7_out_3 = extractvalue i96 %call_ret6" [firmware/myproject.cpp:61]   --->   Operation 40 'extractvalue' 'layer7_out_3' <Predicate = true> <Delay = 0.00>
ST_3 : Operation 41 [1/1] (0.00ns)   --->   "%layer7_out_4 = extractvalue i96 %call_ret6" [firmware/myproject.cpp:61]   --->   Operation 41 'extractvalue' 'layer7_out_4' <Predicate = true> <Delay = 0.00>
ST_3 : Operation 42 [1/1] (0.00ns)   --->   "%layer7_out_5 = extractvalue i96 %call_ret6" [firmware/myproject.cpp:61]   --->   Operation 42 'extractvalue' 'layer7_out_5' <Predicate = true> <Delay = 0.00>

State 4 <SV = 3> <Delay = 3.40>
ST_4 : Operation 43 [1/1] (3.40ns)   --->   "%call_ret7 = call i112 @dense_latency<ap_fixed<16, 6, 5, 3, 0>, ap_fixed<16, 6, 5, 3, 0>, config8>, i16 %layer7_out, i16 %layer7_out_1, i16 %layer7_out_2, i16 %layer7_out_3, i16 %layer7_out_4, i16 %layer7_out_5" [firmware/nnet_utils/nnet_dense.h:41->firmware/myproject.cpp:65]   --->   Operation 43 'call' 'call_ret7' <Predicate = true> <Delay = 3.40> <CoreType = "Generic">   --->   Core 0 '' <Latency = 0> <II = 1> <Delay = 1.00> <Generic> <Opcode : >
ST_4 : Operation 44 [1/1] (0.00ns)   --->   "%layer8_out = extractvalue i112 %call_ret7" [firmware/nnet_utils/nnet_dense.h:41->firmware/myproject.cpp:65]   --->   Operation 44 'extractvalue' 'layer8_out' <Predicate = true> <Delay = 0.00>
ST_4 : Operation 45 [1/1] (0.00ns)   --->   "%layer8_out_1 = extractvalue i112 %call_ret7" [firmware/nnet_utils/nnet_dense.h:41->firmware/myproject.cpp:65]   --->   Operation 45 'extractvalue' 'layer8_out_1' <Predicate = true> <Delay = 0.00>
ST_4 : Operation 46 [1/1] (0.00ns)   --->   "%layer8_out_2 = extractvalue i112 %call_ret7" [firmware/nnet_utils/nnet_dense.h:41->firmware/myproject.cpp:65]   --->   Operation 46 'extractvalue' 'layer8_out_2' <Predicate = true> <Delay = 0.00>
ST_4 : Operation 47 [1/1] (0.00ns)   --->   "%layer8_out_3 = extractvalue i112 %call_ret7" [firmware/nnet_utils/nnet_dense.h:41->firmware/myproject.cpp:65]   --->   Operation 47 'extractvalue' 'layer8_out_3' <Predicate = true> <Delay = 0.00>
ST_4 : Operation 48 [1/1] (0.00ns)   --->   "%layer8_out_4 = extractvalue i112 %call_ret7" [firmware/nnet_utils/nnet_dense.h:41->firmware/myproject.cpp:65]   --->   Operation 48 'extractvalue' 'layer8_out_4' <Predicate = true> <Delay = 0.00>
ST_4 : Operation 49 [1/1] (0.00ns)   --->   "%layer8_out_5 = extractvalue i112 %call_ret7" [firmware/nnet_utils/nnet_dense.h:41->firmware/myproject.cpp:65]   --->   Operation 49 'extractvalue' 'layer8_out_5' <Predicate = true> <Delay = 0.00>
ST_4 : Operation 50 [1/1] (0.00ns)   --->   "%layer8_out_6 = extractvalue i112 %call_ret7" [firmware/nnet_utils/nnet_dense.h:41->firmware/myproject.cpp:65]   --->   Operation 50 'extractvalue' 'layer8_out_6' <Predicate = true> <Delay = 0.00>

State 5 <SV = 4> <Delay = 1.07>
ST_5 : Operation 51 [1/1] (0.00ns)   --->   "%specpipeline_ln0 = specpipeline void @_ssdm_op_SpecPipeline, i32 4294967295, i32 0, i32 0, i32 0, void @empty_0"   --->   Operation 51 'specpipeline' 'specpipeline_ln0' <Predicate = true> <Delay = 0.00>
ST_5 : Operation 52 [1/1] (0.00ns)   --->   "%spectopmodule_ln0 = spectopmodule void @_ssdm_op_SpecTopModule, void @empty_2"   --->   Operation 52 'spectopmodule' 'spectopmodule_ln0' <Predicate = true> <Delay = 0.00>
ST_5 : Operation 53 [1/1] (0.00ns)   --->   "%specbitsmap_ln0 = specbitsmap void @_ssdm_op_SpecBitsMap, i32 %dense_in_1_input"   --->   Operation 53 'specbitsmap' 'specbitsmap_ln0' <Predicate = true> <Delay = 0.00>
ST_5 : Operation 54 [1/1] (0.00ns)   --->   "%specinterface_ln0 = specinterface void @_ssdm_op_SpecInterface, i32 %dense_in_1_input, void @empty, i32 0, i32 0, void @empty_0, i32 0, i32 0, void @empty_0, void @empty_0, void @empty_0, i32 0, i32 0, i32 0, i32 0, void @empty_0, void @empty_0, i32 4294967295, i32 0"   --->   Operation 54 'specinterface' 'specinterface_ln0' <Predicate = true> <Delay = 0.00>
ST_5 : Operation 55 [1/1] (0.00ns)   --->   "%specbitsmap_ln0 = specbitsmap void @_ssdm_op_SpecBitsMap, i16 %layer9_out_0"   --->   Operation 55 'specbitsmap' 'specbitsmap_ln0' <Predicate = true> <Delay = 0.00>
ST_5 : Operation 56 [1/1] (0.00ns)   --->   "%specinterface_ln0 = specinterface void @_ssdm_op_SpecInterface, i16 %layer9_out_0, void @empty, i32 0, i32 0, void @empty_0, i32 0, i32 0, void @empty_0, void @empty_0, void @empty_0, i32 0, i32 0, i32 0, i32 0, void @empty_0, void @empty_0, i32 4294967295, i32 0"   --->   Operation 56 'specinterface' 'specinterface_ln0' <Predicate = true> <Delay = 0.00>
ST_5 : Operation 57 [1/1] (0.00ns)   --->   "%specbitsmap_ln0 = specbitsmap void @_ssdm_op_SpecBitsMap, i16 %layer9_out_1"   --->   Operation 57 'specbitsmap' 'specbitsmap_ln0' <Predicate = true> <Delay = 0.00>
ST_5 : Operation 58 [1/1] (0.00ns)   --->   "%specinterface_ln0 = specinterface void @_ssdm_op_SpecInterface, i16 %layer9_out_1, void @empty, i32 0, i32 0, void @empty_0, i32 0, i32 0, void @empty_0, void @empty_0, void @empty_0, i32 0, i32 0, i32 0, i32 0, void @empty_0, void @empty_0, i32 4294967295, i32 0"   --->   Operation 58 'specinterface' 'specinterface_ln0' <Predicate = true> <Delay = 0.00>
ST_5 : Operation 59 [1/1] (0.00ns)   --->   "%specbitsmap_ln0 = specbitsmap void @_ssdm_op_SpecBitsMap, i16 %layer9_out_2"   --->   Operation 59 'specbitsmap' 'specbitsmap_ln0' <Predicate = true> <Delay = 0.00>
ST_5 : Operation 60 [1/1] (0.00ns)   --->   "%specinterface_ln0 = specinterface void @_ssdm_op_SpecInterface, i16 %layer9_out_2, void @empty, i32 0, i32 0, void @empty_0, i32 0, i32 0, void @empty_0, void @empty_0, void @empty_0, i32 0, i32 0, i32 0, i32 0, void @empty_0, void @empty_0, i32 4294967295, i32 0"   --->   Operation 60 'specinterface' 'specinterface_ln0' <Predicate = true> <Delay = 0.00>
ST_5 : Operation 61 [1/1] (0.00ns)   --->   "%specbitsmap_ln0 = specbitsmap void @_ssdm_op_SpecBitsMap, i16 %layer9_out_3"   --->   Operation 61 'specbitsmap' 'specbitsmap_ln0' <Predicate = true> <Delay = 0.00>
ST_5 : Operation 62 [1/1] (0.00ns)   --->   "%specinterface_ln0 = specinterface void @_ssdm_op_SpecInterface, i16 %layer9_out_3, void @empty, i32 0, i32 0, void @empty_0, i32 0, i32 0, void @empty_0, void @empty_0, void @empty_0, i32 0, i32 0, i32 0, i32 0, void @empty_0, void @empty_0, i32 4294967295, i32 0"   --->   Operation 62 'specinterface' 'specinterface_ln0' <Predicate = true> <Delay = 0.00>
ST_5 : Operation 63 [1/1] (0.00ns)   --->   "%specbitsmap_ln0 = specbitsmap void @_ssdm_op_SpecBitsMap, i16 %layer9_out_4"   --->   Operation 63 'specbitsmap' 'specbitsmap_ln0' <Predicate = true> <Delay = 0.00>
ST_5 : Operation 64 [1/1] (0.00ns)   --->   "%specinterface_ln0 = specinterface void @_ssdm_op_SpecInterface, i16 %layer9_out_4, void @empty, i32 0, i32 0, void @empty_0, i32 0, i32 0, void @empty_0, void @empty_0, void @empty_0, i32 0, i32 0, i32 0, i32 0, void @empty_0, void @empty_0, i32 4294967295, i32 0"   --->   Operation 64 'specinterface' 'specinterface_ln0' <Predicate = true> <Delay = 0.00>
ST_5 : Operation 65 [1/1] (0.00ns)   --->   "%specbitsmap_ln0 = specbitsmap void @_ssdm_op_SpecBitsMap, i16 %layer9_out_5"   --->   Operation 65 'specbitsmap' 'specbitsmap_ln0' <Predicate = true> <Delay = 0.00>
ST_5 : Operation 66 [1/1] (0.00ns)   --->   "%specinterface_ln0 = specinterface void @_ssdm_op_SpecInterface, i16 %layer9_out_5, void @empty, i32 0, i32 0, void @empty_0, i32 0, i32 0, void @empty_0, void @empty_0, void @empty_0, i32 0, i32 0, i32 0, i32 0, void @empty_0, void @empty_0, i32 4294967295, i32 0"   --->   Operation 66 'specinterface' 'specinterface_ln0' <Predicate = true> <Delay = 0.00>
ST_5 : Operation 67 [1/1] (0.00ns)   --->   "%specbitsmap_ln0 = specbitsmap void @_ssdm_op_SpecBitsMap, i16 %layer9_out_6"   --->   Operation 67 'specbitsmap' 'specbitsmap_ln0' <Predicate = true> <Delay = 0.00>
ST_5 : Operation 68 [1/1] (0.00ns)   --->   "%specinterface_ln0 = specinterface void @_ssdm_op_SpecInterface, i16 %layer9_out_6, void @empty, i32 0, i32 0, void @empty_0, i32 0, i32 0, void @empty_0, void @empty_0, void @empty_0, i32 0, i32 0, i32 0, i32 0, void @empty_0, void @empty_0, i32 4294967295, i32 0"   --->   Operation 68 'specinterface' 'specinterface_ln0' <Predicate = true> <Delay = 0.00>
ST_5 : Operation 69 [1/1] (0.00ns)   --->   "%specbitsmap_ln0 = specbitsmap void @_ssdm_op_SpecBitsMap, i16 %layer9_out_7"   --->   Operation 69 'specbitsmap' 'specbitsmap_ln0' <Predicate = true> <Delay = 0.00>
ST_5 : Operation 70 [1/1] (0.00ns)   --->   "%specinterface_ln0 = specinterface void @_ssdm_op_SpecInterface, i16 %layer9_out_7, void @empty, i32 0, i32 0, void @empty_0, i32 0, i32 0, void @empty_0, void @empty_0, void @empty_0, i32 0, i32 0, i32 0, i32 0, void @empty_0, void @empty_0, i32 4294967295, i32 0"   --->   Operation 70 'specinterface' 'specinterface_ln0' <Predicate = true> <Delay = 0.00>
ST_5 : Operation 71 [1/1] (1.07ns)   --->   "%call_ret = call i112 @relu<ap_fixed<16, 6, 5, 3, 0>, ap_fixed<16, 6, 5, 3, 0>, relu_config9>, i16 %layer8_out, i16 %layer8_out_1, i16 %layer8_out_2, i16 %layer8_out_3, i16 %layer8_out_4, i16 %layer8_out_5, i16 %layer8_out_6" [firmware/myproject.cpp:67]   --->   Operation 71 'call' 'call_ret' <Predicate = true> <Delay = 1.07> <CoreType = "Generic">   --->   Core 0 '' <Latency = 0> <II = 1> <Delay = 1.00> <Generic> <Opcode : >
ST_5 : Operation 72 [1/1] (0.00ns)   --->   "%newret = extractvalue i112 %call_ret" [firmware/myproject.cpp:67]   --->   Operation 72 'extractvalue' 'newret' <Predicate = true> <Delay = 0.00>
ST_5 : Operation 73 [1/1] (0.00ns)   --->   "%newret7 = extractvalue i112 %call_ret" [firmware/myproject.cpp:67]   --->   Operation 73 'extractvalue' 'newret7' <Predicate = true> <Delay = 0.00>
ST_5 : Operation 74 [1/1] (0.00ns)   --->   "%newret8 = extractvalue i112 %call_ret" [firmware/myproject.cpp:67]   --->   Operation 74 'extractvalue' 'newret8' <Predicate = true> <Delay = 0.00>
ST_5 : Operation 75 [1/1] (0.00ns)   --->   "%newret9 = extractvalue i112 %call_ret" [firmware/myproject.cpp:67]   --->   Operation 75 'extractvalue' 'newret9' <Predicate = true> <Delay = 0.00>
ST_5 : Operation 76 [1/1] (0.00ns)   --->   "%newret1 = extractvalue i112 %call_ret" [firmware/myproject.cpp:67]   --->   Operation 76 'extractvalue' 'newret1' <Predicate = true> <Delay = 0.00>
ST_5 : Operation 77 [1/1] (0.00ns)   --->   "%newret2 = extractvalue i112 %call_ret" [firmware/myproject.cpp:67]   --->   Operation 77 'extractvalue' 'newret2' <Predicate = true> <Delay = 0.00>
ST_5 : Operation 78 [1/1] (0.00ns)   --->   "%newret3 = extractvalue i112 %call_ret" [firmware/myproject.cpp:67]   --->   Operation 78 'extractvalue' 'newret3' <Predicate = true> <Delay = 0.00>
ST_5 : Operation 79 [1/1] (0.00ns)   --->   "%write_ln67 = write void @_ssdm_op_Write.ap_vld.i16P0A, i16 %layer9_out_0, i16 %newret" [firmware/myproject.cpp:67]   --->   Operation 79 'write' 'write_ln67' <Predicate = true> <Delay = 0.00>
ST_5 : Operation 80 [1/1] (0.00ns)   --->   "%write_ln67 = write void @_ssdm_op_Write.ap_vld.i16P0A, i16 %layer9_out_1, i16 %newret7" [firmware/myproject.cpp:67]   --->   Operation 80 'write' 'write_ln67' <Predicate = true> <Delay = 0.00>
ST_5 : Operation 81 [1/1] (0.00ns)   --->   "%write_ln67 = write void @_ssdm_op_Write.ap_vld.i16P0A, i16 %layer9_out_2, i16 0" [firmware/myproject.cpp:67]   --->   Operation 81 'write' 'write_ln67' <Predicate = true> <Delay = 0.00>
ST_5 : Operation 82 [1/1] (0.00ns)   --->   "%write_ln67 = write void @_ssdm_op_Write.ap_vld.i16P0A, i16 %layer9_out_3, i16 %newret8" [firmware/myproject.cpp:67]   --->   Operation 82 'write' 'write_ln67' <Predicate = true> <Delay = 0.00>
ST_5 : Operation 83 [1/1] (0.00ns)   --->   "%write_ln67 = write void @_ssdm_op_Write.ap_vld.i16P0A, i16 %layer9_out_4, i16 %newret9" [firmware/myproject.cpp:67]   --->   Operation 83 'write' 'write_ln67' <Predicate = true> <Delay = 0.00>
ST_5 : Operation 84 [1/1] (0.00ns)   --->   "%write_ln67 = write void @_ssdm_op_Write.ap_vld.i16P0A, i16 %layer9_out_5, i16 %newret1" [firmware/myproject.cpp:67]   --->   Operation 84 'write' 'write_ln67' <Predicate = true> <Delay = 0.00>
ST_5 : Operation 85 [1/1] (0.00ns)   --->   "%write_ln67 = write void @_ssdm_op_Write.ap_vld.i16P0A, i16 %layer9_out_6, i16 %newret2" [firmware/myproject.cpp:67]   --->   Operation 85 'write' 'write_ln67' <Predicate = true> <Delay = 0.00>
ST_5 : Operation 86 [1/1] (0.00ns)   --->   "%write_ln67 = write void @_ssdm_op_Write.ap_vld.i16P0A, i16 %layer9_out_7, i16 %newret3" [firmware/myproject.cpp:67]   --->   Operation 86 'write' 'write_ln67' <Predicate = true> <Delay = 0.00>
ST_5 : Operation 87 [1/1] (0.00ns)   --->   "%ret_ln69 = ret" [firmware/myproject.cpp:69]   --->   Operation 87 'ret' 'ret_ln69' <Predicate = true> <Delay = 0.00>


============================================================
+ Verbose Summary: Binding
============================================================
STG Binding: 
---------------- STG Properties BEGIN ----------------
- Is combinational: 0
- Is one-state seq: 0
- Is datapath-only: 0
- Is pipelined: 1
- Is top level: 1
Port [ Return ] is wired: 1; IO mode=ap_ctrl_hs:ce=0
Port [ dense_in_1_input]:  wired=1; compound=0; hidden=0; nouse=0; global=0; static=0; extern=0; dir=0; type=0; pingpong=0; private_global=0; IO mode=ap_vld:ce=0
Port [ layer9_out_0]:  wired=1; compound=0; hidden=0; nouse=0; global=0; static=0; extern=0; dir=1; type=0; pingpong=0; private_global=0; IO mode=ap_vld:ce=0
Port [ layer9_out_1]:  wired=1; compound=0; hidden=0; nouse=0; global=0; static=0; extern=0; dir=1; type=0; pingpong=0; private_global=0; IO mode=ap_vld:ce=0
Port [ layer9_out_2]:  wired=1; compound=0; hidden=0; nouse=0; global=0; static=0; extern=0; dir=1; type=0; pingpong=0; private_global=0; IO mode=ap_vld:ce=0
Port [ layer9_out_3]:  wired=1; compound=0; hidden=0; nouse=0; global=0; static=0; extern=0; dir=1; type=0; pingpong=0; private_global=0; IO mode=ap_vld:ce=0
Port [ layer9_out_4]:  wired=1; compound=0; hidden=0; nouse=0; global=0; static=0; extern=0; dir=1; type=0; pingpong=0; private_global=0; IO mode=ap_vld:ce=0
Port [ layer9_out_5]:  wired=1; compound=0; hidden=0; nouse=0; global=0; static=0; extern=0; dir=1; type=0; pingpong=0; private_global=0; IO mode=ap_vld:ce=0
Port [ layer9_out_6]:  wired=1; compound=0; hidden=0; nouse=0; global=0; static=0; extern=0; dir=1; type=0; pingpong=0; private_global=0; IO mode=ap_vld:ce=0
Port [ layer9_out_7]:  wired=1; compound=0; hidden=0; nouse=0; global=0; static=0; extern=0; dir=1; type=0; pingpong=0; private_global=0; IO mode=ap_vld:ce=0
---------------- STG Properties END ------------------

---------------- Datapath Model BEGIN ----------------

<LifeTime>
<method=bitvector/>
dense_in_1_input_read (read         ) [ 000000]
call_ret1             (call         ) [ 000000]
layer2_out            (extractvalue ) [ 000000]
layer2_out_1          (extractvalue ) [ 000000]
layer2_out_2          (extractvalue ) [ 000000]
call_ret2             (call         ) [ 000000]
layer3_out            (extractvalue ) [ 011000]
layer3_out_1          (extractvalue ) [ 011000]
layer3_out_2          (extractvalue ) [ 011000]
call_ret3             (call         ) [ 000000]
layer4_out            (extractvalue ) [ 000000]
layer4_out_1          (extractvalue ) [ 000000]
layer4_out_2          (extractvalue ) [ 000000]
layer4_out_3          (extractvalue ) [ 000000]
layer4_out_4          (extractvalue ) [ 000000]
layer4_out_5          (extractvalue ) [ 000000]
call_ret4             (call         ) [ 000000]
layer5_out            (extractvalue ) [ 010100]
layer5_out_1          (extractvalue ) [ 010100]
layer5_out_2          (extractvalue ) [ 010100]
layer5_out_3          (extractvalue ) [ 010100]
layer5_out_4          (extractvalue ) [ 010100]
layer5_out_5          (extractvalue ) [ 010100]
call_ret5             (call         ) [ 000000]
layer6_out            (extractvalue ) [ 000000]
layer6_out_1          (extractvalue ) [ 000000]
layer6_out_2          (extractvalue ) [ 000000]
layer6_out_3          (extractvalue ) [ 000000]
layer6_out_4          (extractvalue ) [ 000000]
layer6_out_5          (extractvalue ) [ 000000]
call_ret6             (call         ) [ 000000]
layer7_out            (extractvalue ) [ 010010]
layer7_out_1          (extractvalue ) [ 010010]
layer7_out_2          (extractvalue ) [ 010010]
layer7_out_3          (extractvalue ) [ 010010]
layer7_out_4          (extractvalue ) [ 010010]
layer7_out_5          (extractvalue ) [ 010010]
call_ret7             (call         ) [ 000000]
layer8_out            (extractvalue ) [ 010001]
layer8_out_1          (extractvalue ) [ 010001]
layer8_out_2          (extractvalue ) [ 010001]
layer8_out_3          (extractvalue ) [ 010001]
layer8_out_4          (extractvalue ) [ 010001]
layer8_out_5          (extractvalue ) [ 010001]
layer8_out_6          (extractvalue ) [ 010001]
specpipeline_ln0      (specpipeline ) [ 000000]
spectopmodule_ln0     (spectopmodule) [ 000000]
specbitsmap_ln0       (specbitsmap  ) [ 000000]
specinterface_ln0     (specinterface) [ 000000]
specbitsmap_ln0       (specbitsmap  ) [ 000000]
specinterface_ln0     (specinterface) [ 000000]
specbitsmap_ln0       (specbitsmap  ) [ 000000]
specinterface_ln0     (specinterface) [ 000000]
specbitsmap_ln0       (specbitsmap  ) [ 000000]
specinterface_ln0     (specinterface) [ 000000]
specbitsmap_ln0       (specbitsmap  ) [ 000000]
specinterface_ln0     (specinterface) [ 000000]
specbitsmap_ln0       (specbitsmap  ) [ 000000]
specinterface_ln0     (specinterface) [ 000000]
specbitsmap_ln0       (specbitsmap  ) [ 000000]
specinterface_ln0     (specinterface) [ 000000]
specbitsmap_ln0       (specbitsmap  ) [ 000000]
specinterface_ln0     (specinterface) [ 000000]
specbitsmap_ln0       (specbitsmap  ) [ 000000]
specinterface_ln0     (specinterface) [ 000000]
call_ret              (call         ) [ 000000]
newret                (extractvalue ) [ 000000]
newret7               (extractvalue ) [ 000000]
newret8               (extractvalue ) [ 000000]
newret9               (extractvalue ) [ 000000]
newret1               (extractvalue ) [ 000000]
newret2               (extractvalue ) [ 000000]
newret3               (extractvalue ) [ 000000]
write_ln67            (write        ) [ 000000]
write_ln67            (write        ) [ 000000]
write_ln67            (write        ) [ 000000]
write_ln67            (write        ) [ 000000]
write_ln67            (write        ) [ 000000]
write_ln67            (write        ) [ 000000]
write_ln67            (write        ) [ 000000]
write_ln67            (write        ) [ 000000]
ret_ln69              (ret          ) [ 000000]
</LifeTime>

<model>

<comp_list>
<comp id="0" class="1000" name="dense_in_1_input">
<pin_list>
<pin id="1" dir="1" index="0" bw="1" slack="0"/>
</pin_list>
<bind>
<StgValue><ssdm name="dense_in_1_input"/></StgValue>
</bind>
</comp>

<comp id="2" class="1000" name="layer9_out_0">
<pin_list>
<pin id="3" dir="1" index="0" bw="1" slack="0"/>
</pin_list>
<bind>
<StgValue><ssdm name="layer9_out_0"/></StgValue>
</bind>
</comp>

<comp id="4" class="1000" name="layer9_out_1">
<pin_list>
<pin id="5" dir="1" index="0" bw="1" slack="0"/>
</pin_list>
<bind>
<StgValue><ssdm name="layer9_out_1"/></StgValue>
</bind>
</comp>

<comp id="6" class="1000" name="layer9_out_2">
<pin_list>
<pin id="7" dir="1" index="0" bw="1" slack="0"/>
</pin_list>
<bind>
<StgValue><ssdm name="layer9_out_2"/></StgValue>
</bind>
</comp>

<comp id="8" class="1000" name="layer9_out_3">
<pin_list>
<pin id="9" dir="1" index="0" bw="1" slack="0"/>
</pin_list>
<bind>
<StgValue><ssdm name="layer9_out_3"/></StgValue>
</bind>
</comp>

<comp id="10" class="1000" name="layer9_out_4">
<pin_list>
<pin id="11" dir="1" index="0" bw="1" slack="0"/>
</pin_list>
<bind>
<StgValue><ssdm name="layer9_out_4"/></StgValue>
</bind>
</comp>

<comp id="12" class="1000" name="layer9_out_5">
<pin_list>
<pin id="13" dir="1" index="0" bw="1" slack="0"/>
</pin_list>
<bind>
<StgValue><ssdm name="layer9_out_5"/></StgValue>
</bind>
</comp>

<comp id="14" class="1000" name="layer9_out_6">
<pin_list>
<pin id="15" dir="1" index="0" bw="1" slack="0"/>
</pin_list>
<bind>
<StgValue><ssdm name="layer9_out_6"/></StgValue>
</bind>
</comp>

<comp id="16" class="1000" name="layer9_out_7">
<pin_list>
<pin id="17" dir="1" index="0" bw="1" slack="0"/>
</pin_list>
<bind>
<StgValue><ssdm name="layer9_out_7"/></StgValue>
</bind>
</comp>

<comp id="18" class="1001" name="const_18">
<pin_list>
<pin id="19" dir="1" index="0" bw="1" slack="0"/>
</pin_list>
<bind>
<StgValue><ssdm name="_ssdm_op_Read.ap_vld.i32P0A"/></StgValue>
</bind>
</comp>

<comp id="20" class="1001" name="const_20">
<pin_list>
<pin id="21" dir="1" index="0" bw="1" slack="0"/>
</pin_list>
<bind>
<StgValue><ssdm name="dense_latency<ap_fixed<16, 6, 5, 3, 0>, ap_fixed<16, 6, 5, 3, 0>, config2>"/></StgValue>
</bind>
</comp>

<comp id="22" class="1001" name="const_22">
<pin_list>
<pin id="23" dir="1" index="0" bw="1" slack="0"/>
</pin_list>
<bind>
<StgValue><ssdm name="relu<ap_fixed<16, 6, 5, 3, 0>, ap_fixed<16, 6, 5, 3, 0>, relu_config3>"/></StgValue>
</bind>
</comp>

<comp id="24" class="1001" name="const_24">
<pin_list>
<pin id="25" dir="1" index="0" bw="1" slack="0"/>
</pin_list>
<bind>
<StgValue><ssdm name="dense_latency<ap_fixed<16, 6, 5, 3, 0>, ap_fixed<16, 6, 5, 3, 0>, config4>"/></StgValue>
</bind>
</comp>

<comp id="26" class="1001" name="const_26">
<pin_list>
<pin id="27" dir="1" index="0" bw="1" slack="0"/>
</pin_list>
<bind>
<StgValue><ssdm name="relu<ap_fixed<16, 6, 5, 3, 0>, ap_fixed<16, 6, 5, 3, 0>, relu_config5>"/></StgValue>
</bind>
</comp>

<comp id="28" class="1001" name="const_28">
<pin_list>
<pin id="29" dir="1" index="0" bw="1" slack="0"/>
</pin_list>
<bind>
<StgValue><ssdm name="dense_latency<ap_fixed<16, 6, 5, 3, 0>, ap_fixed<16, 6, 5, 3, 0>, config6>"/></StgValue>
</bind>
</comp>

<comp id="30" class="1001" name="const_30">
<pin_list>
<pin id="31" dir="1" index="0" bw="1" slack="0"/>
</pin_list>
<bind>
<StgValue><ssdm name="relu<ap_fixed<16, 6, 5, 3, 0>, ap_fixed<16, 6, 5, 3, 0>, relu_config7>"/></StgValue>
</bind>
</comp>

<comp id="32" class="1001" name="const_32">
<pin_list>
<pin id="33" dir="1" index="0" bw="1" slack="0"/>
</pin_list>
<bind>
<StgValue><ssdm name="dense_latency<ap_fixed<16, 6, 5, 3, 0>, ap_fixed<16, 6, 5, 3, 0>, config8>"/></StgValue>
</bind>
</comp>

<comp id="34" class="1001" name="const_34">
<pin_list>
<pin id="35" dir="1" index="0" bw="1" slack="2147483647"/>
</pin_list>
<bind>
<StgValue><ssdm name="_ssdm_op_SpecPipeline"/></StgValue>
</bind>
</comp>

<comp id="36" class="1001" name="const_36">
<pin_list>
<pin id="37" dir="1" index="0" bw="1" slack="2147483647"/>
</pin_list>
<bind>
<StgValue><ssdm name=""/></StgValue>
</bind>
</comp>

<comp id="38" class="1001" name="const_38">
<pin_list>
<pin id="39" dir="1" index="0" bw="1" slack="2147483647"/>
</pin_list>
<bind>
<StgValue><ssdm name=""/></StgValue>
</bind>
</comp>

<comp id="40" class="1001" name="const_40">
<pin_list>
<pin id="41" dir="1" index="0" bw="1" slack="2147483647"/>
</pin_list>
<bind>
<StgValue><ssdm name="empty_0"/></StgValue>
</bind>
</comp>

<comp id="42" class="1001" name="const_42">
<pin_list>
<pin id="43" dir="1" index="0" bw="1" slack="2147483647"/>
</pin_list>
<bind>
<StgValue><ssdm name="_ssdm_op_SpecTopModule"/></StgValue>
</bind>
</comp>

<comp id="44" class="1001" name="const_44">
<pin_list>
<pin id="45" dir="1" index="0" bw="1" slack="2147483647"/>
</pin_list>
<bind>
<StgValue><ssdm name="empty_2"/></StgValue>
</bind>
</comp>

<comp id="46" class="1001" name="const_46">
<pin_list>
<pin id="47" dir="1" index="0" bw="1" slack="2147483647"/>
</pin_list>
<bind>
<StgValue><ssdm name="_ssdm_op_SpecBitsMap"/></StgValue>
</bind>
</comp>

<comp id="48" class="1001" name="const_48">
<pin_list>
<pin id="49" dir="1" index="0" bw="1" slack="2147483647"/>
</pin_list>
<bind>
<StgValue><ssdm name="_ssdm_op_SpecInterface"/></StgValue>
</bind>
</comp>

<comp id="50" class="1001" name="const_50">
<pin_list>
<pin id="51" dir="1" index="0" bw="1" slack="2147483647"/>
</pin_list>
<bind>
<StgValue><ssdm name="empty"/></StgValue>
</bind>
</comp>

<comp id="52" class="1001" name="const_52">
<pin_list>
<pin id="53" dir="1" index="0" bw="1" slack="0"/>
</pin_list>
<bind>
<StgValue><ssdm name="relu<ap_fixed<16, 6, 5, 3, 0>, ap_fixed<16, 6, 5, 3, 0>, relu_config9>"/></StgValue>
</bind>
</comp>

<comp id="54" class="1001" name="const_54">
<pin_list>
<pin id="55" dir="1" index="0" bw="1" slack="0"/>
</pin_list>
<bind>
<StgValue><ssdm name="_ssdm_op_Write.ap_vld.i16P0A"/></StgValue>
</bind>
</comp>

<comp id="56" class="1001" name="const_56">
<pin_list>
<pin id="57" dir="1" index="0" bw="1" slack="0"/>
</pin_list>
<bind>
<StgValue><ssdm name=""/></StgValue>
</bind>
</comp>

<comp id="58" class="1004" name="dense_in_1_input_read_read_fu_58">
<pin_list>
<pin id="59" dir="0" index="0" bw="32" slack="0"/>
<pin id="60" dir="0" index="1" bw="32" slack="0"/>
<pin id="61" dir="1" index="2" bw="32" slack="0"/>
</pin_list>
<bind>
<opcode="read(1150) " fcode="read"/>
<opset="dense_in_1_input_read/1 "/>
</bind>
</comp>

<comp id="64" class="1004" name="write_ln67_write_fu_64">
<pin_list>
<pin id="65" dir="0" index="0" bw="0" slack="0"/>
<pin id="66" dir="0" index="1" bw="16" slack="0"/>
<pin id="67" dir="0" index="2" bw="16" slack="0"/>
<pin id="68" dir="1" index="3" bw="0" slack="2147483647"/>
</pin_list>
<bind>
<opcode="write(1151) " fcode="write"/>
<opset="write_ln67/5 "/>
</bind>
</comp>

<comp id="71" class="1004" name="write_ln67_write_fu_71">
<pin_list>
<pin id="72" dir="0" index="0" bw="0" slack="0"/>
<pin id="73" dir="0" index="1" bw="16" slack="0"/>
<pin id="74" dir="0" index="2" bw="16" slack="0"/>
<pin id="75" dir="1" index="3" bw="0" slack="2147483647"/>
</pin_list>
<bind>
<opcode="write(1151) " fcode="write"/>
<opset="write_ln67/5 "/>
</bind>
</comp>

<comp id="78" class="1004" name="write_ln67_write_fu_78">
<pin_list>
<pin id="79" dir="0" index="0" bw="0" slack="0"/>
<pin id="80" dir="0" index="1" bw="16" slack="0"/>
<pin id="81" dir="0" index="2" bw="1" slack="0"/>
<pin id="82" dir="1" index="3" bw="0" slack="2147483647"/>
</pin_list>
<bind>
<opcode="write(1151) " fcode="write"/>
<opset="write_ln67/5 "/>
</bind>
</comp>

<comp id="86" class="1004" name="write_ln67_write_fu_86">
<pin_list>
<pin id="87" dir="0" index="0" bw="0" slack="0"/>
<pin id="88" dir="0" index="1" bw="16" slack="0"/>
<pin id="89" dir="0" index="2" bw="16" slack="0"/>
<pin id="90" dir="1" index="3" bw="0" slack="2147483647"/>
</pin_list>
<bind>
<opcode="write(1151) " fcode="write"/>
<opset="write_ln67/5 "/>
</bind>
</comp>

<comp id="93" class="1004" name="write_ln67_write_fu_93">
<pin_list>
<pin id="94" dir="0" index="0" bw="0" slack="0"/>
<pin id="95" dir="0" index="1" bw="16" slack="0"/>
<pin id="96" dir="0" index="2" bw="16" slack="0"/>
<pin id="97" dir="1" index="3" bw="0" slack="2147483647"/>
</pin_list>
<bind>
<opcode="write(1151) " fcode="write"/>
<opset="write_ln67/5 "/>
</bind>
</comp>

<comp id="100" class="1004" name="write_ln67_write_fu_100">
<pin_list>
<pin id="101" dir="0" index="0" bw="0" slack="0"/>
<pin id="102" dir="0" index="1" bw="16" slack="0"/>
<pin id="103" dir="0" index="2" bw="16" slack="0"/>
<pin id="104" dir="1" index="3" bw="0" slack="2147483647"/>
</pin_list>
<bind>
<opcode="write(1151) " fcode="write"/>
<opset="write_ln67/5 "/>
</bind>
</comp>

<comp id="107" class="1004" name="write_ln67_write_fu_107">
<pin_list>
<pin id="108" dir="0" index="0" bw="0" slack="0"/>
<pin id="109" dir="0" index="1" bw="16" slack="0"/>
<pin id="110" dir="0" index="2" bw="16" slack="0"/>
<pin id="111" dir="1" index="3" bw="0" slack="2147483647"/>
</pin_list>
<bind>
<opcode="write(1151) " fcode="write"/>
<opset="write_ln67/5 "/>
</bind>
</comp>

<comp id="114" class="1004" name="write_ln67_write_fu_114">
<pin_list>
<pin id="115" dir="0" index="0" bw="0" slack="0"/>
<pin id="116" dir="0" index="1" bw="16" slack="0"/>
<pin id="117" dir="0" index="2" bw="16" slack="0"/>
<pin id="118" dir="1" index="3" bw="0" slack="2147483647"/>
</pin_list>
<bind>
<opcode="write(1151) " fcode="write"/>
<opset="write_ln67/5 "/>
</bind>
</comp>

<comp id="121" class="1004" name="call_ret1_dense_latency_ap_fixed_16_6_5_3_0_ap_fixed_16_6_5_3_0_config2_s_fu_121">
<pin_list>
<pin id="122" dir="0" index="0" bw="48" slack="0"/>
<pin id="123" dir="0" index="1" bw="32" slack="0"/>
<pin id="124" dir="1" index="2" bw="48" slack="0"/>
</pin_list>
<bind>
<opcode="call(48) " fcode="call"/>
<opset="call_ret1/1 "/>
</bind>
</comp>

<comp id="127" class="1004" name="call_ret2_relu_ap_fixed_16_6_5_3_0_ap_fixed_16_6_5_3_0_relu_config3_s_fu_127">
<pin_list>
<pin id="128" dir="0" index="0" bw="48" slack="0"/>
<pin id="129" dir="0" index="1" bw="16" slack="0"/>
<pin id="130" dir="0" index="2" bw="16" slack="0"/>
<pin id="131" dir="0" index="3" bw="16" slack="0"/>
<pin id="132" dir="1" index="4" bw="48" slack="0"/>
</pin_list>
<bind>
<opcode="call(48) " fcode="call"/>
<opset="call_ret2/1 "/>
</bind>
</comp>

<comp id="134" class="1004" name="call_ret3_dense_latency_ap_fixed_16_6_5_3_0_ap_fixed_16_6_5_3_0_config4_s_fu_134">
<pin_list>
<pin id="135" dir="0" index="0" bw="96" slack="0"/>
<pin id="136" dir="0" index="1" bw="16" slack="1"/>
<pin id="137" dir="0" index="2" bw="16" slack="1"/>
<pin id="138" dir="0" index="3" bw="16" slack="1"/>
<pin id="139" dir="1" index="4" bw="96" slack="0"/>
</pin_list>
<bind>
<opcode="call(48) " fcode="call"/>
<opset="call_ret3/2 "/>
</bind>
</comp>

<comp id="141" class="1004" name="call_ret4_relu_ap_fixed_16_6_5_3_0_ap_fixed_16_6_5_3_0_relu_config5_s_fu_141">
<pin_list>
<pin id="142" dir="0" index="0" bw="96" slack="0"/>
<pin id="143" dir="0" index="1" bw="16" slack="0"/>
<pin id="144" dir="0" index="2" bw="16" slack="0"/>
<pin id="145" dir="0" index="3" bw="16" slack="0"/>
<pin id="146" dir="0" index="4" bw="16" slack="0"/>
<pin id="147" dir="0" index="5" bw="16" slack="0"/>
<pin id="148" dir="0" index="6" bw="16" slack="0"/>
<pin id="149" dir="1" index="7" bw="96" slack="0"/>
</pin_list>
<bind>
<opcode="call(48) " fcode="call"/>
<opset="call_ret4/2 "/>
</bind>
</comp>

<comp id="151" class="1004" name="call_ret5_dense_latency_ap_fixed_16_6_5_3_0_ap_fixed_16_6_5_3_0_config6_s_fu_151">
<pin_list>
<pin id="152" dir="0" index="0" bw="96" slack="0"/>
<pin id="153" dir="0" index="1" bw="16" slack="1"/>
<pin id="154" dir="0" index="2" bw="16" slack="1"/>
<pin id="155" dir="0" index="3" bw="16" slack="1"/>
<pin id="156" dir="0" index="4" bw="16" slack="1"/>
<pin id="157" dir="0" index="5" bw="16" slack="1"/>
<pin id="158" dir="0" index="6" bw="16" slack="1"/>
<pin id="159" dir="1" index="7" bw="96" slack="0"/>
</pin_list>
<bind>
<opcode="call(48) " fcode="call"/>
<opset="call_ret5/3 "/>
</bind>
</comp>

<comp id="161" class="1004" name="call_ret6_relu_ap_fixed_16_6_5_3_0_ap_fixed_16_6_5_3_0_relu_config7_s_fu_161">
<pin_list>
<pin id="162" dir="0" index="0" bw="96" slack="0"/>
<pin id="163" dir="0" index="1" bw="16" slack="0"/>
<pin id="164" dir="0" index="2" bw="16" slack="0"/>
<pin id="165" dir="0" index="3" bw="16" slack="0"/>
<pin id="166" dir="0" index="4" bw="16" slack="0"/>
<pin id="167" dir="0" index="5" bw="16" slack="0"/>
<pin id="168" dir="0" index="6" bw="16" slack="0"/>
<pin id="169" dir="1" index="7" bw="96" slack="0"/>
</pin_list>
<bind>
<opcode="call(48) " fcode="call"/>
<opset="call_ret6/3 "/>
</bind>
</comp>

<comp id="171" class="1004" name="call_ret7_dense_latency_ap_fixed_16_6_5_3_0_ap_fixed_16_6_5_3_0_config8_s_fu_171">
<pin_list>
<pin id="172" dir="0" index="0" bw="112" slack="0"/>
<pin id="173" dir="0" index="1" bw="16" slack="1"/>
<pin id="174" dir="0" index="2" bw="16" slack="1"/>
<pin id="175" dir="0" index="3" bw="16" slack="1"/>
<pin id="176" dir="0" index="4" bw="16" slack="1"/>
<pin id="177" dir="0" index="5" bw="16" slack="1"/>
<pin id="178" dir="0" index="6" bw="16" slack="1"/>
<pin id="179" dir="1" index="7" bw="112" slack="0"/>
</pin_list>
<bind>
<opcode="call(48) " fcode="call"/>
<opset="call_ret7/4 "/>
</bind>
</comp>

<comp id="181" class="1004" name="call_ret_relu_ap_fixed_16_6_5_3_0_ap_fixed_16_6_5_3_0_relu_config9_s_fu_181">
<pin_list>
<pin id="182" dir="0" index="0" bw="112" slack="0"/>
<pin id="183" dir="0" index="1" bw="16" slack="1"/>
<pin id="184" dir="0" index="2" bw="16" slack="1"/>
<pin id="185" dir="0" index="3" bw="16" slack="1"/>
<pin id="186" dir="0" index="4" bw="16" slack="1"/>
<pin id="187" dir="0" index="5" bw="16" slack="1"/>
<pin id="188" dir="0" index="6" bw="16" slack="1"/>
<pin id="189" dir="0" index="7" bw="16" slack="1"/>
<pin id="190" dir="1" index="8" bw="112" slack="0"/>
</pin_list>
<bind>
<opcode="call(48) " fcode="call"/>
<opset="call_ret/5 "/>
</bind>
</comp>

<comp id="192" class="1004" name="layer2_out_fu_192">
<pin_list>
<pin id="193" dir="0" index="0" bw="48" slack="0"/>
<pin id="194" dir="1" index="1" bw="16" slack="0"/>
</pin_list>
<bind>
<opcode="extractvalue(56) " fcode="extractvalue"/>
<opset="layer2_out/1 "/>
</bind>
</comp>

<comp id="197" class="1004" name="layer2_out_1_fu_197">
<pin_list>
<pin id="198" dir="0" index="0" bw="48" slack="0"/>
<pin id="199" dir="1" index="1" bw="16" slack="0"/>
</pin_list>
<bind>
<opcode="extractvalue(56) " fcode="extractvalue"/>
<opset="layer2_out_1/1 "/>
</bind>
</comp>

<comp id="202" class="1004" name="layer2_out_2_fu_202">
<pin_list>
<pin id="203" dir="0" index="0" bw="48" slack="0"/>
<pin id="204" dir="1" index="1" bw="16" slack="0"/>
</pin_list>
<bind>
<opcode="extractvalue(56) " fcode="extractvalue"/>
<opset="layer2_out_2/1 "/>
</bind>
</comp>

<comp id="207" class="1004" name="layer3_out_fu_207">
<pin_list>
<pin id="208" dir="0" index="0" bw="48" slack="0"/>
<pin id="209" dir="1" index="1" bw="16" slack="1"/>
</pin_list>
<bind>
<opcode="extractvalue(56) " fcode="extractvalue"/>
<opset="layer3_out/1 "/>
</bind>
</comp>

<comp id="211" class="1004" name="layer3_out_1_fu_211">
<pin_list>
<pin id="212" dir="0" index="0" bw="48" slack="0"/>
<pin id="213" dir="1" index="1" bw="16" slack="1"/>
</pin_list>
<bind>
<opcode="extractvalue(56) " fcode="extractvalue"/>
<opset="layer3_out_1/1 "/>
</bind>
</comp>

<comp id="215" class="1004" name="layer3_out_2_fu_215">
<pin_list>
<pin id="216" dir="0" index="0" bw="48" slack="0"/>
<pin id="217" dir="1" index="1" bw="16" slack="1"/>
</pin_list>
<bind>
<opcode="extractvalue(56) " fcode="extractvalue"/>
<opset="layer3_out_2/1 "/>
</bind>
</comp>

<comp id="219" class="1004" name="layer4_out_fu_219">
<pin_list>
<pin id="220" dir="0" index="0" bw="96" slack="0"/>
<pin id="221" dir="1" index="1" bw="16" slack="0"/>
</pin_list>
<bind>
<opcode="extractvalue(56) " fcode="extractvalue"/>
<opset="layer4_out/2 "/>
</bind>
</comp>

<comp id="224" class="1004" name="layer4_out_1_fu_224">
<pin_list>
<pin id="225" dir="0" index="0" bw="96" slack="0"/>
<pin id="226" dir="1" index="1" bw="16" slack="0"/>
</pin_list>
<bind>
<opcode="extractvalue(56) " fcode="extractvalue"/>
<opset="layer4_out_1/2 "/>
</bind>
</comp>

<comp id="229" class="1004" name="layer4_out_2_fu_229">
<pin_list>
<pin id="230" dir="0" index="0" bw="96" slack="0"/>
<pin id="231" dir="1" index="1" bw="16" slack="0"/>
</pin_list>
<bind>
<opcode="extractvalue(56) " fcode="extractvalue"/>
<opset="layer4_out_2/2 "/>
</bind>
</comp>

<comp id="234" class="1004" name="layer4_out_3_fu_234">
<pin_list>
<pin id="235" dir="0" index="0" bw="96" slack="0"/>
<pin id="236" dir="1" index="1" bw="16" slack="0"/>
</pin_list>
<bind>
<opcode="extractvalue(56) " fcode="extractvalue"/>
<opset="layer4_out_3/2 "/>
</bind>
</comp>

<comp id="239" class="1004" name="layer4_out_4_fu_239">
<pin_list>
<pin id="240" dir="0" index="0" bw="96" slack="0"/>
<pin id="241" dir="1" index="1" bw="16" slack="0"/>
</pin_list>
<bind>
<opcode="extractvalue(56) " fcode="extractvalue"/>
<opset="layer4_out_4/2 "/>
</bind>
</comp>

<comp id="244" class="1004" name="layer4_out_5_fu_244">
<pin_list>
<pin id="245" dir="0" index="0" bw="96" slack="0"/>
<pin id="246" dir="1" index="1" bw="16" slack="0"/>
</pin_list>
<bind>
<opcode="extractvalue(56) " fcode="extractvalue"/>
<opset="layer4_out_5/2 "/>
</bind>
</comp>

<comp id="249" class="1004" name="layer5_out_fu_249">
<pin_list>
<pin id="250" dir="0" index="0" bw="96" slack="0"/>
<pin id="251" dir="1" index="1" bw="16" slack="1"/>
</pin_list>
<bind>
<opcode="extractvalue(56) " fcode="extractvalue"/>
<opset="layer5_out/2 "/>
</bind>
</comp>

<comp id="253" class="1004" name="layer5_out_1_fu_253">
<pin_list>
<pin id="254" dir="0" index="0" bw="96" slack="0"/>
<pin id="255" dir="1" index="1" bw="16" slack="1"/>
</pin_list>
<bind>
<opcode="extractvalue(56) " fcode="extractvalue"/>
<opset="layer5_out_1/2 "/>
</bind>
</comp>

<comp id="257" class="1004" name="layer5_out_2_fu_257">
<pin_list>
<pin id="258" dir="0" index="0" bw="96" slack="0"/>
<pin id="259" dir="1" index="1" bw="16" slack="1"/>
</pin_list>
<bind>
<opcode="extractvalue(56) " fcode="extractvalue"/>
<opset="layer5_out_2/2 "/>
</bind>
</comp>

<comp id="261" class="1004" name="layer5_out_3_fu_261">
<pin_list>
<pin id="262" dir="0" index="0" bw="96" slack="0"/>
<pin id="263" dir="1" index="1" bw="16" slack="1"/>
</pin_list>
<bind>
<opcode="extractvalue(56) " fcode="extractvalue"/>
<opset="layer5_out_3/2 "/>
</bind>
</comp>

<comp id="265" class="1004" name="layer5_out_4_fu_265">
<pin_list>
<pin id="266" dir="0" index="0" bw="96" slack="0"/>
<pin id="267" dir="1" index="1" bw="16" slack="1"/>
</pin_list>
<bind>
<opcode="extractvalue(56) " fcode="extractvalue"/>
<opset="layer5_out_4/2 "/>
</bind>
</comp>

<comp id="269" class="1004" name="layer5_out_5_fu_269">
<pin_list>
<pin id="270" dir="0" index="0" bw="96" slack="0"/>
<pin id="271" dir="1" index="1" bw="16" slack="1"/>
</pin_list>
<bind>
<opcode="extractvalue(56) " fcode="extractvalue"/>
<opset="layer5_out_5/2 "/>
</bind>
</comp>

<comp id="273" class="1004" name="layer6_out_fu_273">
<pin_list>
<pin id="274" dir="0" index="0" bw="96" slack="0"/>
<pin id="275" dir="1" index="1" bw="16" slack="0"/>
</pin_list>
<bind>
<opcode="extractvalue(56) " fcode="extractvalue"/>
<opset="layer6_out/3 "/>
</bind>
</comp>

<comp id="278" class="1004" name="layer6_out_1_fu_278">
<pin_list>
<pin id="279" dir="0" index="0" bw="96" slack="0"/>
<pin id="280" dir="1" index="1" bw="16" slack="0"/>
</pin_list>
<bind>
<opcode="extractvalue(56) " fcode="extractvalue"/>
<opset="layer6_out_1/3 "/>
</bind>
</comp>

<comp id="283" class="1004" name="layer6_out_2_fu_283">
<pin_list>
<pin id="284" dir="0" index="0" bw="96" slack="0"/>
<pin id="285" dir="1" index="1" bw="16" slack="0"/>
</pin_list>
<bind>
<opcode="extractvalue(56) " fcode="extractvalue"/>
<opset="layer6_out_2/3 "/>
</bind>
</comp>

<comp id="288" class="1004" name="layer6_out_3_fu_288">
<pin_list>
<pin id="289" dir="0" index="0" bw="96" slack="0"/>
<pin id="290" dir="1" index="1" bw="16" slack="0"/>
</pin_list>
<bind>
<opcode="extractvalue(56) " fcode="extractvalue"/>
<opset="layer6_out_3/3 "/>
</bind>
</comp>

<comp id="293" class="1004" name="layer6_out_4_fu_293">
<pin_list>
<pin id="294" dir="0" index="0" bw="96" slack="0"/>
<pin id="295" dir="1" index="1" bw="16" slack="0"/>
</pin_list>
<bind>
<opcode="extractvalue(56) " fcode="extractvalue"/>
<opset="layer6_out_4/3 "/>
</bind>
</comp>

<comp id="298" class="1004" name="layer6_out_5_fu_298">
<pin_list>
<pin id="299" dir="0" index="0" bw="96" slack="0"/>
<pin id="300" dir="1" index="1" bw="16" slack="0"/>
</pin_list>
<bind>
<opcode="extractvalue(56) " fcode="extractvalue"/>
<opset="layer6_out_5/3 "/>
</bind>
</comp>

<comp id="303" class="1004" name="layer7_out_fu_303">
<pin_list>
<pin id="304" dir="0" index="0" bw="96" slack="0"/>
<pin id="305" dir="1" index="1" bw="16" slack="1"/>
</pin_list>
<bind>
<opcode="extractvalue(56) " fcode="extractvalue"/>
<opset="layer7_out/3 "/>
</bind>
</comp>

<comp id="307" class="1004" name="layer7_out_1_fu_307">
<pin_list>
<pin id="308" dir="0" index="0" bw="96" slack="0"/>
<pin id="309" dir="1" index="1" bw="16" slack="1"/>
</pin_list>
<bind>
<opcode="extractvalue(56) " fcode="extractvalue"/>
<opset="layer7_out_1/3 "/>
</bind>
</comp>

<comp id="311" class="1004" name="layer7_out_2_fu_311">
<pin_list>
<pin id="312" dir="0" index="0" bw="96" slack="0"/>
<pin id="313" dir="1" index="1" bw="16" slack="1"/>
</pin_list>
<bind>
<opcode="extractvalue(56) " fcode="extractvalue"/>
<opset="layer7_out_2/3 "/>
</bind>
</comp>

<comp id="315" class="1004" name="layer7_out_3_fu_315">
<pin_list>
<pin id="316" dir="0" index="0" bw="96" slack="0"/>
<pin id="317" dir="1" index="1" bw="16" slack="1"/>
</pin_list>
<bind>
<opcode="extractvalue(56) " fcode="extractvalue"/>
<opset="layer7_out_3/3 "/>
</bind>
</comp>

<comp id="319" class="1004" name="layer7_out_4_fu_319">
<pin_list>
<pin id="320" dir="0" index="0" bw="96" slack="0"/>
<pin id="321" dir="1" index="1" bw="16" slack="1"/>
</pin_list>
<bind>
<opcode="extractvalue(56) " fcode="extractvalue"/>
<opset="layer7_out_4/3 "/>
</bind>
</comp>

<comp id="323" class="1004" name="layer7_out_5_fu_323">
<pin_list>
<pin id="324" dir="0" index="0" bw="96" slack="0"/>
<pin id="325" dir="1" index="1" bw="16" slack="1"/>
</pin_list>
<bind>
<opcode="extractvalue(56) " fcode="extractvalue"/>
<opset="layer7_out_5/3 "/>
</bind>
</comp>

<comp id="327" class="1004" name="layer8_out_fu_327">
<pin_list>
<pin id="328" dir="0" index="0" bw="112" slack="0"/>
<pin id="329" dir="1" index="1" bw="16" slack="1"/>
</pin_list>
<bind>
<opcode="extractvalue(56) " fcode="extractvalue"/>
<opset="layer8_out/4 "/>
</bind>
</comp>

<comp id="331" class="1004" name="layer8_out_1_fu_331">
<pin_list>
<pin id="332" dir="0" index="0" bw="112" slack="0"/>
<pin id="333" dir="1" index="1" bw="16" slack="1"/>
</pin_list>
<bind>
<opcode="extractvalue(56) " fcode="extractvalue"/>
<opset="layer8_out_1/4 "/>
</bind>
</comp>

<comp id="335" class="1004" name="layer8_out_2_fu_335">
<pin_list>
<pin id="336" dir="0" index="0" bw="112" slack="0"/>
<pin id="337" dir="1" index="1" bw="16" slack="1"/>
</pin_list>
<bind>
<opcode="extractvalue(56) " fcode="extractvalue"/>
<opset="layer8_out_2/4 "/>
</bind>
</comp>

<comp id="339" class="1004" name="layer8_out_3_fu_339">
<pin_list>
<pin id="340" dir="0" index="0" bw="112" slack="0"/>
<pin id="341" dir="1" index="1" bw="16" slack="1"/>
</pin_list>
<bind>
<opcode="extractvalue(56) " fcode="extractvalue"/>
<opset="layer8_out_3/4 "/>
</bind>
</comp>

<comp id="343" class="1004" name="layer8_out_4_fu_343">
<pin_list>
<pin id="344" dir="0" index="0" bw="112" slack="0"/>
<pin id="345" dir="1" index="1" bw="16" slack="1"/>
</pin_list>
<bind>
<opcode="extractvalue(56) " fcode="extractvalue"/>
<opset="layer8_out_4/4 "/>
</bind>
</comp>

<comp id="347" class="1004" name="layer8_out_5_fu_347">
<pin_list>
<pin id="348" dir="0" index="0" bw="112" slack="0"/>
<pin id="349" dir="1" index="1" bw="16" slack="1"/>
</pin_list>
<bind>
<opcode="extractvalue(56) " fcode="extractvalue"/>
<opset="layer8_out_5/4 "/>
</bind>
</comp>

<comp id="351" class="1004" name="layer8_out_6_fu_351">
<pin_list>
<pin id="352" dir="0" index="0" bw="112" slack="0"/>
<pin id="353" dir="1" index="1" bw="16" slack="1"/>
</pin_list>
<bind>
<opcode="extractvalue(56) " fcode="extractvalue"/>
<opset="layer8_out_6/4 "/>
</bind>
</comp>

<comp id="355" class="1004" name="newret_fu_355">
<pin_list>
<pin id="356" dir="0" index="0" bw="112" slack="0"/>
<pin id="357" dir="1" index="1" bw="16" slack="0"/>
</pin_list>
<bind>
<opcode="extractvalue(56) " fcode="extractvalue"/>
<opset="newret/5 "/>
</bind>
</comp>

<comp id="360" class="1004" name="newret7_fu_360">
<pin_list>
<pin id="361" dir="0" index="0" bw="112" slack="0"/>
<pin id="362" dir="1" index="1" bw="16" slack="0"/>
</pin_list>
<bind>
<opcode="extractvalue(56) " fcode="extractvalue"/>
<opset="newret7/5 "/>
</bind>
</comp>

<comp id="365" class="1004" name="newret8_fu_365">
<pin_list>
<pin id="366" dir="0" index="0" bw="112" slack="0"/>
<pin id="367" dir="1" index="1" bw="16" slack="0"/>
</pin_list>
<bind>
<opcode="extractvalue(56) " fcode="extractvalue"/>
<opset="newret8/5 "/>
</bind>
</comp>

<comp id="370" class="1004" name="newret9_fu_370">
<pin_list>
<pin id="371" dir="0" index="0" bw="112" slack="0"/>
<pin id="372" dir="1" index="1" bw="16" slack="0"/>
</pin_list>
<bind>
<opcode="extractvalue(56) " fcode="extractvalue"/>
<opset="newret9/5 "/>
</bind>
</comp>

<comp id="375" class="1004" name="newret1_fu_375">
<pin_list>
<pin id="376" dir="0" index="0" bw="112" slack="0"/>
<pin id="377" dir="1" index="1" bw="16" slack="0"/>
</pin_list>
<bind>
<opcode="extractvalue(56) " fcode="extractvalue"/>
<opset="newret1/5 "/>
</bind>
</comp>

<comp id="380" class="1004" name="newret2_fu_380">
<pin_list>
<pin id="381" dir="0" index="0" bw="112" slack="0"/>
<pin id="382" dir="1" index="1" bw="16" slack="0"/>
</pin_list>
<bind>
<opcode="extractvalue(56) " fcode="extractvalue"/>
<opset="newret2/5 "/>
</bind>
</comp>

<comp id="385" class="1004" name="newret3_fu_385">
<pin_list>
<pin id="386" dir="0" index="0" bw="112" slack="0"/>
<pin id="387" dir="1" index="1" bw="16" slack="0"/>
</pin_list>
<bind>
<opcode="extractvalue(56) " fcode="extractvalue"/>
<opset="newret3/5 "/>
</bind>
</comp>

<comp id="390" class="1005" name="layer3_out_reg_390">
<pin_list>
<pin id="391" dir="0" index="0" bw="16" slack="1"/>
<pin id="392" dir="1" index="1" bw="16" slack="1"/>
</pin_list>
<bind>
<opset="layer3_out "/>
</bind>
</comp>

<comp id="395" class="1005" name="layer3_out_1_reg_395">
<pin_list>
<pin id="396" dir="0" index="0" bw="16" slack="1"/>
<pin id="397" dir="1" index="1" bw="16" slack="1"/>
</pin_list>
<bind>
<opset="layer3_out_1 "/>
</bind>
</comp>

<comp id="400" class="1005" name="layer3_out_2_reg_400">
<pin_list>
<pin id="401" dir="0" index="0" bw="16" slack="1"/>
<pin id="402" dir="1" index="1" bw="16" slack="1"/>
</pin_list>
<bind>
<opset="layer3_out_2 "/>
</bind>
</comp>

<comp id="405" class="1005" name="layer5_out_reg_405">
<pin_list>
<pin id="406" dir="0" index="0" bw="16" slack="1"/>
<pin id="407" dir="1" index="1" bw="16" slack="1"/>
</pin_list>
<bind>
<opset="layer5_out "/>
</bind>
</comp>

<comp id="410" class="1005" name="layer5_out_1_reg_410">
<pin_list>
<pin id="411" dir="0" index="0" bw="16" slack="1"/>
<pin id="412" dir="1" index="1" bw="16" slack="1"/>
</pin_list>
<bind>
<opset="layer5_out_1 "/>
</bind>
</comp>

<comp id="415" class="1005" name="layer5_out_2_reg_415">
<pin_list>
<pin id="416" dir="0" index="0" bw="16" slack="1"/>
<pin id="417" dir="1" index="1" bw="16" slack="1"/>
</pin_list>
<bind>
<opset="layer5_out_2 "/>
</bind>
</comp>

<comp id="420" class="1005" name="layer5_out_3_reg_420">
<pin_list>
<pin id="421" dir="0" index="0" bw="16" slack="1"/>
<pin id="422" dir="1" index="1" bw="16" slack="1"/>
</pin_list>
<bind>
<opset="layer5_out_3 "/>
</bind>
</comp>

<comp id="425" class="1005" name="layer5_out_4_reg_425">
<pin_list>
<pin id="426" dir="0" index="0" bw="16" slack="1"/>
<pin id="427" dir="1" index="1" bw="16" slack="1"/>
</pin_list>
<bind>
<opset="layer5_out_4 "/>
</bind>
</comp>

<comp id="430" class="1005" name="layer5_out_5_reg_430">
<pin_list>
<pin id="431" dir="0" index="0" bw="16" slack="1"/>
<pin id="432" dir="1" index="1" bw="16" slack="1"/>
</pin_list>
<bind>
<opset="layer5_out_5 "/>
</bind>
</comp>

<comp id="435" class="1005" name="layer7_out_reg_435">
<pin_list>
<pin id="436" dir="0" index="0" bw="16" slack="1"/>
<pin id="437" dir="1" index="1" bw="16" slack="1"/>
</pin_list>
<bind>
<opset="layer7_out "/>
</bind>
</comp>

<comp id="440" class="1005" name="layer7_out_1_reg_440">
<pin_list>
<pin id="441" dir="0" index="0" bw="16" slack="1"/>
<pin id="442" dir="1" index="1" bw="16" slack="1"/>
</pin_list>
<bind>
<opset="layer7_out_1 "/>
</bind>
</comp>

<comp id="445" class="1005" name="layer7_out_2_reg_445">
<pin_list>
<pin id="446" dir="0" index="0" bw="16" slack="1"/>
<pin id="447" dir="1" index="1" bw="16" slack="1"/>
</pin_list>
<bind>
<opset="layer7_out_2 "/>
</bind>
</comp>

<comp id="450" class="1005" name="layer7_out_3_reg_450">
<pin_list>
<pin id="451" dir="0" index="0" bw="16" slack="1"/>
<pin id="452" dir="1" index="1" bw="16" slack="1"/>
</pin_list>
<bind>
<opset="layer7_out_3 "/>
</bind>
</comp>

<comp id="455" class="1005" name="layer7_out_4_reg_455">
<pin_list>
<pin id="456" dir="0" index="0" bw="16" slack="1"/>
<pin id="457" dir="1" index="1" bw="16" slack="1"/>
</pin_list>
<bind>
<opset="layer7_out_4 "/>
</bind>
</comp>

<comp id="460" class="1005" name="layer7_out_5_reg_460">
<pin_list>
<pin id="461" dir="0" index="0" bw="16" slack="1"/>
<pin id="462" dir="1" index="1" bw="16" slack="1"/>
</pin_list>
<bind>
<opset="layer7_out_5 "/>
</bind>
</comp>

<comp id="465" class="1005" name="layer8_out_reg_465">
<pin_list>
<pin id="466" dir="0" index="0" bw="16" slack="1"/>
<pin id="467" dir="1" index="1" bw="16" slack="1"/>
</pin_list>
<bind>
<opset="layer8_out "/>
</bind>
</comp>

<comp id="470" class="1005" name="layer8_out_1_reg_470">
<pin_list>
<pin id="471" dir="0" index="0" bw="16" slack="1"/>
<pin id="472" dir="1" index="1" bw="16" slack="1"/>
</pin_list>
<bind>
<opset="layer8_out_1 "/>
</bind>
</comp>

<comp id="475" class="1005" name="layer8_out_2_reg_475">
<pin_list>
<pin id="476" dir="0" index="0" bw="16" slack="1"/>
<pin id="477" dir="1" index="1" bw="16" slack="1"/>
</pin_list>
<bind>
<opset="layer8_out_2 "/>
</bind>
</comp>

<comp id="480" class="1005" name="layer8_out_3_reg_480">
<pin_list>
<pin id="481" dir="0" index="0" bw="16" slack="1"/>
<pin id="482" dir="1" index="1" bw="16" slack="1"/>
</pin_list>
<bind>
<opset="layer8_out_3 "/>
</bind>
</comp>

<comp id="485" class="1005" name="layer8_out_4_reg_485">
<pin_list>
<pin id="486" dir="0" index="0" bw="16" slack="1"/>
<pin id="487" dir="1" index="1" bw="16" slack="1"/>
</pin_list>
<bind>
<opset="layer8_out_4 "/>
</bind>
</comp>

<comp id="490" class="1005" name="layer8_out_5_reg_490">
<pin_list>
<pin id="491" dir="0" index="0" bw="16" slack="1"/>
<pin id="492" dir="1" index="1" bw="16" slack="1"/>
</pin_list>
<bind>
<opset="layer8_out_5 "/>
</bind>
</comp>

<comp id="495" class="1005" name="layer8_out_6_reg_495">
<pin_list>
<pin id="496" dir="0" index="0" bw="16" slack="1"/>
<pin id="497" dir="1" index="1" bw="16" slack="1"/>
</pin_list>
<bind>
<opset="layer8_out_6 "/>
</bind>
</comp>

</comp_list>

<net_list>
<net id="62"><net_src comp="18" pin="0"/><net_sink comp="58" pin=0"/></net>

<net id="63"><net_src comp="0" pin="0"/><net_sink comp="58" pin=1"/></net>

<net id="69"><net_src comp="54" pin="0"/><net_sink comp="64" pin=0"/></net>

<net id="70"><net_src comp="2" pin="0"/><net_sink comp="64" pin=1"/></net>

<net id="76"><net_src comp="54" pin="0"/><net_sink comp="71" pin=0"/></net>

<net id="77"><net_src comp="4" pin="0"/><net_sink comp="71" pin=1"/></net>

<net id="83"><net_src comp="54" pin="0"/><net_sink comp="78" pin=0"/></net>

<net id="84"><net_src comp="6" pin="0"/><net_sink comp="78" pin=1"/></net>

<net id="85"><net_src comp="56" pin="0"/><net_sink comp="78" pin=2"/></net>

<net id="91"><net_src comp="54" pin="0"/><net_sink comp="86" pin=0"/></net>

<net id="92"><net_src comp="8" pin="0"/><net_sink comp="86" pin=1"/></net>

<net id="98"><net_src comp="54" pin="0"/><net_sink comp="93" pin=0"/></net>

<net id="99"><net_src comp="10" pin="0"/><net_sink comp="93" pin=1"/></net>

<net id="105"><net_src comp="54" pin="0"/><net_sink comp="100" pin=0"/></net>

<net id="106"><net_src comp="12" pin="0"/><net_sink comp="100" pin=1"/></net>

<net id="112"><net_src comp="54" pin="0"/><net_sink comp="107" pin=0"/></net>

<net id="113"><net_src comp="14" pin="0"/><net_sink comp="107" pin=1"/></net>

<net id="119"><net_src comp="54" pin="0"/><net_sink comp="114" pin=0"/></net>

<net id="120"><net_src comp="16" pin="0"/><net_sink comp="114" pin=1"/></net>

<net id="125"><net_src comp="20" pin="0"/><net_sink comp="121" pin=0"/></net>

<net id="126"><net_src comp="58" pin="2"/><net_sink comp="121" pin=1"/></net>

<net id="133"><net_src comp="22" pin="0"/><net_sink comp="127" pin=0"/></net>

<net id="140"><net_src comp="24" pin="0"/><net_sink comp="134" pin=0"/></net>

<net id="150"><net_src comp="26" pin="0"/><net_sink comp="141" pin=0"/></net>

<net id="160"><net_src comp="28" pin="0"/><net_sink comp="151" pin=0"/></net>

<net id="170"><net_src comp="30" pin="0"/><net_sink comp="161" pin=0"/></net>

<net id="180"><net_src comp="32" pin="0"/><net_sink comp="171" pin=0"/></net>

<net id="191"><net_src comp="52" pin="0"/><net_sink comp="181" pin=0"/></net>

<net id="195"><net_src comp="121" pin="2"/><net_sink comp="192" pin=0"/></net>

<net id="196"><net_src comp="192" pin="1"/><net_sink comp="127" pin=1"/></net>

<net id="200"><net_src comp="121" pin="2"/><net_sink comp="197" pin=0"/></net>

<net id="201"><net_src comp="197" pin="1"/><net_sink comp="127" pin=2"/></net>

<net id="205"><net_src comp="121" pin="2"/><net_sink comp="202" pin=0"/></net>

<net id="206"><net_src comp="202" pin="1"/><net_sink comp="127" pin=3"/></net>

<net id="210"><net_src comp="127" pin="4"/><net_sink comp="207" pin=0"/></net>

<net id="214"><net_src comp="127" pin="4"/><net_sink comp="211" pin=0"/></net>

<net id="218"><net_src comp="127" pin="4"/><net_sink comp="215" pin=0"/></net>

<net id="222"><net_src comp="134" pin="4"/><net_sink comp="219" pin=0"/></net>

<net id="223"><net_src comp="219" pin="1"/><net_sink comp="141" pin=1"/></net>

<net id="227"><net_src comp="134" pin="4"/><net_sink comp="224" pin=0"/></net>

<net id="228"><net_src comp="224" pin="1"/><net_sink comp="141" pin=2"/></net>

<net id="232"><net_src comp="134" pin="4"/><net_sink comp="229" pin=0"/></net>

<net id="233"><net_src comp="229" pin="1"/><net_sink comp="141" pin=3"/></net>

<net id="237"><net_src comp="134" pin="4"/><net_sink comp="234" pin=0"/></net>

<net id="238"><net_src comp="234" pin="1"/><net_sink comp="141" pin=4"/></net>

<net id="242"><net_src comp="134" pin="4"/><net_sink comp="239" pin=0"/></net>

<net id="243"><net_src comp="239" pin="1"/><net_sink comp="141" pin=5"/></net>

<net id="247"><net_src comp="134" pin="4"/><net_sink comp="244" pin=0"/></net>

<net id="248"><net_src comp="244" pin="1"/><net_sink comp="141" pin=6"/></net>

<net id="252"><net_src comp="141" pin="7"/><net_sink comp="249" pin=0"/></net>

<net id="256"><net_src comp="141" pin="7"/><net_sink comp="253" pin=0"/></net>

<net id="260"><net_src comp="141" pin="7"/><net_sink comp="257" pin=0"/></net>

<net id="264"><net_src comp="141" pin="7"/><net_sink comp="261" pin=0"/></net>

<net id="268"><net_src comp="141" pin="7"/><net_sink comp="265" pin=0"/></net>

<net id="272"><net_src comp="141" pin="7"/><net_sink comp="269" pin=0"/></net>

<net id="276"><net_src comp="151" pin="7"/><net_sink comp="273" pin=0"/></net>

<net id="277"><net_src comp="273" pin="1"/><net_sink comp="161" pin=1"/></net>

<net id="281"><net_src comp="151" pin="7"/><net_sink comp="278" pin=0"/></net>

<net id="282"><net_src comp="278" pin="1"/><net_sink comp="161" pin=2"/></net>

<net id="286"><net_src comp="151" pin="7"/><net_sink comp="283" pin=0"/></net>

<net id="287"><net_src comp="283" pin="1"/><net_sink comp="161" pin=3"/></net>

<net id="291"><net_src comp="151" pin="7"/><net_sink comp="288" pin=0"/></net>

<net id="292"><net_src comp="288" pin="1"/><net_sink comp="161" pin=4"/></net>

<net id="296"><net_src comp="151" pin="7"/><net_sink comp="293" pin=0"/></net>

<net id="297"><net_src comp="293" pin="1"/><net_sink comp="161" pin=5"/></net>

<net id="301"><net_src comp="151" pin="7"/><net_sink comp="298" pin=0"/></net>

<net id="302"><net_src comp="298" pin="1"/><net_sink comp="161" pin=6"/></net>

<net id="306"><net_src comp="161" pin="7"/><net_sink comp="303" pin=0"/></net>

<net id="310"><net_src comp="161" pin="7"/><net_sink comp="307" pin=0"/></net>

<net id="314"><net_src comp="161" pin="7"/><net_sink comp="311" pin=0"/></net>

<net id="318"><net_src comp="161" pin="7"/><net_sink comp="315" pin=0"/></net>

<net id="322"><net_src comp="161" pin="7"/><net_sink comp="319" pin=0"/></net>

<net id="326"><net_src comp="161" pin="7"/><net_sink comp="323" pin=0"/></net>

<net id="330"><net_src comp="171" pin="7"/><net_sink comp="327" pin=0"/></net>

<net id="334"><net_src comp="171" pin="7"/><net_sink comp="331" pin=0"/></net>

<net id="338"><net_src comp="171" pin="7"/><net_sink comp="335" pin=0"/></net>

<net id="342"><net_src comp="171" pin="7"/><net_sink comp="339" pin=0"/></net>

<net id="346"><net_src comp="171" pin="7"/><net_sink comp="343" pin=0"/></net>

<net id="350"><net_src comp="171" pin="7"/><net_sink comp="347" pin=0"/></net>

<net id="354"><net_src comp="171" pin="7"/><net_sink comp="351" pin=0"/></net>

<net id="358"><net_src comp="181" pin="8"/><net_sink comp="355" pin=0"/></net>

<net id="359"><net_src comp="355" pin="1"/><net_sink comp="64" pin=2"/></net>

<net id="363"><net_src comp="181" pin="8"/><net_sink comp="360" pin=0"/></net>

<net id="364"><net_src comp="360" pin="1"/><net_sink comp="71" pin=2"/></net>

<net id="368"><net_src comp="181" pin="8"/><net_sink comp="365" pin=0"/></net>

<net id="369"><net_src comp="365" pin="1"/><net_sink comp="86" pin=2"/></net>

<net id="373"><net_src comp="181" pin="8"/><net_sink comp="370" pin=0"/></net>

<net id="374"><net_src comp="370" pin="1"/><net_sink comp="93" pin=2"/></net>

<net id="378"><net_src comp="181" pin="8"/><net_sink comp="375" pin=0"/></net>

<net id="379"><net_src comp="375" pin="1"/><net_sink comp="100" pin=2"/></net>

<net id="383"><net_src comp="181" pin="8"/><net_sink comp="380" pin=0"/></net>

<net id="384"><net_src comp="380" pin="1"/><net_sink comp="107" pin=2"/></net>

<net id="388"><net_src comp="181" pin="8"/><net_sink comp="385" pin=0"/></net>

<net id="389"><net_src comp="385" pin="1"/><net_sink comp="114" pin=2"/></net>

<net id="393"><net_src comp="207" pin="1"/><net_sink comp="390" pin=0"/></net>

<net id="394"><net_src comp="390" pin="1"/><net_sink comp="134" pin=1"/></net>

<net id="398"><net_src comp="211" pin="1"/><net_sink comp="395" pin=0"/></net>

<net id="399"><net_src comp="395" pin="1"/><net_sink comp="134" pin=2"/></net>

<net id="403"><net_src comp="215" pin="1"/><net_sink comp="400" pin=0"/></net>

<net id="404"><net_src comp="400" pin="1"/><net_sink comp="134" pin=3"/></net>

<net id="408"><net_src comp="249" pin="1"/><net_sink comp="405" pin=0"/></net>

<net id="409"><net_src comp="405" pin="1"/><net_sink comp="151" pin=1"/></net>

<net id="413"><net_src comp="253" pin="1"/><net_sink comp="410" pin=0"/></net>

<net id="414"><net_src comp="410" pin="1"/><net_sink comp="151" pin=2"/></net>

<net id="418"><net_src comp="257" pin="1"/><net_sink comp="415" pin=0"/></net>

<net id="419"><net_src comp="415" pin="1"/><net_sink comp="151" pin=3"/></net>

<net id="423"><net_src comp="261" pin="1"/><net_sink comp="420" pin=0"/></net>

<net id="424"><net_src comp="420" pin="1"/><net_sink comp="151" pin=4"/></net>

<net id="428"><net_src comp="265" pin="1"/><net_sink comp="425" pin=0"/></net>

<net id="429"><net_src comp="425" pin="1"/><net_sink comp="151" pin=5"/></net>

<net id="433"><net_src comp="269" pin="1"/><net_sink comp="430" pin=0"/></net>

<net id="434"><net_src comp="430" pin="1"/><net_sink comp="151" pin=6"/></net>

<net id="438"><net_src comp="303" pin="1"/><net_sink comp="435" pin=0"/></net>

<net id="439"><net_src comp="435" pin="1"/><net_sink comp="171" pin=1"/></net>

<net id="443"><net_src comp="307" pin="1"/><net_sink comp="440" pin=0"/></net>

<net id="444"><net_src comp="440" pin="1"/><net_sink comp="171" pin=2"/></net>

<net id="448"><net_src comp="311" pin="1"/><net_sink comp="445" pin=0"/></net>

<net id="449"><net_src comp="445" pin="1"/><net_sink comp="171" pin=3"/></net>

<net id="453"><net_src comp="315" pin="1"/><net_sink comp="450" pin=0"/></net>

<net id="454"><net_src comp="450" pin="1"/><net_sink comp="171" pin=4"/></net>

<net id="458"><net_src comp="319" pin="1"/><net_sink comp="455" pin=0"/></net>

<net id="459"><net_src comp="455" pin="1"/><net_sink comp="171" pin=5"/></net>

<net id="463"><net_src comp="323" pin="1"/><net_sink comp="460" pin=0"/></net>

<net id="464"><net_src comp="460" pin="1"/><net_sink comp="171" pin=6"/></net>

<net id="468"><net_src comp="327" pin="1"/><net_sink comp="465" pin=0"/></net>

<net id="469"><net_src comp="465" pin="1"/><net_sink comp="181" pin=1"/></net>

<net id="473"><net_src comp="331" pin="1"/><net_sink comp="470" pin=0"/></net>

<net id="474"><net_src comp="470" pin="1"/><net_sink comp="181" pin=2"/></net>

<net id="478"><net_src comp="335" pin="1"/><net_sink comp="475" pin=0"/></net>

<net id="479"><net_src comp="475" pin="1"/><net_sink comp="181" pin=3"/></net>

<net id="483"><net_src comp="339" pin="1"/><net_sink comp="480" pin=0"/></net>

<net id="484"><net_src comp="480" pin="1"/><net_sink comp="181" pin=4"/></net>

<net id="488"><net_src comp="343" pin="1"/><net_sink comp="485" pin=0"/></net>

<net id="489"><net_src comp="485" pin="1"/><net_sink comp="181" pin=5"/></net>

<net id="493"><net_src comp="347" pin="1"/><net_sink comp="490" pin=0"/></net>

<net id="494"><net_src comp="490" pin="1"/><net_sink comp="181" pin=6"/></net>

<net id="498"><net_src comp="351" pin="1"/><net_sink comp="495" pin=0"/></net>

<net id="499"><net_src comp="495" pin="1"/><net_sink comp="181" pin=7"/></net>

</net_list>

</model> 
---------------- Datapath Model END ------------------

* FSMD analyzer results:
  - Output states:
	Port: layer9_out_0 | {5 }
	Port: layer9_out_1 | {5 }
	Port: layer9_out_2 | {5 }
	Port: layer9_out_3 | {5 }
	Port: layer9_out_4 | {5 }
	Port: layer9_out_5 | {5 }
	Port: layer9_out_6 | {5 }
	Port: layer9_out_7 | {5 }
 - Input state : 
	Port: myproject : dense_in_1_input | {1 }
  - Chain level:
	State 1
		layer2_out : 1
		layer2_out_1 : 1
		layer2_out_2 : 1
		call_ret2 : 2
		layer3_out : 3
		layer3_out_1 : 3
		layer3_out_2 : 3
	State 2
		layer4_out : 1
		layer4_out_1 : 1
		layer4_out_2 : 1
		layer4_out_3 : 1
		layer4_out_4 : 1
		layer4_out_5 : 1
		call_ret4 : 2
		layer5_out : 3
		layer5_out_1 : 3
		layer5_out_2 : 3
		layer5_out_3 : 3
		layer5_out_4 : 3
		layer5_out_5 : 3
	State 3
		layer6_out : 1
		layer6_out_1 : 1
		layer6_out_2 : 1
		layer6_out_3 : 1
		layer6_out_4 : 1
		layer6_out_5 : 1
		call_ret6 : 2
		layer7_out : 3
		layer7_out_1 : 3
		layer7_out_2 : 3
		layer7_out_3 : 3
		layer7_out_4 : 3
		layer7_out_5 : 3
	State 4
		layer8_out : 1
		layer8_out_1 : 1
		layer8_out_2 : 1
		layer8_out_3 : 1
		layer8_out_4 : 1
		layer8_out_5 : 1
		layer8_out_6 : 1
	State 5
		newret : 1
		newret7 : 1
		newret8 : 1
		newret9 : 1
		newret1 : 1
		newret2 : 1
		newret3 : 1
		write_ln67 : 2
		write_ln67 : 2
		write_ln67 : 2
		write_ln67 : 2
		write_ln67 : 2
		write_ln67 : 2
		write_ln67 : 2


============================================================
+ Verbose Summary: Datapath Resource usage 
============================================================

* Functional unit list:
|----------|----------------------------------------------------------------------------------|---------|---------|---------|
| Operation|                                  Functional Unit                                 |   DSP   |    FF   |   LUT   |
|----------|----------------------------------------------------------------------------------|---------|---------|---------|
|          | call_ret1_dense_latency_ap_fixed_16_6_5_3_0_ap_fixed_16_6_5_3_0_config2_s_fu_121 |    3    |    0    |    84   |
|          |   call_ret2_relu_ap_fixed_16_6_5_3_0_ap_fixed_16_6_5_3_0_relu_config3_s_fu_127   |    0    |    0    |   114   |
|          | call_ret3_dense_latency_ap_fixed_16_6_5_3_0_ap_fixed_16_6_5_3_0_config4_s_fu_134 |    5    |    0    |   214   |
|   call   |   call_ret4_relu_ap_fixed_16_6_5_3_0_ap_fixed_16_6_5_3_0_relu_config5_s_fu_141   |    0    |    0    |   228   |
|          | call_ret5_dense_latency_ap_fixed_16_6_5_3_0_ap_fixed_16_6_5_3_0_config6_s_fu_151 |    9    |    0    |   252   |
|          |   call_ret6_relu_ap_fixed_16_6_5_3_0_ap_fixed_16_6_5_3_0_relu_config7_s_fu_161   |    0    |    0    |   228   |
|          | call_ret7_dense_latency_ap_fixed_16_6_5_3_0_ap_fixed_16_6_5_3_0_config8_s_fu_171 |    16   |    0    |   355   |
|          |    call_ret_relu_ap_fixed_16_6_5_3_0_ap_fixed_16_6_5_3_0_relu_config9_s_fu_181   |    0    |    0    |   266   |
|----------|----------------------------------------------------------------------------------|---------|---------|---------|
|   read   |                         dense_in_1_input_read_read_fu_58                         |    0    |    0    |    0    |
|----------|----------------------------------------------------------------------------------|---------|---------|---------|
|          |                              write_ln67_write_fu_64                              |    0    |    0    |    0    |
|          |                              write_ln67_write_fu_71                              |    0    |    0    |    0    |
|          |                              write_ln67_write_fu_78                              |    0    |    0    |    0    |
|   write  |                              write_ln67_write_fu_86                              |    0    |    0    |    0    |
|          |                              write_ln67_write_fu_93                              |    0    |    0    |    0    |
|          |                              write_ln67_write_fu_100                             |    0    |    0    |    0    |
|          |                              write_ln67_write_fu_107                             |    0    |    0    |    0    |
|          |                              write_ln67_write_fu_114                             |    0    |    0    |    0    |
|----------|----------------------------------------------------------------------------------|---------|---------|---------|
|          |                                 layer2_out_fu_192                                |    0    |    0    |    0    |
|          |                                layer2_out_1_fu_197                               |    0    |    0    |    0    |
|          |                                layer2_out_2_fu_202                               |    0    |    0    |    0    |
|          |                                 layer3_out_fu_207                                |    0    |    0    |    0    |
|          |                                layer3_out_1_fu_211                               |    0    |    0    |    0    |
|          |                                layer3_out_2_fu_215                               |    0    |    0    |    0    |
|          |                                 layer4_out_fu_219                                |    0    |    0    |    0    |
|          |                                layer4_out_1_fu_224                               |    0    |    0    |    0    |
|          |                                layer4_out_2_fu_229                               |    0    |    0    |    0    |
|          |                                layer4_out_3_fu_234                               |    0    |    0    |    0    |
|          |                                layer4_out_4_fu_239                               |    0    |    0    |    0    |
|          |                                layer4_out_5_fu_244                               |    0    |    0    |    0    |
|          |                                 layer5_out_fu_249                                |    0    |    0    |    0    |
|          |                                layer5_out_1_fu_253                               |    0    |    0    |    0    |
|          |                                layer5_out_2_fu_257                               |    0    |    0    |    0    |
|          |                                layer5_out_3_fu_261                               |    0    |    0    |    0    |
|          |                                layer5_out_4_fu_265                               |    0    |    0    |    0    |
|          |                                layer5_out_5_fu_269                               |    0    |    0    |    0    |
|          |                                 layer6_out_fu_273                                |    0    |    0    |    0    |
|          |                                layer6_out_1_fu_278                               |    0    |    0    |    0    |
|          |                                layer6_out_2_fu_283                               |    0    |    0    |    0    |
|extractvalue|                                layer6_out_3_fu_288                               |    0    |    0    |    0    |
|          |                                layer6_out_4_fu_293                               |    0    |    0    |    0    |
|          |                                layer6_out_5_fu_298                               |    0    |    0    |    0    |
|          |                                 layer7_out_fu_303                                |    0    |    0    |    0    |
|          |                                layer7_out_1_fu_307                               |    0    |    0    |    0    |
|          |                                layer7_out_2_fu_311                               |    0    |    0    |    0    |
|          |                                layer7_out_3_fu_315                               |    0    |    0    |    0    |
|          |                                layer7_out_4_fu_319                               |    0    |    0    |    0    |
|          |                                layer7_out_5_fu_323                               |    0    |    0    |    0    |
|          |                                 layer8_out_fu_327                                |    0    |    0    |    0    |
|          |                                layer8_out_1_fu_331                               |    0    |    0    |    0    |
|          |                                layer8_out_2_fu_335                               |    0    |    0    |    0    |
|          |                                layer8_out_3_fu_339                               |    0    |    0    |    0    |
|          |                                layer8_out_4_fu_343                               |    0    |    0    |    0    |
|          |                                layer8_out_5_fu_347                               |    0    |    0    |    0    |
|          |                                layer8_out_6_fu_351                               |    0    |    0    |    0    |
|          |                                   newret_fu_355                                  |    0    |    0    |    0    |
|          |                                  newret7_fu_360                                  |    0    |    0    |    0    |
|          |                                  newret8_fu_365                                  |    0    |    0    |    0    |
|          |                                  newret9_fu_370                                  |    0    |    0    |    0    |
|          |                                  newret1_fu_375                                  |    0    |    0    |    0    |
|          |                                  newret2_fu_380                                  |    0    |    0    |    0    |
|          |                                  newret3_fu_385                                  |    0    |    0    |    0    |
|----------|----------------------------------------------------------------------------------|---------|---------|---------|
|   Total  |                                                                                  |    33   |    0    |   1741  |
|----------|----------------------------------------------------------------------------------|---------|---------|---------|

Memories:
N/A

* Register list:
+--------------------+--------+
|                    |   FF   |
+--------------------+--------+
|layer3_out_1_reg_395|   16   |
|layer3_out_2_reg_400|   16   |
| layer3_out_reg_390 |   16   |
|layer5_out_1_reg_410|   16   |
|layer5_out_2_reg_415|   16   |
|layer5_out_3_reg_420|   16   |
|layer5_out_4_reg_425|   16   |
|layer5_out_5_reg_430|   16   |
| layer5_out_reg_405 |   16   |
|layer7_out_1_reg_440|   16   |
|layer7_out_2_reg_445|   16   |
|layer7_out_3_reg_450|   16   |
|layer7_out_4_reg_455|   16   |
|layer7_out_5_reg_460|   16   |
| layer7_out_reg_435 |   16   |
|layer8_out_1_reg_470|   16   |
|layer8_out_2_reg_475|   16   |
|layer8_out_3_reg_480|   16   |
|layer8_out_4_reg_485|   16   |
|layer8_out_5_reg_490|   16   |
|layer8_out_6_reg_495|   16   |
| layer8_out_reg_465 |   16   |
+--------------------+--------+
|        Total       |   352  |
+--------------------+--------+

* Multiplexer (MUX) list: 
|--------|------|------|------|--------|
|  Comp  |  Pin | Size |  BW  | S x BW |
|--------|------|------|------|--------|
|  Total |      |      |      |    0   |
|--------|------|------|------|--------|



* Summary:
+-----------+--------+--------+--------+
|           |   DSP  |   FF   |   LUT  |
+-----------+--------+--------+--------+
|  Function |   33   |    0   |  1741  |
|   Memory  |    -   |    -   |    -   |
|Multiplexer|    -   |    -   |    -   |
|  Register |    -   |   352  |    -   |
+-----------+--------+--------+--------+
|   Total   |   33   |   352  |  1741  |
+-----------+--------+--------+--------+
