

================================================================
== Vitis HLS Report for 'relu_ap_fixed_16_6_5_3_0_ap_fixed_16_6_5_3_0_relu_config7_s'
================================================================
* Date:           Thu Jun 22 09:34:20 2023

* Version:        2023.1 (Build 3854077 on May  4 2023)
* Project:        myproject_prj
* Solution:       solution1 (Vivado IP Flow Target)
* Product family: virtexuplus
* Target device:  xcu250-figd2104-2L-e


================================================================
== Performance Estimates
================================================================
+ Timing: 
    * Summary: 
    +--------+---------+----------+------------+
    |  Clock |  Target | Estimated| Uncertainty|
    +--------+---------+----------+------------+
    |ap_clk  |  5.00 ns|  1.078 ns|     0.62 ns|
    +--------+---------+----------+------------+

+ Latency: 
    * Summary: 
    +---------+---------+----------+----------+-----+-----+---------+
    |  Latency (cycles) |  Latency (absolute) |  Interval | Pipeline|
    |   min   |   max   |    min   |    max   | min | max |   Type  |
    +---------+---------+----------+----------+-----+-----+---------+
    |        0|        0|      0 ns|      0 ns|    1|    1|      yes|
    +---------+---------+----------+----------+-----+-----+---------+

    + Detail: 
        * Instance: 
        N/A

        * Loop: 
        N/A

============================================================
+ Verbose Summary: Synthesis Manager
============================================================
InlineROM: 1
ExposeGlobal: 0
============================================================
+ Verbose Summary: CDFG Model
============================================================
IsTopModel: 0
ResetActiveHigh: 1
IsCombinational: 0
IsDatapathOnly: 0
HasWiredReturn: 1
HasMFsm: 2
HasVarLatency: 0
IsPipeline: 1
IsRtlPipelined: 0
IsInstanceOverlapped: 0
IsDontTouch: 0
HasImplIP: 0
IsGatedGlobalClock: 0

+ Individual pipeline summary: 
  * Pipeline-0: initiation interval (II) = 1, depth = 1


============================================================
+ Verbose Summary: Schedule
============================================================
* Number of FSM states : 1
* Pipeline : 1
  Pipeline-0 : II = 1, D = 1, States = { 1 }
* Dataflow Pipeline: 0

* FSM state transitions: 
1 --> 

* FSM state operations: 

State 1 <SV = 0> <Delay = 1.07>
ST_1 : Operation 2 [1/1] (0.00ns)   --->   "%data_5_val_read = read i16 @_ssdm_op_Read.ap_auto.i16, i16 %data_5_val" [firmware/nnet_utils/nnet_activation.h:43]   --->   Operation 2 'read' 'data_5_val_read' <Predicate = true> <Delay = 0.00>
ST_1 : Operation 3 [1/1] (0.00ns)   --->   "%data_4_val_read = read i16 @_ssdm_op_Read.ap_auto.i16, i16 %data_4_val" [firmware/nnet_utils/nnet_activation.h:43]   --->   Operation 3 'read' 'data_4_val_read' <Predicate = true> <Delay = 0.00>
ST_1 : Operation 4 [1/1] (0.00ns)   --->   "%data_3_val_read = read i16 @_ssdm_op_Read.ap_auto.i16, i16 %data_3_val" [firmware/nnet_utils/nnet_activation.h:43]   --->   Operation 4 'read' 'data_3_val_read' <Predicate = true> <Delay = 0.00>
ST_1 : Operation 5 [1/1] (0.00ns)   --->   "%data_2_val_read = read i16 @_ssdm_op_Read.ap_auto.i16, i16 %data_2_val" [firmware/nnet_utils/nnet_activation.h:43]   --->   Operation 5 'read' 'data_2_val_read' <Predicate = true> <Delay = 0.00>
ST_1 : Operation 6 [1/1] (0.00ns)   --->   "%data_1_val_read = read i16 @_ssdm_op_Read.ap_auto.i16, i16 %data_1_val" [firmware/nnet_utils/nnet_activation.h:43]   --->   Operation 6 'read' 'data_1_val_read' <Predicate = true> <Delay = 0.00>
ST_1 : Operation 7 [1/1] (0.00ns)   --->   "%data_0_val_read = read i16 @_ssdm_op_Read.ap_auto.i16, i16 %data_0_val" [firmware/nnet_utils/nnet_activation.h:43]   --->   Operation 7 'read' 'data_0_val_read' <Predicate = true> <Delay = 0.00>
ST_1 : Operation 8 [1/1] (0.00ns)   --->   "%trunc_ln43 = trunc i16 %data_5_val_read" [firmware/nnet_utils/nnet_activation.h:43]   --->   Operation 8 'trunc' 'trunc_ln43' <Predicate = (icmp_ln45_11)> <Delay = 0.00>
ST_1 : Operation 9 [1/1] (0.00ns)   --->   "%trunc_ln43_7 = trunc i16 %data_4_val_read" [firmware/nnet_utils/nnet_activation.h:43]   --->   Operation 9 'trunc' 'trunc_ln43_7' <Predicate = (icmp_ln45_10)> <Delay = 0.00>
ST_1 : Operation 10 [1/1] (0.00ns)   --->   "%trunc_ln43_8 = trunc i16 %data_3_val_read" [firmware/nnet_utils/nnet_activation.h:43]   --->   Operation 10 'trunc' 'trunc_ln43_8' <Predicate = (icmp_ln45_9)> <Delay = 0.00>
ST_1 : Operation 11 [1/1] (0.00ns)   --->   "%trunc_ln43_9 = trunc i16 %data_2_val_read" [firmware/nnet_utils/nnet_activation.h:43]   --->   Operation 11 'trunc' 'trunc_ln43_9' <Predicate = (icmp_ln45_8)> <Delay = 0.00>
ST_1 : Operation 12 [1/1] (0.00ns)   --->   "%trunc_ln43_10 = trunc i16 %data_1_val_read" [firmware/nnet_utils/nnet_activation.h:43]   --->   Operation 12 'trunc' 'trunc_ln43_10' <Predicate = (icmp_ln45_7)> <Delay = 0.00>
ST_1 : Operation 13 [1/1] (0.00ns)   --->   "%trunc_ln43_11 = trunc i16 %data_0_val_read" [firmware/nnet_utils/nnet_activation.h:43]   --->   Operation 13 'trunc' 'trunc_ln43_11' <Predicate = (icmp_ln45)> <Delay = 0.00>
ST_1 : Operation 14 [1/1] (0.00ns)   --->   "%specpipeline_ln43 = specpipeline void @_ssdm_op_SpecPipeline, i32 4294967295, i32 0, i32 0, i32 0, void @empty_0" [firmware/nnet_utils/nnet_activation.h:43]   --->   Operation 14 'specpipeline' 'specpipeline_ln43' <Predicate = true> <Delay = 0.00>
ST_1 : Operation 15 [1/1] (0.78ns)   --->   "%icmp_ln45 = icmp_sgt  i16 %data_0_val_read, i16 0" [firmware/nnet_utils/nnet_activation.h:45]   --->   Operation 15 'icmp' 'icmp_ln45' <Predicate = true> <Delay = 0.78> <CoreInst = "Cmp">   --->   Core 9 'Cmp' <Latency = 0> <II = 1> <Delay = 0.78> <FuncUnit> <Opcode : 'icmp'> <InPorts = 2> <OutPorts = 1>
ST_1 : Operation 16 [1/1] (0.29ns)   --->   "%datareg = select i1 %icmp_ln45, i15 %trunc_ln43_11, i15 0" [firmware/nnet_utils/nnet_activation.h:45]   --->   Operation 16 'select' 'datareg' <Predicate = true> <Delay = 0.29> <CoreInst = "Sel">   --->   Core 73 'Sel' <Latency = 0> <II = 1> <Delay = 0.29> <FuncUnit> <Opcode : 'select'> <InPorts = 3> <OutPorts = 1>
ST_1 : Operation 17 [1/1] (0.00ns)   --->   "%zext_ln45 = zext i15 %datareg" [firmware/nnet_utils/nnet_activation.h:45]   --->   Operation 17 'zext' 'zext_ln45' <Predicate = true> <Delay = 0.00>
ST_1 : Operation 18 [1/1] (0.78ns)   --->   "%icmp_ln45_7 = icmp_sgt  i16 %data_1_val_read, i16 0" [firmware/nnet_utils/nnet_activation.h:45]   --->   Operation 18 'icmp' 'icmp_ln45_7' <Predicate = true> <Delay = 0.78> <CoreInst = "Cmp">   --->   Core 9 'Cmp' <Latency = 0> <II = 1> <Delay = 0.78> <FuncUnit> <Opcode : 'icmp'> <InPorts = 2> <OutPorts = 1>
ST_1 : Operation 19 [1/1] (0.29ns)   --->   "%datareg_7 = select i1 %icmp_ln45_7, i15 %trunc_ln43_10, i15 0" [firmware/nnet_utils/nnet_activation.h:45]   --->   Operation 19 'select' 'datareg_7' <Predicate = true> <Delay = 0.29> <CoreInst = "Sel">   --->   Core 73 'Sel' <Latency = 0> <II = 1> <Delay = 0.29> <FuncUnit> <Opcode : 'select'> <InPorts = 3> <OutPorts = 1>
ST_1 : Operation 20 [1/1] (0.00ns)   --->   "%zext_ln45_7 = zext i15 %datareg_7" [firmware/nnet_utils/nnet_activation.h:45]   --->   Operation 20 'zext' 'zext_ln45_7' <Predicate = true> <Delay = 0.00>
ST_1 : Operation 21 [1/1] (0.78ns)   --->   "%icmp_ln45_8 = icmp_sgt  i16 %data_2_val_read, i16 0" [firmware/nnet_utils/nnet_activation.h:45]   --->   Operation 21 'icmp' 'icmp_ln45_8' <Predicate = true> <Delay = 0.78> <CoreInst = "Cmp">   --->   Core 9 'Cmp' <Latency = 0> <II = 1> <Delay = 0.78> <FuncUnit> <Opcode : 'icmp'> <InPorts = 2> <OutPorts = 1>
ST_1 : Operation 22 [1/1] (0.29ns)   --->   "%datareg_8 = select i1 %icmp_ln45_8, i15 %trunc_ln43_9, i15 0" [firmware/nnet_utils/nnet_activation.h:45]   --->   Operation 22 'select' 'datareg_8' <Predicate = true> <Delay = 0.29> <CoreInst = "Sel">   --->   Core 73 'Sel' <Latency = 0> <II = 1> <Delay = 0.29> <FuncUnit> <Opcode : 'select'> <InPorts = 3> <OutPorts = 1>
ST_1 : Operation 23 [1/1] (0.00ns)   --->   "%zext_ln45_8 = zext i15 %datareg_8" [firmware/nnet_utils/nnet_activation.h:45]   --->   Operation 23 'zext' 'zext_ln45_8' <Predicate = true> <Delay = 0.00>
ST_1 : Operation 24 [1/1] (0.78ns)   --->   "%icmp_ln45_9 = icmp_sgt  i16 %data_3_val_read, i16 0" [firmware/nnet_utils/nnet_activation.h:45]   --->   Operation 24 'icmp' 'icmp_ln45_9' <Predicate = true> <Delay = 0.78> <CoreInst = "Cmp">   --->   Core 9 'Cmp' <Latency = 0> <II = 1> <Delay = 0.78> <FuncUnit> <Opcode : 'icmp'> <InPorts = 2> <OutPorts = 1>
ST_1 : Operation 25 [1/1] (0.29ns)   --->   "%datareg_9 = select i1 %icmp_ln45_9, i15 %trunc_ln43_8, i15 0" [firmware/nnet_utils/nnet_activation.h:45]   --->   Operation 25 'select' 'datareg_9' <Predicate = true> <Delay = 0.29> <CoreInst = "Sel">   --->   Core 73 'Sel' <Latency = 0> <II = 1> <Delay = 0.29> <FuncUnit> <Opcode : 'select'> <InPorts = 3> <OutPorts = 1>
ST_1 : Operation 26 [1/1] (0.00ns)   --->   "%zext_ln45_9 = zext i15 %datareg_9" [firmware/nnet_utils/nnet_activation.h:45]   --->   Operation 26 'zext' 'zext_ln45_9' <Predicate = true> <Delay = 0.00>
ST_1 : Operation 27 [1/1] (0.78ns)   --->   "%icmp_ln45_10 = icmp_sgt  i16 %data_4_val_read, i16 0" [firmware/nnet_utils/nnet_activation.h:45]   --->   Operation 27 'icmp' 'icmp_ln45_10' <Predicate = true> <Delay = 0.78> <CoreInst = "Cmp">   --->   Core 9 'Cmp' <Latency = 0> <II = 1> <Delay = 0.78> <FuncUnit> <Opcode : 'icmp'> <InPorts = 2> <OutPorts = 1>
ST_1 : Operation 28 [1/1] (0.29ns)   --->   "%datareg_10 = select i1 %icmp_ln45_10, i15 %trunc_ln43_7, i15 0" [firmware/nnet_utils/nnet_activation.h:45]   --->   Operation 28 'select' 'datareg_10' <Predicate = true> <Delay = 0.29> <CoreInst = "Sel">   --->   Core 73 'Sel' <Latency = 0> <II = 1> <Delay = 0.29> <FuncUnit> <Opcode : 'select'> <InPorts = 3> <OutPorts = 1>
ST_1 : Operation 29 [1/1] (0.00ns)   --->   "%zext_ln45_10 = zext i15 %datareg_10" [firmware/nnet_utils/nnet_activation.h:45]   --->   Operation 29 'zext' 'zext_ln45_10' <Predicate = true> <Delay = 0.00>
ST_1 : Operation 30 [1/1] (0.78ns)   --->   "%icmp_ln45_11 = icmp_sgt  i16 %data_5_val_read, i16 0" [firmware/nnet_utils/nnet_activation.h:45]   --->   Operation 30 'icmp' 'icmp_ln45_11' <Predicate = true> <Delay = 0.78> <CoreInst = "Cmp">   --->   Core 9 'Cmp' <Latency = 0> <II = 1> <Delay = 0.78> <FuncUnit> <Opcode : 'icmp'> <InPorts = 2> <OutPorts = 1>
ST_1 : Operation 31 [1/1] (0.29ns)   --->   "%datareg_11 = select i1 %icmp_ln45_11, i15 %trunc_ln43, i15 0" [firmware/nnet_utils/nnet_activation.h:45]   --->   Operation 31 'select' 'datareg_11' <Predicate = true> <Delay = 0.29> <CoreInst = "Sel">   --->   Core 73 'Sel' <Latency = 0> <II = 1> <Delay = 0.29> <FuncUnit> <Opcode : 'select'> <InPorts = 3> <OutPorts = 1>
ST_1 : Operation 32 [1/1] (0.00ns)   --->   "%zext_ln45_11 = zext i15 %datareg_11" [firmware/nnet_utils/nnet_activation.h:45]   --->   Operation 32 'zext' 'zext_ln45_11' <Predicate = true> <Delay = 0.00>
ST_1 : Operation 33 [1/1] (0.00ns)   --->   "%newret = insertvalue i96 <undef>, i16 %zext_ln45" [firmware/nnet_utils/nnet_activation.h:45]   --->   Operation 33 'insertvalue' 'newret' <Predicate = true> <Delay = 0.00>
ST_1 : Operation 34 [1/1] (0.00ns)   --->   "%newret2 = insertvalue i96 %newret, i16 %zext_ln45_7" [firmware/nnet_utils/nnet_activation.h:45]   --->   Operation 34 'insertvalue' 'newret2' <Predicate = true> <Delay = 0.00>
ST_1 : Operation 35 [1/1] (0.00ns)   --->   "%newret4 = insertvalue i96 %newret2, i16 %zext_ln45_8" [firmware/nnet_utils/nnet_activation.h:45]   --->   Operation 35 'insertvalue' 'newret4' <Predicate = true> <Delay = 0.00>
ST_1 : Operation 36 [1/1] (0.00ns)   --->   "%newret6 = insertvalue i96 %newret4, i16 %zext_ln45_9" [firmware/nnet_utils/nnet_activation.h:45]   --->   Operation 36 'insertvalue' 'newret6' <Predicate = true> <Delay = 0.00>
ST_1 : Operation 37 [1/1] (0.00ns)   --->   "%newret8 = insertvalue i96 %newret6, i16 %zext_ln45_10" [firmware/nnet_utils/nnet_activation.h:45]   --->   Operation 37 'insertvalue' 'newret8' <Predicate = true> <Delay = 0.00>
ST_1 : Operation 38 [1/1] (0.00ns)   --->   "%newret5 = insertvalue i96 %newret8, i16 %zext_ln45_11" [firmware/nnet_utils/nnet_activation.h:45]   --->   Operation 38 'insertvalue' 'newret5' <Predicate = true> <Delay = 0.00>
ST_1 : Operation 39 [1/1] (0.00ns)   --->   "%ret_ln45 = ret i96 %newret5" [firmware/nnet_utils/nnet_activation.h:45]   --->   Operation 39 'ret' 'ret_ln45' <Predicate = true> <Delay = 0.00>


============================================================
+ Verbose Summary: Timing violations
============================================================
Target clock period: 5.000ns, clock uncertainty: 0.625ns.

 <State 1>: 1.078ns
The critical path consists of the following:
	wire read operation ('data_0_val_read', firmware/nnet_utils/nnet_activation.h:43) on port 'data_0_val' (firmware/nnet_utils/nnet_activation.h:43) [12]  (0.000 ns)
	'icmp' operation ('icmp_ln45', firmware/nnet_utils/nnet_activation.h:45) [20]  (0.785 ns)
	'select' operation ('datareg', firmware/nnet_utils/nnet_activation.h:45) [21]  (0.292 ns)


============================================================
+ Verbose Summary: Binding
============================================================
N/A
* FSMD analyzer results:
  - Output states:
 - Input state : 
  - Chain level:
	State 1


============================================================
+ Verbose Summary: Datapath Resource usage 
============================================================
N/A
